#
# There is insufficient memory for the Java Runtime Environment to continue.
# Native memory allocation (malloc) failed to allocate 1213936 bytes for Chunk::new
# Possible reasons:
#   The system is out of physical RAM or swap space
#   The process is running with CompressedOops enabled, and the Java Heap may be blocking the growth of the native heap
# Possible solutions:
#   Reduce memory load on the system
#   Increase physical memory or swap space
#   Check if swap backing store is full
#   Decrease Java heap size (-Xmx/-Xms)
#   Decrease number of Java threads
#   Decrease Java thread stack sizes (-Xss)
#   Set larger code cache with -XX:ReservedCodeCacheSize=
#   JVM is running with Unscaled Compressed Oops mode in which the Java heap is
#     placed in the first 4GB address space. The Java Heap base address is the
#     maximum limit for the native heap growth. Please use -XX:HeapBaseMinAddress
#     to set the Java Heap base and to place the Java Heap above 4GB virtual address.
# This output file may be truncated or incomplete.
#
#  Out of Memory Error (./src/hotspot/share/memory/arena.cpp:197), pid=16668, tid=8568
#
# JRE version: OpenJDK Runtime Environment (11.0.11+9) (build 11.0.11+9-b60-7590822)
# Java VM: OpenJDK 64-Bit Server VM (11.0.11+9-b60-7590822, mixed mode, tiered, compressed oops, g1 gc, windows-amd64)
# No core dump will be written. Minidumps are not enabled by default on client versions of Windows
#

---------------  S U M M A R Y ------------

Command Line: --add-opens=java.base/java.util=ALL-UNNAMED --add-opens=java.base/java.lang=ALL-UNNAMED --add-opens=java.base/java.lang.invoke=ALL-UNNAMED --add-opens=java.base/java.util=ALL-UNNAMED --add-opens=java.prefs/java.util.prefs=ALL-UNNAMED --add-opens=java.prefs/java.util.prefs=ALL-UNNAMED --add-opens=java.base/java.nio.charset=ALL-UNNAMED --add-opens=java.base/java.net=ALL-UNNAMED --add-opens=java.base/java.util.concurrent.atomic=ALL-UNNAMED -Xmx2048m -Dfile.encoding=UTF-8 -Duser.country=ES -Duser.language=es -Duser.variant org.gradle.launcher.daemon.bootstrap.GradleDaemon 7.2

Host: 11th Gen Intel(R) Core(TM) i5-1145G7 @ 2.60GHz, 8 cores, 15G,  Windows 10 , 64 bit Build 19041 (10.0.19041.1645)
Time: Mon May  9 08:33:35 2022 Hora de verano romance elapsed time: 60.946841 seconds (0d 0h 1m 0s)

---------------  T H R E A D  ---------------

Current thread (0x0000020bee99e800):  JavaThread "C2 CompilerThread1" daemon [_thread_in_native, id=8568, stack(0x000000e9aed00000,0x000000e9aee00000)]


Current CompileTask:
C2:  60946 14732   !   4       org.gradle.api.internal.artifacts.transform.TransformingAsyncArtifactListener$TransformedArtifact::prepareInvocation (164 bytes)

Stack: [0x000000e9aed00000,0x000000e9aee00000]
Native frames: (J=compiled Java code, j=interpreted, Vv=VM code, C=native code)
V  [jvm.dll+0x5f214a]
V  [jvm.dll+0x726fb5]
V  [jvm.dll+0x7285cd]
V  [jvm.dll+0x728c83]
V  [jvm.dll+0x243278]
V  [jvm.dll+0xbc53c]
V  [jvm.dll+0xbca3c]
V  [jvm.dll+0x353e7d]
V  [jvm.dll+0x321893]
V  [jvm.dll+0x320d8a]
V  [jvm.dll+0x1fc1e2]
V  [jvm.dll+0x1fb3d4]
V  [jvm.dll+0x183d6c]
V  [jvm.dll+0x209a57]
V  [jvm.dll+0x2082a1]
V  [jvm.dll+0x6ef58f]
V  [jvm.dll+0x6e80b5]
V  [jvm.dll+0x5f1036]
C  [ucrtbase.dll+0x21bb2]
C  [KERNEL32.DLL+0x17034]
C  [ntdll.dll+0x52651]


---------------  P R O C E S S  ---------------

Threads class SMR info:
_java_thread_list=0x0000020becec0b40, length=133, elements={
0x0000020bcd813000, 0x0000020be850c000, 0x0000020be850e800, 0x0000020be8519800,
0x0000020be8567800, 0x0000020be8569800, 0x0000020be856a800, 0x0000020be85c3800,
0x0000020be85d6000, 0x0000020be86d8800, 0x0000020beabc9800, 0x0000020be9da1800,
0x0000020bea1ba800, 0x0000020beaa88000, 0x0000020bead1f800, 0x0000020bead01000,
0x0000020beacfb800, 0x0000020bead02000, 0x0000020beacfe000, 0x0000020beacfc000,
0x0000020beac64800, 0x0000020beac65800, 0x0000020beac60000, 0x0000020beac66800,
0x0000020beac67000, 0x0000020bee048800, 0x0000020bee047000, 0x0000020bee047800,
0x0000020bedef8800, 0x0000020bedef5000, 0x0000020bedef6800, 0x0000020bed05d800,
0x0000020bed05d000, 0x0000020bed05e800, 0x0000020bed05b800, 0x0000020bed05f800,
0x0000020bed060000, 0x0000020bed061000, 0x0000020bed062000, 0x0000020bed05c000,
0x0000020bed066800, 0x0000020bed062800, 0x0000020bed066000, 0x0000020bed067800,
0x0000020bed068800, 0x0000020bed069000, 0x0000020bed06a000, 0x0000020bed064800,
0x0000020bed065000, 0x0000020bee03c000, 0x0000020bee03f800, 0x0000020bee03e800,
0x0000020bee03d000, 0x0000020bee040800, 0x0000020bee03e000, 0x0000020bee03a800,
0x0000020bee041000, 0x0000020bee03b800, 0x0000020bee042000, 0x0000020bee046000,
0x0000020bee043000, 0x0000020bee045000, 0x0000020bee043800, 0x0000020bee044800,
0x0000020beac64000, 0x0000020beac61800, 0x0000020beac69800, 0x0000020beac6d800,
0x0000020beac69000, 0x0000020beac6a800, 0x0000020beac68000, 0x0000020beac6b000,
0x0000020beac6c000, 0x0000020beac6d000, 0x0000020beac6e800, 0x0000020bedef9000,
0x0000020bedef6000, 0x0000020bedefb800, 0x0000020bedef7800, 0x0000020bedefb000,
0x0000020beacfd000, 0x0000020beacff800, 0x0000020bead00000, 0x0000020beacfe800,
0x0000020bee8cb800, 0x0000020bee8cf800, 0x0000020bee8c9800, 0x0000020bee8cc000,
0x0000020bee8ce800, 0x0000020bee8cd000, 0x0000020bee8ce000, 0x0000020bee8d0000,
0x0000020bee8ca800, 0x0000020bee8d7000, 0x0000020bee8d3800, 0x0000020bee8d6000,
0x0000020bee8d1000, 0x0000020bee8d7800, 0x0000020bee8d5000, 0x0000020bee8d2000,
0x0000020bee8d8800, 0x0000020bee8d2800, 0x0000020bee8d4800, 0x0000020bf1f29800,
0x0000020bf1f2a000, 0x0000020bf1f2b000, 0x0000020bf1f2c800, 0x0000020bf1f2b800,
0x0000020bf1f27800, 0x0000020bf1f28800, 0x0000020bf1f27000, 0x0000020bf1f2d800,
0x0000020bedb43800, 0x0000020bedb45000, 0x0000020bedb46000, 0x0000020bedb47000,
0x0000020bedb42000, 0x0000020bedb44800, 0x0000020bedb41000, 0x0000020bedb47800,
0x0000020bedb42800, 0x0000020bf092f000, 0x0000020bee99e800, 0x0000020bf0930000,
0x0000020bf0931800, 0x0000020bf0930800, 0x0000020bf0933000, 0x0000020bf0934000,
0x0000020bf092e000, 0x0000020bf0932000, 0x0000020bf0934800, 0x0000020beab61800,
0x0000020be904a000
}

Java Threads: ( => current thread )
  0x0000020bcd813000 JavaThread "main" [_thread_blocked, id=17496, stack(0x000000e9a6a00000,0x000000e9a6b00000)]
  0x0000020be850c000 JavaThread "Reference Handler" daemon [_thread_blocked, id=10080, stack(0x000000e9a7100000,0x000000e9a7200000)]
  0x0000020be850e800 JavaThread "Finalizer" daemon [_thread_blocked, id=7884, stack(0x000000e9a7200000,0x000000e9a7300000)]
  0x0000020be8519800 JavaThread "Signal Dispatcher" daemon [_thread_blocked, id=14904, stack(0x000000e9a7300000,0x000000e9a7400000)]
  0x0000020be8567800 JavaThread "Attach Listener" daemon [_thread_blocked, id=18076, stack(0x000000e9a7400000,0x000000e9a7500000)]
  0x0000020be8569800 JavaThread "Service Thread" daemon [_thread_blocked, id=10640, stack(0x000000e9a7500000,0x000000e9a7600000)]
  0x0000020be856a800 JavaThread "C2 CompilerThread0" daemon [_thread_in_native, id=8508, stack(0x000000e9a7600000,0x000000e9a7700000)]
  0x0000020be85c3800 JavaThread "C1 CompilerThread0" daemon [_thread_blocked, id=7132, stack(0x000000e9a7700000,0x000000e9a7800000)]
  0x0000020be85d6000 JavaThread "Sweeper thread" daemon [_thread_blocked, id=2640, stack(0x000000e9a7800000,0x000000e9a7900000)]
  0x0000020be86d8800 JavaThread "Common-Cleaner" daemon [_thread_blocked, id=5340, stack(0x000000e9a7900000,0x000000e9a7a00000)]
  0x0000020beabc9800 JavaThread "Daemon health stats" [_thread_blocked, id=5808, stack(0x000000e9a8100000,0x000000e9a8200000)]
  0x0000020be9da1800 JavaThread "Incoming local TCP Connector on port 65184" [_thread_in_native, id=7284, stack(0x000000e9a8000000,0x000000e9a8100000)]
  0x0000020bea1ba800 JavaThread "Daemon periodic checks" [_thread_blocked, id=8160, stack(0x000000e9a8200000,0x000000e9a8300000)]
  0x0000020beaa88000 JavaThread "Daemon" [_thread_blocked, id=17196, stack(0x000000e9a8300000,0x000000e9a8400000)]
  0x0000020bead1f800 JavaThread "Daemon worker" [_thread_blocked, id=12756, stack(0x000000e9a8600000,0x000000e9a8700000)]
  0x0000020bead01000 JavaThread "Cache worker for journal cache (C:\Users\alvaro.albarracin\.gradle\caches\journal-1)" [_thread_blocked, id=16024, stack(0x000000e9a8b00000,0x000000e9a8c00000)]
  0x0000020beacfb800 JavaThread "File lock request listener" [_thread_in_native, id=4300, stack(0x000000e9a8c00000,0x000000e9a8d00000)]
  0x0000020bead02000 JavaThread "Cache worker for file hash cache (C:\Users\alvaro.albarracin\.gradle\caches\7.2\fileHashes)" [_thread_blocked, id=13620, stack(0x000000e9a8d00000,0x000000e9a8e00000)]
  0x0000020beacfe000 JavaThread "File watcher server" daemon [_thread_in_native, id=11248, stack(0x000000e9a9200000,0x000000e9a9300000)]
  0x0000020beacfc000 JavaThread "File watcher consumer" daemon [_thread_blocked, id=10384, stack(0x000000e9a9300000,0x000000e9a9400000)]
  0x0000020beac64800 JavaThread "Cache worker for execution history cache (C:\Users\alvaro.albarracin\.gradle\caches\7.2\executionHistory)" [_thread_blocked, id=2476, stack(0x000000e9a9700000,0x000000e9a9800000)]
  0x0000020beac65800 JavaThread "jar transforms" [_thread_blocked, id=12628, stack(0x000000e9a9900000,0x000000e9a9a00000)]
  0x0000020beac60000 JavaThread "Cache worker for file content cache (C:\Users\alvaro.albarracin\.gradle\caches\7.2\fileContent)" [_thread_blocked, id=3616, stack(0x000000e9a9a00000,0x000000e9a9b00000)]
  0x0000020beac66800 JavaThread "jar transforms Thread 2" [_thread_blocked, id=16508, stack(0x000000e9a9b00000,0x000000e9a9c00000)]
  0x0000020beac67000 JavaThread "jar transforms Thread 3" [_thread_blocked, id=7792, stack(0x000000e9a9d00000,0x000000e9a9e00000)]
  0x0000020bee048800 JavaThread "jar transforms Thread 4" [_thread_blocked, id=7760, stack(0x000000e9aef00000,0x000000e9af000000)]
  0x0000020bee047000 JavaThread "jar transforms Thread 5" [_thread_blocked, id=14444, stack(0x000000e9af000000,0x000000e9af100000)]
  0x0000020bee047800 JavaThread "jar transforms Thread 6" [_thread_blocked, id=17924, stack(0x000000e9af100000,0x000000e9af200000)]
  0x0000020bedef8800 JavaThread "jar transforms Thread 7" [_thread_blocked, id=14112, stack(0x000000e9af200000,0x000000e9af300000)]
  0x0000020bedef5000 JavaThread "jar transforms Thread 8" [_thread_blocked, id=4860, stack(0x000000e9af300000,0x000000e9af400000)]
  0x0000020bedef6800 JavaThread "Memory manager" [_thread_blocked, id=720, stack(0x000000e9af500000,0x000000e9af600000)]
  0x0000020bed05d800 JavaThread "Handler for socket connection from /127.0.0.1:65184 to /127.0.0.1:62867" [_thread_in_native, id=13472, stack(0x000000e9a6900000,0x000000e9a6a00000)]
  0x0000020bed05d000 JavaThread "Cancel handler" [_thread_blocked, id=7080, stack(0x000000e9a8400000,0x000000e9a8500000)]
  0x0000020bed05e800 JavaThread "Asynchronous log dispatcher for DefaultDaemonConnection: socket connection from /127.0.0.1:65184 to /127.0.0.1:62867" [_thread_blocked, id=5232, stack(0x000000e9a8500000,0x000000e9a8600000)]
  0x0000020bed05b800 JavaThread "Stdin handler" [_thread_blocked, id=9220, stack(0x000000e9a8700000,0x000000e9a8800000)]
  0x0000020bed05f800 JavaThread "Daemon client event forwarder" [_thread_blocked, id=15668, stack(0x000000e9a8800000,0x000000e9a8900000)]
  0x0000020bed060000 JavaThread "Cache worker for file hash cache (C:\Users\alvaro.albarracin\AndroidStudioProjects\ClimaApp\.gradle\7.2\fileHashes)" [_thread_blocked, id=17292, stack(0x000000e9a8900000,0x000000e9a8a00000)]
  0x0000020bed061000 JavaThread "Cache worker for checksums cache (C:\Users\alvaro.albarracin\AndroidStudioProjects\ClimaApp\.gradle\checksums)" [_thread_blocked, id=10548, stack(0x000000e9a8a00000,0x000000e9a8b00000)]
  0x0000020bed062000 JavaThread "Cache worker for cache directory md-supplier (C:\Users\alvaro.albarracin\.gradle\caches\7.2\md-supplier)" [_thread_blocked, id=14980, stack(0x000000e9a9100000,0x000000e9a9200000)]
  0x0000020bed05c000 JavaThread "Cache worker for cache directory md-rule (C:\Users\alvaro.albarracin\.gradle\caches\7.2\md-rule)" [_thread_blocked, id=13024, stack(0x000000e9a9400000,0x000000e9a9500000)]
  0x0000020bed066800 JavaThread "Cache worker for dependencies-accessors (C:\Users\alvaro.albarracin\AndroidStudioProjects\ClimaApp\.gradle\7.2\dependencies-accessors)" [_thread_blocked, id=2948, stack(0x000000e9a9500000,0x000000e9a9600000)]
  0x0000020bed062800 JavaThread "Cache worker for Build Output Cleanup Cache (C:\Users\alvaro.albarracin\AndroidStudioProjects\ClimaApp\.gradle\buildOutputCleanup)" [_thread_blocked, id=15016, stack(0x000000e9a9600000,0x000000e9a9700000)]
  0x0000020bed066000 JavaThread "Unconstrained build operations" [_thread_blocked, id=14116, stack(0x000000e9a9800000,0x000000e9a9900000)]
  0x0000020bed067800 JavaThread "Unconstrained build operations Thread 2" [_thread_blocked, id=11244, stack(0x000000e9a9c00000,0x000000e9a9d00000)]
  0x0000020bed068800 JavaThread "Unconstrained build operations Thread 3" [_thread_blocked, id=1604, stack(0x000000e9a9f00000,0x000000e9aa000000)]
  0x0000020bed069000 JavaThread "Unconstrained build operations Thread 4" [_thread_blocked, id=3208, stack(0x000000e9aa000000,0x000000e9aa100000)]
  0x0000020bed06a000 JavaThread "Unconstrained build operations Thread 5" [_thread_blocked, id=272, stack(0x000000e9aa100000,0x000000e9aa200000)]
  0x0000020bed064800 JavaThread "Unconstrained build operations Thread 6" [_thread_blocked, id=16536, stack(0x000000e9aa200000,0x000000e9aa300000)]
  0x0000020bed065000 JavaThread "Unconstrained build operations Thread 7" [_thread_blocked, id=7844, stack(0x000000e9aa300000,0x000000e9aa400000)]
  0x0000020bee03c000 JavaThread "Unconstrained build operations Thread 8" [_thread_blocked, id=9756, stack(0x000000e9aa400000,0x000000e9aa500000)]
  0x0000020bee03f800 JavaThread "Unconstrained build operations Thread 9" [_thread_blocked, id=15940, stack(0x000000e9aa500000,0x000000e9aa600000)]
  0x0000020bee03e800 JavaThread "Unconstrained build operations Thread 10" [_thread_blocked, id=16184, stack(0x000000e9aa600000,0x000000e9aa700000)]
  0x0000020bee03d000 JavaThread "Unconstrained build operations Thread 11" [_thread_blocked, id=17684, stack(0x000000e9aa700000,0x000000e9aa800000)]
  0x0000020bee040800 JavaThread "Unconstrained build operations Thread 12" [_thread_blocked, id=16812, stack(0x000000e9aa800000,0x000000e9aa900000)]
  0x0000020bee03e000 JavaThread "Unconstrained build operations Thread 13" [_thread_blocked, id=13036, stack(0x000000e9aa900000,0x000000e9aaa00000)]
  0x0000020bee03a800 JavaThread "Unconstrained build operations Thread 14" [_thread_blocked, id=13888, stack(0x000000e9aaa00000,0x000000e9aab00000)]
  0x0000020bee041000 JavaThread "Unconstrained build operations Thread 15" [_thread_blocked, id=4164, stack(0x000000e9aab00000,0x000000e9aac00000)]
  0x0000020bee03b800 JavaThread "Unconstrained build operations Thread 16" [_thread_blocked, id=7500, stack(0x000000e9aac00000,0x000000e9aad00000)]
  0x0000020bee042000 JavaThread "Unconstrained build operations Thread 17" [_thread_blocked, id=11852, stack(0x000000e9aad00000,0x000000e9aae00000)]
  0x0000020bee046000 JavaThread "Unconstrained build operations Thread 18" [_thread_blocked, id=7108, stack(0x000000e9aae00000,0x000000e9aaf00000)]
  0x0000020bee043000 JavaThread "Unconstrained build operations Thread 19" [_thread_blocked, id=8132, stack(0x000000e9aaf00000,0x000000e9ab000000)]
  0x0000020bee045000 JavaThread "Unconstrained build operations Thread 20" [_thread_blocked, id=10064, stack(0x000000e9ab000000,0x000000e9ab100000)]
  0x0000020bee043800 JavaThread "Unconstrained build operations Thread 21" [_thread_blocked, id=13280, stack(0x000000e9ab100000,0x000000e9ab200000)]
  0x0000020bee044800 JavaThread "Unconstrained build operations Thread 22" [_thread_blocked, id=10328, stack(0x000000e9ab200000,0x000000e9ab300000)]
  0x0000020beac64000 JavaThread "Unconstrained build operations Thread 23" [_thread_blocked, id=10404, stack(0x000000e9ab300000,0x000000e9ab400000)]
  0x0000020beac61800 JavaThread "Unconstrained build operations Thread 24" [_thread_blocked, id=17820, stack(0x000000e9ab400000,0x000000e9ab500000)]
  0x0000020beac69800 JavaThread "Unconstrained build operations Thread 25" [_thread_blocked, id=14012, stack(0x000000e9ab500000,0x000000e9ab600000)]
  0x0000020beac6d800 JavaThread "Unconstrained build operations Thread 26" [_thread_blocked, id=2936, stack(0x000000e9ab600000,0x000000e9ab700000)]
  0x0000020beac69000 JavaThread "Unconstrained build operations Thread 27" [_thread_blocked, id=5284, stack(0x000000e9ab700000,0x000000e9ab800000)]
  0x0000020beac6a800 JavaThread "Unconstrained build operations Thread 28" [_thread_blocked, id=12228, stack(0x000000e9ab800000,0x000000e9ab900000)]
  0x0000020beac68000 JavaThread "Unconstrained build operations Thread 29" [_thread_blocked, id=8452, stack(0x000000e9ab900000,0x000000e9aba00000)]
  0x0000020beac6b000 JavaThread "Unconstrained build operations Thread 30" [_thread_blocked, id=1780, stack(0x000000e9aba00000,0x000000e9abb00000)]
  0x0000020beac6c000 JavaThread "Unconstrained build operations Thread 31" [_thread_blocked, id=2504, stack(0x000000e9abb00000,0x000000e9abc00000)]
  0x0000020beac6d000 JavaThread "Unconstrained build operations Thread 32" [_thread_blocked, id=17276, stack(0x000000e9abc00000,0x000000e9abd00000)]
  0x0000020beac6e800 JavaThread "Unconstrained build operations Thread 33" [_thread_blocked, id=2388, stack(0x000000e9abd00000,0x000000e9abe00000)]
  0x0000020bedef9000 JavaThread "Unconstrained build operations Thread 34" [_thread_blocked, id=17548, stack(0x000000e9abe00000,0x000000e9abf00000)]
  0x0000020bedef6000 JavaThread "Unconstrained build operations Thread 35" [_thread_blocked, id=14164, stack(0x000000e9abf00000,0x000000e9ac000000)]
  0x0000020bedefb800 JavaThread "Unconstrained build operations Thread 36" [_thread_blocked, id=15616, stack(0x000000e9ac000000,0x000000e9ac100000)]
  0x0000020bedef7800 JavaThread "Unconstrained build operations Thread 37" [_thread_blocked, id=14320, stack(0x000000e9ac100000,0x000000e9ac200000)]
  0x0000020bedefb000 JavaThread "Unconstrained build operations Thread 38" [_thread_blocked, id=744, stack(0x000000e9ac200000,0x000000e9ac300000)]
  0x0000020beacfd000 JavaThread "Unconstrained build operations Thread 39" [_thread_blocked, id=6576, stack(0x000000e9ac300000,0x000000e9ac400000)]
  0x0000020beacff800 JavaThread "Unconstrained build operations Thread 40" [_thread_blocked, id=1392, stack(0x000000e9ac400000,0x000000e9ac500000)]
  0x0000020bead00000 JavaThread "Unconstrained build operations Thread 41" [_thread_blocked, id=6448, stack(0x000000e9ac500000,0x000000e9ac600000)]
  0x0000020beacfe800 JavaThread "Unconstrained build operations Thread 42" [_thread_blocked, id=13012, stack(0x000000e9ac600000,0x000000e9ac700000)]
  0x0000020bee8cb800 JavaThread "Unconstrained build operations Thread 43" [_thread_blocked, id=14896, stack(0x000000e9ac700000,0x000000e9ac800000)]
  0x0000020bee8cf800 JavaThread "Unconstrained build operations Thread 44" [_thread_blocked, id=17640, stack(0x000000e9ac800000,0x000000e9ac900000)]
  0x0000020bee8c9800 JavaThread "Unconstrained build operations Thread 45" [_thread_blocked, id=7256, stack(0x000000e9ac900000,0x000000e9aca00000)]
  0x0000020bee8cc000 JavaThread "Unconstrained build operations Thread 46" [_thread_blocked, id=13516, stack(0x000000e9aca00000,0x000000e9acb00000)]
  0x0000020bee8ce800 JavaThread "Unconstrained build operations Thread 47" [_thread_blocked, id=8392, stack(0x000000e9acb00000,0x000000e9acc00000)]
  0x0000020bee8cd000 JavaThread "Unconstrained build operations Thread 48" [_thread_blocked, id=15788, stack(0x000000e9acc00000,0x000000e9acd00000)]
  0x0000020bee8ce000 JavaThread "Unconstrained build operations Thread 49" [_thread_blocked, id=512, stack(0x000000e9acd00000,0x000000e9ace00000)]
  0x0000020bee8d0000 JavaThread "Unconstrained build operations Thread 50" [_thread_blocked, id=14600, stack(0x000000e9ace00000,0x000000e9acf00000)]
  0x0000020bee8ca800 JavaThread "Unconstrained build operations Thread 51" [_thread_blocked, id=1760, stack(0x000000e9acf00000,0x000000e9ad000000)]
  0x0000020bee8d7000 JavaThread "Unconstrained build operations Thread 52" [_thread_blocked, id=11268, stack(0x000000e9ad000000,0x000000e9ad100000)]
  0x0000020bee8d3800 JavaThread "Unconstrained build operations Thread 53" [_thread_blocked, id=17396, stack(0x000000e9ad100000,0x000000e9ad200000)]
  0x0000020bee8d6000 JavaThread "Unconstrained build operations Thread 54" [_thread_blocked, id=15620, stack(0x000000e9ad200000,0x000000e9ad300000)]
  0x0000020bee8d1000 JavaThread "Unconstrained build operations Thread 55" [_thread_blocked, id=6884, stack(0x000000e9ad300000,0x000000e9ad400000)]
  0x0000020bee8d7800 JavaThread "Unconstrained build operations Thread 56" [_thread_blocked, id=15448, stack(0x000000e9ad400000,0x000000e9ad500000)]
  0x0000020bee8d5000 JavaThread "Unconstrained build operations Thread 57" [_thread_blocked, id=10364, stack(0x000000e9ad500000,0x000000e9ad600000)]
  0x0000020bee8d2000 JavaThread "Unconstrained build operations Thread 58" [_thread_blocked, id=17460, stack(0x000000e9ad600000,0x000000e9ad700000)]
  0x0000020bee8d8800 JavaThread "Unconstrained build operations Thread 59" [_thread_blocked, id=15864, stack(0x000000e9ad700000,0x000000e9ad800000)]
  0x0000020bee8d2800 JavaThread "Unconstrained build operations Thread 60" [_thread_blocked, id=9148, stack(0x000000e9ad800000,0x000000e9ad900000)]
  0x0000020bee8d4800 JavaThread "Unconstrained build operations Thread 61" [_thread_blocked, id=8104, stack(0x000000e9ad900000,0x000000e9ada00000)]
  0x0000020bf1f29800 JavaThread "Unconstrained build operations Thread 62" [_thread_blocked, id=9472, stack(0x000000e9ada00000,0x000000e9adb00000)]
  0x0000020bf1f2a000 JavaThread "Unconstrained build operations Thread 63" [_thread_blocked, id=8216, stack(0x000000e9adb00000,0x000000e9adc00000)]
  0x0000020bf1f2b000 JavaThread "Unconstrained build operations Thread 64" [_thread_blocked, id=17904, stack(0x000000e9adc00000,0x000000e9add00000)]
  0x0000020bf1f2c800 JavaThread "Unconstrained build operations Thread 65" [_thread_blocked, id=748, stack(0x000000e9add00000,0x000000e9ade00000)]
  0x0000020bf1f2b800 JavaThread "Unconstrained build operations Thread 66" [_thread_blocked, id=16780, stack(0x000000e9ade00000,0x000000e9adf00000)]
  0x0000020bf1f27800 JavaThread "Unconstrained build operations Thread 67" [_thread_blocked, id=5540, stack(0x000000e9adf00000,0x000000e9ae000000)]
  0x0000020bf1f28800 JavaThread "Unconstrained build operations Thread 68" [_thread_blocked, id=13848, stack(0x000000e9ae000000,0x000000e9ae100000)]
  0x0000020bf1f27000 JavaThread "Unconstrained build operations Thread 69" [_thread_blocked, id=8240, stack(0x000000e9ae100000,0x000000e9ae200000)]
  0x0000020bf1f2d800 JavaThread "Unconstrained build operations Thread 70" [_thread_blocked, id=17064, stack(0x000000e9ae200000,0x000000e9ae300000)]
  0x0000020bedb43800 JavaThread "Unconstrained build operations Thread 71" [_thread_blocked, id=9288, stack(0x000000e9ae300000,0x000000e9ae400000)]
  0x0000020bedb45000 JavaThread "Unconstrained build operations Thread 72" [_thread_blocked, id=7980, stack(0x000000e9ae400000,0x000000e9ae500000)]
  0x0000020bedb46000 JavaThread "Unconstrained build operations Thread 73" [_thread_blocked, id=9404, stack(0x000000e9ae500000,0x000000e9ae600000)]
  0x0000020bedb47000 JavaThread "Unconstrained build operations Thread 74" [_thread_blocked, id=3044, stack(0x000000e9ae600000,0x000000e9ae700000)]
  0x0000020bedb42000 JavaThread "Unconstrained build operations Thread 75" [_thread_blocked, id=16484, stack(0x000000e9ae700000,0x000000e9ae800000)]
  0x0000020bedb44800 JavaThread "Unconstrained build operations Thread 76" [_thread_blocked, id=17800, stack(0x000000e9ae800000,0x000000e9ae900000)]
  0x0000020bedb41000 JavaThread "Unconstrained build operations Thread 77" [_thread_blocked, id=10516, stack(0x000000e9ae900000,0x000000e9aea00000)]
  0x0000020bedb47800 JavaThread "Unconstrained build operations Thread 78" [_thread_blocked, id=4608, stack(0x000000e9aea00000,0x000000e9aeb00000)]
  0x0000020bedb42800 JavaThread "Unconstrained build operations Thread 79" [_thread_blocked, id=17752, stack(0x000000e9aeb00000,0x000000e9aec00000)]
  0x0000020bf092f000 JavaThread "Unconstrained build operations Thread 80" [_thread_blocked, id=14580, stack(0x000000e9aec00000,0x000000e9aed00000)]
=>0x0000020bee99e800 JavaThread "C2 CompilerThread1" daemon [_thread_in_native, id=8568, stack(0x000000e9aed00000,0x000000e9aee00000)]
  0x0000020bf0930000 JavaThread "build event listener" [_thread_blocked, id=10408, stack(0x000000e9aee00000,0x000000e9aef00000)]
  0x0000020bf0931800 JavaThread "Execution worker for ':'" [_thread_blocked, id=10416, stack(0x000000e9af600000,0x000000e9af700000)]
  0x0000020bf0930800 JavaThread "Execution worker for ':' Thread 2" [_thread_blocked, id=5856, stack(0x000000e9af700000,0x000000e9af800000)]
  0x0000020bf0933000 JavaThread "Execution worker for ':' Thread 3" [_thread_blocked, id=11640, stack(0x000000e9af800000,0x000000e9af900000)]
  0x0000020bf0934000 JavaThread "Execution worker for ':' Thread 4" [_thread_blocked, id=1744, stack(0x000000e9af900000,0x000000e9afa00000)]
  0x0000020bf092e000 JavaThread "Execution worker for ':' Thread 5" [_thread_in_Java, id=14304, stack(0x000000e9afa00000,0x000000e9afb00000)]
  0x0000020bf0932000 JavaThread "Execution worker for ':' Thread 6" [_thread_blocked, id=11452, stack(0x000000e9afb00000,0x000000e9afc00000)]
  0x0000020bf0934800 JavaThread "Execution worker for ':' Thread 7" [_thread_blocked, id=14684, stack(0x000000e9afc00000,0x000000e9afd00000)]
  0x0000020beab61800 JavaThread "Cache worker for execution history cache (C:\Users\alvaro.albarracin\AndroidStudioProjects\ClimaApp\.gradle\7.2\executionHistory)" [_thread_blocked, id=1576, stack(0x000000e9afd00000,0x000000e9afe00000)]
  0x0000020be904a000 JavaThread "C2 CompilerThread2" daemon [_thread_in_native, id=8260, stack(0x000000e9afe00000,0x000000e9aff00000)]

Other Threads:
  0x0000020be8509000 VMThread "VM Thread" [stack: 0x000000e9a7000000,0x000000e9a7100000] [id=6624]
  0x0000020be86de000 WatcherThread [stack: 0x000000e9a7a00000,0x000000e9a7b00000] [id=4596]
  0x0000020bcd82a000 GCTaskThread "GC Thread#0" [stack: 0x000000e9a6b00000,0x000000e9a6c00000] [id=7260]
  0x0000020be9629000 GCTaskThread "GC Thread#1" [stack: 0x000000e9a7b00000,0x000000e9a7c00000] [id=9528]
  0x0000020be960a800 GCTaskThread "GC Thread#2" [stack: 0x000000e9a7c00000,0x000000e9a7d00000] [id=15684]
  0x0000020be960b000 GCTaskThread "GC Thread#3" [stack: 0x000000e9a7d00000,0x000000e9a7e00000] [id=13096]
  0x0000020be9777800 GCTaskThread "GC Thread#4" [stack: 0x000000e9a7e00000,0x000000e9a7f00000] [id=9560]
  0x0000020be9778800 GCTaskThread "GC Thread#5" [stack: 0x000000e9a7f00000,0x000000e9a8000000] [id=13900]
  0x0000020be87b2000 GCTaskThread "GC Thread#6" [stack: 0x000000e9a8e00000,0x000000e9a8f00000] [id=8308]
  0x0000020be8e25800 GCTaskThread "GC Thread#7" [stack: 0x000000e9a8f00000,0x000000e9a9000000] [id=14348]
  0x0000020bcd85b800 ConcurrentGCThread "G1 Main Marker" [stack: 0x000000e9a6c00000,0x000000e9a6d00000] [id=1528]
  0x0000020bcd85d800 ConcurrentGCThread "G1 Conc#0" [stack: 0x000000e9a6d00000,0x000000e9a6e00000] [id=13492]
  0x0000020be9a63000 ConcurrentGCThread "G1 Conc#1" [stack: 0x000000e9a9000000,0x000000e9a9100000] [id=10036]
  0x0000020be7b48800 ConcurrentGCThread "G1 Refine#0" [stack: 0x000000e9a6e00000,0x000000e9a6f00000] [id=5904]
  0x0000020bf0611800 ConcurrentGCThread "G1 Refine#1" [stack: 0x000000e9a9e00000,0x000000e9a9f00000] [id=17656]
  0x0000020bead20000 ConcurrentGCThread "G1 Refine#2" [stack: 0x000000e9af400000,0x000000e9af500000] [id=7868]
  0x0000020be7b4b800 ConcurrentGCThread "G1 Young RemSet Sampling" [stack: 0x000000e9a6f00000,0x000000e9a7000000] [id=4124]

Threads with active compile tasks:
C2 CompilerThread0  60999 14731       4       org.gradle.api.internal.artifacts.transform.TransformingAsyncArtifactListener$TransformedArtifact::startFinalization (15 bytes)
C2 CompilerThread1  60999 14732   !   4       org.gradle.api.internal.artifacts.transform.TransformingAsyncArtifactListener$TransformedArtifact::prepareInvocation (164 bytes)
C2 CompilerThread2  60999 14730       4       org.gradle.api.internal.artifacts.transform.AbstractTransformedArtifactSet::visit (97 bytes)

VM state:not at safepoint (normal execution)

VM Mutex/Monitor currently owned by a thread: None

Heap address: 0x0000000080000000, size: 2048 MB, Compressed Oops mode: 32-bit
Narrow klass base: 0x0000000000000000, Narrow klass shift: 3
Compressed class space size: 1073741824 Address: 0x0000000100000000

Heap:
 garbage-first heap   total 258048K, used 124174K [0x0000000080000000, 0x0000000100000000)
  region size 1024K, 35 young (35840K), 8 survivors (8192K)
 Metaspace       used 95020K, capacity 97327K, committed 97404K, reserved 1134592K
  class space    used 12120K, capacity 13011K, committed 13056K, reserved 1048576K
Heap Regions: E=young(eden), S=young(survivor), O=old, HS=humongous(starts), HC=humongous(continues), CS=collection set, F=free, A=archive, TAMS=top-at-mark-start (previous, next)
|   0|0x0000000080000000, 0x0000000080100000, 0x0000000080100000|100%| O|  |TAMS 0x0000000080100000, 0x0000000080000000| Untracked 
|   1|0x0000000080100000, 0x0000000080200000, 0x0000000080200000|100%| O|  |TAMS 0x0000000080200000, 0x0000000080100000| Untracked 
|   2|0x0000000080200000, 0x0000000080300000, 0x0000000080300000|100%| O|  |TAMS 0x0000000080300000, 0x0000000080200000| Untracked 
|   3|0x0000000080300000, 0x0000000080400000, 0x0000000080400000|100%|HS|  |TAMS 0x0000000080400000, 0x0000000080300000| Complete 
|   4|0x0000000080400000, 0x0000000080500000, 0x0000000080500000|100%|HC|  |TAMS 0x0000000080500000, 0x0000000080400000| Complete 
|   5|0x0000000080500000, 0x0000000080600000, 0x0000000080600000|100%|HC|  |TAMS 0x0000000080600000, 0x0000000080500000| Complete 
|   6|0x0000000080600000, 0x0000000080700000, 0x0000000080700000|100%| O|  |TAMS 0x0000000080700000, 0x0000000080600000| Untracked 
|   7|0x0000000080700000, 0x0000000080800000, 0x0000000080800000|100%| O|  |TAMS 0x0000000080800000, 0x0000000080700000| Untracked 
|   8|0x0000000080800000, 0x0000000080900000, 0x0000000080900000|100%| O|  |TAMS 0x0000000080900000, 0x0000000080800000| Untracked 
|   9|0x0000000080900000, 0x0000000080a00000, 0x0000000080a00000|100%| O|  |TAMS 0x0000000080a00000, 0x0000000080900000| Untracked 
|  10|0x0000000080a00000, 0x0000000080b00000, 0x0000000080b00000|100%| O|  |TAMS 0x0000000080b00000, 0x0000000080a00000| Untracked 
|  11|0x0000000080b00000, 0x0000000080c00000, 0x0000000080c00000|100%| O|  |TAMS 0x0000000080c00000, 0x0000000080b00000| Untracked 
|  12|0x0000000080c00000, 0x0000000080d00000, 0x0000000080d00000|100%| O|  |TAMS 0x0000000080d00000, 0x0000000080c00000| Untracked 
|  13|0x0000000080d00000, 0x0000000080e00000, 0x0000000080e00000|100%| O|  |TAMS 0x0000000080e00000, 0x0000000080d00000| Untracked 
|  14|0x0000000080e00000, 0x0000000080f00000, 0x0000000080f00000|100%| O|  |TAMS 0x0000000080f00000, 0x0000000080e00000| Untracked 
|  15|0x0000000080f00000, 0x0000000081000000, 0x0000000081000000|100%| O|  |TAMS 0x0000000081000000, 0x0000000080f00000| Untracked 
|  16|0x0000000081000000, 0x0000000081100000, 0x0000000081100000|100%|HS|  |TAMS 0x0000000081100000, 0x0000000081000000| Complete 
|  17|0x0000000081100000, 0x0000000081200000, 0x0000000081200000|100%|HS|  |TAMS 0x0000000081200000, 0x0000000081100000| Complete 
|  18|0x0000000081200000, 0x0000000081300000, 0x0000000081300000|100%|HS|  |TAMS 0x0000000081300000, 0x0000000081200000| Complete 
|  19|0x0000000081300000, 0x0000000081400000, 0x0000000081400000|100%|HS|  |TAMS 0x0000000081400000, 0x0000000081300000| Complete 
|  20|0x0000000081400000, 0x0000000081500000, 0x0000000081500000|100%|HS|  |TAMS 0x0000000081500000, 0x0000000081400000| Complete 
|  21|0x0000000081500000, 0x0000000081600000, 0x0000000081600000|100%|HC|  |TAMS 0x0000000081600000, 0x0000000081500000| Complete 
|  22|0x0000000081600000, 0x0000000081700000, 0x0000000081700000|100%|HC|  |TAMS 0x0000000081700000, 0x0000000081600000| Complete 
|  23|0x0000000081700000, 0x0000000081800000, 0x0000000081800000|100%|HS|  |TAMS 0x0000000081800000, 0x0000000081700000| Complete 
|  24|0x0000000081800000, 0x0000000081900000, 0x0000000081900000|100%|HC|  |TAMS 0x0000000081900000, 0x0000000081800000| Complete 
|  25|0x0000000081900000, 0x0000000081a00000, 0x0000000081a00000|100%| O|  |TAMS 0x0000000081a00000, 0x0000000081900000| Untracked 
|  26|0x0000000081a00000, 0x0000000081b00000, 0x0000000081b00000|100%| O|  |TAMS 0x0000000081b00000, 0x0000000081a00000| Untracked 
|  27|0x0000000081b00000, 0x0000000081c00000, 0x0000000081c00000|100%| O|  |TAMS 0x0000000081c00000, 0x0000000081b00000| Untracked 
|  28|0x0000000081c00000, 0x0000000081d00000, 0x0000000081d00000|100%| O|  |TAMS 0x0000000081d00000, 0x0000000081c00000| Untracked 
|  29|0x0000000081d00000, 0x0000000081e00000, 0x0000000081e00000|100%| O|  |TAMS 0x0000000081e00000, 0x0000000081d00000| Untracked 
|  30|0x0000000081e00000, 0x0000000081f00000, 0x0000000081f00000|100%| O|  |TAMS 0x0000000081f00000, 0x0000000081e00000| Untracked 
|  31|0x0000000081f00000, 0x0000000082000000, 0x0000000082000000|100%| O|  |TAMS 0x0000000082000000, 0x0000000081f00000| Untracked 
|  32|0x0000000082000000, 0x0000000082100000, 0x0000000082100000|100%| O|  |TAMS 0x0000000082100000, 0x0000000082000000| Untracked 
|  33|0x0000000082100000, 0x0000000082200000, 0x0000000082200000|100%| O|  |TAMS 0x0000000082200000, 0x0000000082100000| Untracked 
|  34|0x0000000082200000, 0x0000000082300000, 0x0000000082300000|100%| O|  |TAMS 0x0000000082300000, 0x0000000082200000| Untracked 
|  35|0x0000000082300000, 0x0000000082400000, 0x0000000082400000|100%| O|  |TAMS 0x0000000082400000, 0x0000000082300000| Untracked 
|  36|0x0000000082400000, 0x0000000082500000, 0x0000000082500000|100%| O|  |TAMS 0x0000000082500000, 0x0000000082400000| Untracked 
|  37|0x0000000082500000, 0x0000000082600000, 0x0000000082600000|100%| O|  |TAMS 0x0000000082600000, 0x0000000082500000| Untracked 
|  38|0x0000000082600000, 0x0000000082700000, 0x0000000082700000|100%| O|  |TAMS 0x0000000082700000, 0x0000000082600000| Untracked 
|  39|0x0000000082700000, 0x0000000082800000, 0x0000000082800000|100%| O|  |TAMS 0x0000000082800000, 0x0000000082700000| Untracked 
|  40|0x0000000082800000, 0x0000000082900000, 0x0000000082900000|100%| O|  |TAMS 0x0000000082900000, 0x0000000082800000| Untracked 
|  41|0x0000000082900000, 0x0000000082a00000, 0x0000000082a00000|100%| O|  |TAMS 0x0000000082a00000, 0x0000000082900000| Untracked 
|  42|0x0000000082a00000, 0x0000000082b00000, 0x0000000082b00000|100%| O|  |TAMS 0x0000000082b00000, 0x0000000082a00000| Untracked 
|  43|0x0000000082b00000, 0x0000000082c00000, 0x0000000082c00000|100%| O|  |TAMS 0x0000000082c00000, 0x0000000082b00000| Untracked 
|  44|0x0000000082c00000, 0x0000000082d00000, 0x0000000082d00000|100%| O|  |TAMS 0x0000000082d00000, 0x0000000082c00000| Untracked 
|  45|0x0000000082d00000, 0x0000000082e00000, 0x0000000082e00000|100%| O|  |TAMS 0x0000000082e00000, 0x0000000082d00000| Untracked 
|  46|0x0000000082e00000, 0x0000000082f00000, 0x0000000082f00000|100%| O|  |TAMS 0x0000000082f00000, 0x0000000082e00000| Untracked 
|  47|0x0000000082f00000, 0x0000000083000000, 0x0000000083000000|100%| O|  |TAMS 0x0000000083000000, 0x0000000082f00000| Untracked 
|  48|0x0000000083000000, 0x0000000083100000, 0x0000000083100000|100%| O|  |TAMS 0x00000000830cd200, 0x0000000083000000| Untracked 
|  49|0x0000000083100000, 0x0000000083200000, 0x0000000083200000|100%| O|  |TAMS 0x0000000083100000, 0x0000000083100000| Untracked 
|  50|0x0000000083200000, 0x0000000083300000, 0x0000000083300000|100%| O|  |TAMS 0x0000000083200000, 0x0000000083200000| Untracked 
|  51|0x0000000083300000, 0x0000000083400000, 0x0000000083400000|100%| O|  |TAMS 0x0000000083300000, 0x0000000083300000| Untracked 
|  52|0x0000000083400000, 0x0000000083500000, 0x0000000083500000|100%| O|  |TAMS 0x0000000083400000, 0x0000000083400000| Untracked 
|  53|0x0000000083500000, 0x0000000083600000, 0x0000000083600000|100%| O|  |TAMS 0x0000000083500000, 0x0000000083500000| Untracked 
|  54|0x0000000083600000, 0x0000000083700000, 0x0000000083700000|100%| O|  |TAMS 0x0000000083600000, 0x0000000083600000| Untracked 
|  55|0x0000000083700000, 0x0000000083800000, 0x0000000083800000|100%| O|  |TAMS 0x0000000083700000, 0x0000000083700000| Untracked 
|  56|0x0000000083800000, 0x0000000083900000, 0x0000000083900000|100%| O|  |TAMS 0x0000000083800000, 0x0000000083800000| Untracked 
|  57|0x0000000083900000, 0x0000000083a00000, 0x0000000083a00000|100%| O|  |TAMS 0x0000000083900000, 0x0000000083900000| Untracked 
|  58|0x0000000083a00000, 0x0000000083b00000, 0x0000000083b00000|100%| O|  |TAMS 0x0000000083a00000, 0x0000000083a00000| Untracked 
|  59|0x0000000083b00000, 0x0000000083c00000, 0x0000000083c00000|100%| O|  |TAMS 0x0000000083b00000, 0x0000000083b00000| Untracked 
|  60|0x0000000083c00000, 0x0000000083d00000, 0x0000000083d00000|100%| O|  |TAMS 0x0000000083c00000, 0x0000000083c00000| Untracked 
|  61|0x0000000083d00000, 0x0000000083e00000, 0x0000000083e00000|100%| O|  |TAMS 0x0000000083d00000, 0x0000000083d00000| Untracked 
|  62|0x0000000083e00000, 0x0000000083f00000, 0x0000000083f00000|100%| O|  |TAMS 0x0000000083e00000, 0x0000000083e00000| Untracked 
|  63|0x0000000083f00000, 0x0000000084000000, 0x0000000084000000|100%| O|  |TAMS 0x0000000083f00000, 0x0000000083f00000| Untracked 
|  64|0x0000000084000000, 0x0000000084100000, 0x0000000084100000|100%| O|  |TAMS 0x0000000084000000, 0x0000000084000000| Untracked 
|  65|0x0000000084100000, 0x0000000084200000, 0x0000000084200000|100%| O|  |TAMS 0x0000000084100000, 0x0000000084100000| Untracked 
|  66|0x0000000084200000, 0x0000000084300000, 0x0000000084300000|100%| O|  |TAMS 0x0000000084200000, 0x0000000084200000| Untracked 
|  67|0x0000000084300000, 0x0000000084400000, 0x0000000084400000|100%| O|  |TAMS 0x0000000084300000, 0x0000000084300000| Untracked 
|  68|0x0000000084400000, 0x0000000084500000, 0x0000000084500000|100%| O|  |TAMS 0x0000000084400000, 0x0000000084400000| Untracked 
|  69|0x0000000084500000, 0x0000000084600000, 0x0000000084600000|100%| O|  |TAMS 0x0000000084500000, 0x0000000084500000| Untracked 
|  70|0x0000000084600000, 0x0000000084700000, 0x0000000084700000|100%| O|  |TAMS 0x0000000084600000, 0x0000000084600000| Untracked 
|  71|0x0000000084700000, 0x0000000084800000, 0x0000000084800000|100%| O|  |TAMS 0x0000000084700000, 0x0000000084700000| Untracked 
|  72|0x0000000084800000, 0x0000000084900000, 0x0000000084900000|100%| O|  |TAMS 0x0000000084800000, 0x0000000084800000| Untracked 
|  73|0x0000000084900000, 0x0000000084a00000, 0x0000000084a00000|100%| O|  |TAMS 0x0000000084900000, 0x0000000084900000| Untracked 
|  74|0x0000000084a00000, 0x0000000084b00000, 0x0000000084b00000|100%| O|  |TAMS 0x0000000084a00000, 0x0000000084a00000| Untracked 
|  75|0x0000000084b00000, 0x0000000084c00000, 0x0000000084c00000|100%| O|  |TAMS 0x0000000084b00000, 0x0000000084b00000| Untracked 
|  76|0x0000000084c00000, 0x0000000084d00000, 0x0000000084d00000|100%| O|  |TAMS 0x0000000084c00000, 0x0000000084c00000| Untracked 
|  77|0x0000000084d00000, 0x0000000084e00000, 0x0000000084e00000|100%| O|  |TAMS 0x0000000084d00000, 0x0000000084d00000| Untracked 
|  78|0x0000000084e00000, 0x0000000084f00000, 0x0000000084f00000|100%| O|  |TAMS 0x0000000084e00000, 0x0000000084e00000| Untracked 
|  79|0x0000000084f00000, 0x0000000085000000, 0x0000000085000000|100%| O|  |TAMS 0x0000000084f00000, 0x0000000084f00000| Untracked 
|  80|0x0000000085000000, 0x0000000085100000, 0x0000000085100000|100%| O|  |TAMS 0x0000000085000000, 0x0000000085000000| Untracked 
|  81|0x0000000085100000, 0x0000000085200000, 0x0000000085200000|100%| O|  |TAMS 0x0000000085100000, 0x0000000085100000| Untracked 
|  82|0x0000000085200000, 0x0000000085300000, 0x0000000085300000|100%| O|  |TAMS 0x0000000085200000, 0x0000000085200000| Untracked 
|  83|0x0000000085300000, 0x0000000085400000, 0x0000000085400000|100%| O|  |TAMS 0x0000000085300000, 0x0000000085300000| Untracked 
|  84|0x0000000085400000, 0x0000000085500000, 0x0000000085500000|100%| O|  |TAMS 0x0000000085400000, 0x0000000085400000| Untracked 
|  85|0x0000000085500000, 0x0000000085600000, 0x0000000085600000|100%| O|  |TAMS 0x0000000085500000, 0x0000000085500000| Untracked 
|  86|0x0000000085600000, 0x0000000085700000, 0x0000000085700000|100%| O|  |TAMS 0x0000000085600000, 0x0000000085600000| Untracked 
|  87|0x0000000085700000, 0x0000000085800000, 0x0000000085800000|100%| O|  |TAMS 0x0000000085700000, 0x0000000085700000| Untracked 
|  88|0x0000000085800000, 0x000000008587de00, 0x0000000085900000| 49%| O|  |TAMS 0x0000000085800000, 0x0000000085800000| Untracked 
|  89|0x0000000085900000, 0x0000000085900000, 0x0000000085a00000|  0%| F|  |TAMS 0x0000000085900000, 0x0000000085900000| Untracked 
|  90|0x0000000085a00000, 0x0000000085a00000, 0x0000000085b00000|  0%| F|  |TAMS 0x0000000085a00000, 0x0000000085a00000| Untracked 
|  91|0x0000000085b00000, 0x0000000085b00000, 0x0000000085c00000|  0%| F|  |TAMS 0x0000000085b00000, 0x0000000085b00000| Untracked 
|  92|0x0000000085c00000, 0x0000000085c00000, 0x0000000085d00000|  0%| F|  |TAMS 0x0000000085c00000, 0x0000000085c00000| Untracked 
|  93|0x0000000085d00000, 0x0000000085d00000, 0x0000000085e00000|  0%| F|  |TAMS 0x0000000085d00000, 0x0000000085d00000| Untracked 
|  94|0x0000000085e00000, 0x0000000085e00000, 0x0000000085f00000|  0%| F|  |TAMS 0x0000000085e00000, 0x0000000085e00000| Untracked 
|  95|0x0000000085f00000, 0x0000000085f00000, 0x0000000086000000|  0%| F|  |TAMS 0x0000000085f00000, 0x0000000085f00000| Untracked 
|  96|0x0000000086000000, 0x0000000086000000, 0x0000000086100000|  0%| F|  |TAMS 0x0000000086000000, 0x0000000086000000| Untracked 
|  97|0x0000000086100000, 0x0000000086100000, 0x0000000086200000|  0%| F|  |TAMS 0x0000000086100000, 0x0000000086100000| Untracked 
|  98|0x0000000086200000, 0x0000000086200000, 0x0000000086300000|  0%| F|  |TAMS 0x0000000086200000, 0x0000000086200000| Untracked 
|  99|0x0000000086300000, 0x0000000086300000, 0x0000000086400000|  0%| F|  |TAMS 0x0000000086300000, 0x0000000086300000| Untracked 
| 100|0x0000000086400000, 0x0000000086400000, 0x0000000086500000|  0%| F|  |TAMS 0x0000000086400000, 0x0000000086400000| Untracked 
| 101|0x0000000086500000, 0x0000000086500000, 0x0000000086600000|  0%| F|  |TAMS 0x0000000086500000, 0x0000000086500000| Untracked 
| 102|0x0000000086600000, 0x0000000086600000, 0x0000000086700000|  0%| F|  |TAMS 0x0000000086600000, 0x0000000086600000| Untracked 
| 103|0x0000000086700000, 0x0000000086700000, 0x0000000086800000|  0%| F|  |TAMS 0x0000000086700000, 0x0000000086700000| Untracked 
| 104|0x0000000086800000, 0x0000000086800000, 0x0000000086900000|  0%| F|  |TAMS 0x0000000086800000, 0x0000000086800000| Untracked 
| 105|0x0000000086900000, 0x0000000086900000, 0x0000000086a00000|  0%| F|  |TAMS 0x0000000086900000, 0x0000000086900000| Untracked 
| 106|0x0000000086a00000, 0x0000000086a00000, 0x0000000086b00000|  0%| F|  |TAMS 0x0000000086a00000, 0x0000000086a00000| Untracked 
| 107|0x0000000086b00000, 0x0000000086b00000, 0x0000000086c00000|  0%| F|  |TAMS 0x0000000086b00000, 0x0000000086b00000| Untracked 
| 108|0x0000000086c00000, 0x0000000086c00000, 0x0000000086d00000|  0%| F|  |TAMS 0x0000000086c00000, 0x0000000086c00000| Untracked 
| 109|0x0000000086d00000, 0x0000000086d00000, 0x0000000086e00000|  0%| F|  |TAMS 0x0000000086d00000, 0x0000000086d00000| Untracked 
| 110|0x0000000086e00000, 0x0000000086e00000, 0x0000000086f00000|  0%| F|  |TAMS 0x0000000086e00000, 0x0000000086e00000| Untracked 
| 111|0x0000000086f00000, 0x0000000086f00000, 0x0000000087000000|  0%| F|  |TAMS 0x0000000086f00000, 0x0000000086f00000| Untracked 
| 112|0x0000000087000000, 0x0000000087000000, 0x0000000087100000|  0%| F|  |TAMS 0x0000000087000000, 0x0000000087000000| Untracked 
| 113|0x0000000087100000, 0x0000000087100000, 0x0000000087200000|  0%| F|  |TAMS 0x0000000087100000, 0x0000000087100000| Untracked 
| 114|0x0000000087200000, 0x0000000087200000, 0x0000000087300000|  0%| F|  |TAMS 0x0000000087200000, 0x0000000087200000| Untracked 
| 115|0x0000000087300000, 0x0000000087300000, 0x0000000087400000|  0%| F|  |TAMS 0x0000000087300000, 0x0000000087300000| Untracked 
| 116|0x0000000087400000, 0x0000000087400000, 0x0000000087500000|  0%| F|  |TAMS 0x0000000087400000, 0x0000000087400000| Untracked 
| 117|0x0000000087500000, 0x0000000087500000, 0x0000000087600000|  0%| F|  |TAMS 0x0000000087500000, 0x0000000087500000| Untracked 
| 118|0x0000000087600000, 0x0000000087600000, 0x0000000087700000|  0%| F|  |TAMS 0x0000000087600000, 0x0000000087600000| Untracked 
| 119|0x0000000087700000, 0x0000000087700000, 0x0000000087800000|  0%| F|  |TAMS 0x0000000087700000, 0x0000000087700000| Untracked 
| 120|0x0000000087800000, 0x0000000087800000, 0x0000000087900000|  0%| F|  |TAMS 0x0000000087800000, 0x0000000087800000| Untracked 
| 121|0x0000000087900000, 0x0000000087900000, 0x0000000087a00000|  0%| F|  |TAMS 0x0000000087900000, 0x0000000087900000| Untracked 
| 122|0x0000000087a00000, 0x0000000087a00000, 0x0000000087b00000|  0%| F|  |TAMS 0x0000000087a00000, 0x0000000087a00000| Untracked 
| 123|0x0000000087b00000, 0x0000000087b00000, 0x0000000087c00000|  0%| F|  |TAMS 0x0000000087b00000, 0x0000000087b00000| Untracked 
| 124|0x0000000087c00000, 0x0000000087c00000, 0x0000000087d00000|  0%| F|  |TAMS 0x0000000087c00000, 0x0000000087c00000| Untracked 
| 125|0x0000000087d00000, 0x0000000087d00000, 0x0000000087e00000|  0%| F|  |TAMS 0x0000000087d00000, 0x0000000087d00000| Untracked 
| 126|0x0000000087e00000, 0x0000000087e00000, 0x0000000087f00000|  0%| F|  |TAMS 0x0000000087e00000, 0x0000000087e00000| Untracked 
| 127|0x0000000087f00000, 0x0000000087f00000, 0x0000000088000000|  0%| F|  |TAMS 0x0000000087f00000, 0x0000000087f00000| Untracked 
| 128|0x0000000088000000, 0x0000000088000000, 0x0000000088100000|  0%| F|  |TAMS 0x0000000088000000, 0x0000000088000000| Untracked 
| 129|0x0000000088100000, 0x0000000088100000, 0x0000000088200000|  0%| F|  |TAMS 0x0000000088100000, 0x0000000088100000| Untracked 
| 130|0x0000000088200000, 0x0000000088200000, 0x0000000088300000|  0%| F|  |TAMS 0x0000000088200000, 0x0000000088200000| Untracked 
| 131|0x0000000088300000, 0x0000000088300000, 0x0000000088400000|  0%| F|  |TAMS 0x0000000088300000, 0x0000000088300000| Untracked 
| 132|0x0000000088400000, 0x0000000088400000, 0x0000000088500000|  0%| F|  |TAMS 0x0000000088400000, 0x0000000088400000| Untracked 
| 133|0x0000000088500000, 0x0000000088500000, 0x0000000088600000|  0%| F|  |TAMS 0x0000000088500000, 0x0000000088500000| Untracked 
| 134|0x0000000088600000, 0x0000000088600000, 0x0000000088700000|  0%| F|  |TAMS 0x0000000088600000, 0x0000000088600000| Untracked 
| 135|0x0000000088700000, 0x0000000088700000, 0x0000000088800000|  0%| F|  |TAMS 0x0000000088700000, 0x0000000088700000| Untracked 
| 136|0x0000000088800000, 0x0000000088800000, 0x0000000088900000|  0%| F|  |TAMS 0x0000000088800000, 0x0000000088800000| Untracked 
| 137|0x0000000088900000, 0x0000000088900000, 0x0000000088a00000|  0%| F|  |TAMS 0x0000000088900000, 0x0000000088900000| Untracked 
| 138|0x0000000088a00000, 0x0000000088a00000, 0x0000000088b00000|  0%| F|  |TAMS 0x0000000088a00000, 0x0000000088a00000| Untracked 
| 139|0x0000000088b00000, 0x0000000088bc5be8, 0x0000000088c00000| 77%| S|CS|TAMS 0x0000000088b00000, 0x0000000088b00000| Complete 
| 140|0x0000000088c00000, 0x0000000088d00000, 0x0000000088d00000|100%| S|CS|TAMS 0x0000000088c00000, 0x0000000088c00000| Complete 
| 141|0x0000000088d00000, 0x0000000088e00000, 0x0000000088e00000|100%| S|CS|TAMS 0x0000000088d00000, 0x0000000088d00000| Complete 
| 142|0x0000000088e00000, 0x0000000088f00000, 0x0000000088f00000|100%| S|CS|TAMS 0x0000000088e00000, 0x0000000088e00000| Complete 
| 143|0x0000000088f00000, 0x0000000089000000, 0x0000000089000000|100%| S|CS|TAMS 0x0000000088f00000, 0x0000000088f00000| Complete 
| 144|0x0000000089000000, 0x0000000089100000, 0x0000000089100000|100%| S|CS|TAMS 0x0000000089000000, 0x0000000089000000| Complete 
| 145|0x0000000089100000, 0x0000000089200000, 0x0000000089200000|100%| S|CS|TAMS 0x0000000089100000, 0x0000000089100000| Complete 
| 146|0x0000000089200000, 0x0000000089300000, 0x0000000089300000|100%| S|CS|TAMS 0x0000000089200000, 0x0000000089200000| Complete 
| 147|0x0000000089300000, 0x0000000089300000, 0x0000000089400000|  0%| F|  |TAMS 0x0000000089300000, 0x0000000089300000| Untracked 
| 148|0x0000000089400000, 0x0000000089400000, 0x0000000089500000|  0%| F|  |TAMS 0x0000000089400000, 0x0000000089400000| Untracked 
| 149|0x0000000089500000, 0x0000000089500000, 0x0000000089600000|  0%| F|  |TAMS 0x0000000089500000, 0x0000000089500000| Untracked 
| 150|0x0000000089600000, 0x0000000089600000, 0x0000000089700000|  0%| F|  |TAMS 0x0000000089600000, 0x0000000089600000| Untracked 
| 151|0x0000000089700000, 0x0000000089700000, 0x0000000089800000|  0%| F|  |TAMS 0x0000000089700000, 0x0000000089700000| Untracked 
| 152|0x0000000089800000, 0x0000000089800000, 0x0000000089900000|  0%| F|  |TAMS 0x0000000089800000, 0x0000000089800000| Untracked 
| 153|0x0000000089900000, 0x0000000089900000, 0x0000000089a00000|  0%| F|  |TAMS 0x0000000089900000, 0x0000000089900000| Untracked 
| 154|0x0000000089a00000, 0x0000000089a00000, 0x0000000089b00000|  0%| F|  |TAMS 0x0000000089a00000, 0x0000000089a00000| Untracked 
| 155|0x0000000089b00000, 0x0000000089b00000, 0x0000000089c00000|  0%| F|  |TAMS 0x0000000089b00000, 0x0000000089b00000| Untracked 
| 156|0x0000000089c00000, 0x0000000089c00000, 0x0000000089d00000|  0%| F|  |TAMS 0x0000000089c00000, 0x0000000089c00000| Untracked 
| 157|0x0000000089d00000, 0x0000000089d00000, 0x0000000089e00000|  0%| F|  |TAMS 0x0000000089d00000, 0x0000000089d00000| Untracked 
| 158|0x0000000089e00000, 0x0000000089e00000, 0x0000000089f00000|  0%| F|  |TAMS 0x0000000089e00000, 0x0000000089e00000| Untracked 
| 159|0x0000000089f00000, 0x0000000089f00000, 0x000000008a000000|  0%| F|  |TAMS 0x0000000089f00000, 0x0000000089f00000| Untracked 
| 160|0x000000008a000000, 0x000000008a000000, 0x000000008a100000|  0%| F|  |TAMS 0x000000008a000000, 0x000000008a000000| Untracked 
| 161|0x000000008a100000, 0x000000008a100000, 0x000000008a200000|  0%| F|  |TAMS 0x000000008a100000, 0x000000008a100000| Untracked 
| 162|0x000000008a200000, 0x000000008a200000, 0x000000008a300000|  0%| F|  |TAMS 0x000000008a200000, 0x000000008a200000| Untracked 
| 163|0x000000008a300000, 0x000000008a300000, 0x000000008a400000|  0%| F|  |TAMS 0x000000008a300000, 0x000000008a300000| Untracked 
| 164|0x000000008a400000, 0x000000008a400000, 0x000000008a500000|  0%| F|  |TAMS 0x000000008a400000, 0x000000008a400000| Untracked 
| 165|0x000000008a500000, 0x000000008a500000, 0x000000008a600000|  0%| F|  |TAMS 0x000000008a500000, 0x000000008a500000| Untracked 
| 166|0x000000008a600000, 0x000000008a600000, 0x000000008a700000|  0%| F|  |TAMS 0x000000008a600000, 0x000000008a600000| Untracked 
| 167|0x000000008a700000, 0x000000008a700000, 0x000000008a800000|  0%| F|  |TAMS 0x000000008a700000, 0x000000008a700000| Untracked 
| 168|0x000000008a800000, 0x000000008a800000, 0x000000008a900000|  0%| F|  |TAMS 0x000000008a800000, 0x000000008a800000| Untracked 
| 169|0x000000008a900000, 0x000000008a900000, 0x000000008aa00000|  0%| F|  |TAMS 0x000000008a900000, 0x000000008a900000| Untracked 
| 170|0x000000008aa00000, 0x000000008aa00000, 0x000000008ab00000|  0%| F|  |TAMS 0x000000008aa00000, 0x000000008aa00000| Untracked 
| 171|0x000000008ab00000, 0x000000008ab00000, 0x000000008ac00000|  0%| F|  |TAMS 0x000000008ab00000, 0x000000008ab00000| Untracked 
| 172|0x000000008ac00000, 0x000000008ac00000, 0x000000008ad00000|  0%| F|  |TAMS 0x000000008ac00000, 0x000000008ac00000| Untracked 
| 173|0x000000008ad00000, 0x000000008ad00000, 0x000000008ae00000|  0%| F|  |TAMS 0x000000008ad00000, 0x000000008ad00000| Untracked 
| 174|0x000000008ae00000, 0x000000008ae00000, 0x000000008af00000|  0%| F|  |TAMS 0x000000008ae00000, 0x000000008ae00000| Untracked 
| 175|0x000000008af00000, 0x000000008af00000, 0x000000008b000000|  0%| F|  |TAMS 0x000000008af00000, 0x000000008af00000| Untracked 
| 176|0x000000008b000000, 0x000000008b000000, 0x000000008b100000|  0%| F|  |TAMS 0x000000008b000000, 0x000000008b000000| Untracked 
| 177|0x000000008b100000, 0x000000008b100000, 0x000000008b200000|  0%| F|  |TAMS 0x000000008b100000, 0x000000008b100000| Untracked 
| 178|0x000000008b200000, 0x000000008b200000, 0x000000008b300000|  0%| F|  |TAMS 0x000000008b200000, 0x000000008b200000| Untracked 
| 179|0x000000008b300000, 0x000000008b300000, 0x000000008b400000|  0%| F|  |TAMS 0x000000008b300000, 0x000000008b300000| Untracked 
| 180|0x000000008b400000, 0x000000008b400000, 0x000000008b500000|  0%| F|  |TAMS 0x000000008b400000, 0x000000008b400000| Untracked 
| 181|0x000000008b500000, 0x000000008b500000, 0x000000008b600000|  0%| F|  |TAMS 0x000000008b500000, 0x000000008b500000| Untracked 
| 182|0x000000008b600000, 0x000000008b600000, 0x000000008b700000|  0%| F|  |TAMS 0x000000008b600000, 0x000000008b600000| Untracked 
| 183|0x000000008b700000, 0x000000008b700000, 0x000000008b800000|  0%| F|  |TAMS 0x000000008b700000, 0x000000008b700000| Untracked 
| 184|0x000000008b800000, 0x000000008b800000, 0x000000008b900000|  0%| F|  |TAMS 0x000000008b800000, 0x000000008b800000| Untracked 
| 185|0x000000008b900000, 0x000000008b900000, 0x000000008ba00000|  0%| F|  |TAMS 0x000000008b900000, 0x000000008b900000| Untracked 
| 186|0x000000008ba00000, 0x000000008ba00000, 0x000000008bb00000|  0%| F|  |TAMS 0x000000008ba00000, 0x000000008ba00000| Untracked 
| 187|0x000000008bb00000, 0x000000008bb00000, 0x000000008bc00000|  0%| F|  |TAMS 0x000000008bb00000, 0x000000008bb00000| Untracked 
| 188|0x000000008bc00000, 0x000000008bc00000, 0x000000008bd00000|  0%| F|  |TAMS 0x000000008bc00000, 0x000000008bc00000| Untracked 
| 189|0x000000008bd00000, 0x000000008bd00000, 0x000000008be00000|  0%| F|  |TAMS 0x000000008bd00000, 0x000000008bd00000| Untracked 
| 190|0x000000008be00000, 0x000000008be00000, 0x000000008bf00000|  0%| F|  |TAMS 0x000000008be00000, 0x000000008be00000| Untracked 
| 191|0x000000008bf00000, 0x000000008bf00000, 0x000000008c000000|  0%| F|  |TAMS 0x000000008bf00000, 0x000000008bf00000| Untracked 
| 192|0x000000008c000000, 0x000000008c000000, 0x000000008c100000|  0%| F|  |TAMS 0x000000008c000000, 0x000000008c000000| Untracked 
| 193|0x000000008c100000, 0x000000008c100000, 0x000000008c200000|  0%| F|  |TAMS 0x000000008c100000, 0x000000008c100000| Untracked 
| 194|0x000000008c200000, 0x000000008c200000, 0x000000008c300000|  0%| F|  |TAMS 0x000000008c200000, 0x000000008c200000| Untracked 
| 195|0x000000008c300000, 0x000000008c300000, 0x000000008c400000|  0%| F|  |TAMS 0x000000008c300000, 0x000000008c300000| Untracked 
| 196|0x000000008c400000, 0x000000008c400000, 0x000000008c500000|  0%| F|  |TAMS 0x000000008c400000, 0x000000008c400000| Untracked 
| 197|0x000000008c500000, 0x000000008c500000, 0x000000008c600000|  0%| F|  |TAMS 0x000000008c500000, 0x000000008c500000| Untracked 
| 198|0x000000008c600000, 0x000000008c600000, 0x000000008c700000|  0%| F|  |TAMS 0x000000008c600000, 0x000000008c600000| Untracked 
| 199|0x000000008c700000, 0x000000008c700000, 0x000000008c800000|  0%| F|  |TAMS 0x000000008c700000, 0x000000008c700000| Untracked 
| 200|0x000000008c800000, 0x000000008c800000, 0x000000008c900000|  0%| F|  |TAMS 0x000000008c800000, 0x000000008c800000| Untracked 
| 201|0x000000008c900000, 0x000000008c900000, 0x000000008ca00000|  0%| F|  |TAMS 0x000000008c900000, 0x000000008c900000| Untracked 
| 202|0x000000008ca00000, 0x000000008ca00000, 0x000000008cb00000|  0%| F|  |TAMS 0x000000008ca00000, 0x000000008ca00000| Untracked 
| 203|0x000000008cb00000, 0x000000008cb00000, 0x000000008cc00000|  0%| F|  |TAMS 0x000000008cb00000, 0x000000008cb00000| Untracked 
| 204|0x000000008cc00000, 0x000000008cc00000, 0x000000008cd00000|  0%| F|  |TAMS 0x000000008cc00000, 0x000000008cc00000| Untracked 
| 205|0x000000008cd00000, 0x000000008cd00000, 0x000000008ce00000|  0%| F|  |TAMS 0x000000008cd00000, 0x000000008cd00000| Untracked 
| 206|0x000000008ce00000, 0x000000008ce00000, 0x000000008cf00000|  0%| F|  |TAMS 0x000000008ce00000, 0x000000008ce00000| Untracked 
| 207|0x000000008cf00000, 0x000000008cf00000, 0x000000008d000000|  0%| F|  |TAMS 0x000000008cf00000, 0x000000008cf00000| Untracked 
| 208|0x000000008d000000, 0x000000008d000000, 0x000000008d100000|  0%| F|  |TAMS 0x000000008d000000, 0x000000008d000000| Untracked 
| 209|0x000000008d100000, 0x000000008d100000, 0x000000008d200000|  0%| F|  |TAMS 0x000000008d100000, 0x000000008d100000| Untracked 
| 210|0x000000008d200000, 0x000000008d200000, 0x000000008d300000|  0%| F|  |TAMS 0x000000008d200000, 0x000000008d200000| Untracked 
| 211|0x000000008d300000, 0x000000008d300000, 0x000000008d400000|  0%| F|  |TAMS 0x000000008d300000, 0x000000008d300000| Untracked 
| 212|0x000000008d400000, 0x000000008d400000, 0x000000008d500000|  0%| F|  |TAMS 0x000000008d400000, 0x000000008d400000| Untracked 
| 213|0x000000008d500000, 0x000000008d500000, 0x000000008d600000|  0%| F|  |TAMS 0x000000008d500000, 0x000000008d500000| Untracked 
| 214|0x000000008d600000, 0x000000008d600000, 0x000000008d700000|  0%| F|  |TAMS 0x000000008d600000, 0x000000008d600000| Untracked 
| 215|0x000000008d700000, 0x000000008d700000, 0x000000008d800000|  0%| F|  |TAMS 0x000000008d700000, 0x000000008d700000| Untracked 
| 216|0x000000008d800000, 0x000000008d800000, 0x000000008d900000|  0%| F|  |TAMS 0x000000008d800000, 0x000000008d800000| Untracked 
| 217|0x000000008d900000, 0x000000008d900000, 0x000000008da00000|  0%| F|  |TAMS 0x000000008d900000, 0x000000008d900000| Untracked 
| 218|0x000000008da00000, 0x000000008da00000, 0x000000008db00000|  0%| F|  |TAMS 0x000000008da00000, 0x000000008da00000| Untracked 
| 219|0x000000008db00000, 0x000000008db00000, 0x000000008dc00000|  0%| F|  |TAMS 0x000000008db00000, 0x000000008db00000| Untracked 
| 220|0x000000008dc00000, 0x000000008dc00000, 0x000000008dd00000|  0%| F|  |TAMS 0x000000008dc00000, 0x000000008dc00000| Untracked 
| 221|0x000000008dd00000, 0x000000008dd00000, 0x000000008de00000|  0%| F|  |TAMS 0x000000008dd00000, 0x000000008dd00000| Untracked 
| 222|0x000000008de00000, 0x000000008de00000, 0x000000008df00000|  0%| F|  |TAMS 0x000000008de00000, 0x000000008de00000| Untracked 
| 223|0x000000008df00000, 0x000000008df00000, 0x000000008e000000|  0%| F|  |TAMS 0x000000008df00000, 0x000000008df00000| Untracked 
| 224|0x000000008e000000, 0x000000008e000000, 0x000000008e100000|  0%| F|  |TAMS 0x000000008e000000, 0x000000008e000000| Untracked 
| 225|0x000000008e100000, 0x000000008e14db50, 0x000000008e200000| 30%| E|  |TAMS 0x000000008e100000, 0x000000008e100000| Complete 
| 226|0x000000008e200000, 0x000000008e300000, 0x000000008e300000|100%| E|CS|TAMS 0x000000008e200000, 0x000000008e200000| Complete 
| 227|0x000000008e300000, 0x000000008e400000, 0x000000008e400000|100%| E|CS|TAMS 0x000000008e300000, 0x000000008e300000| Complete 
| 228|0x000000008e400000, 0x000000008e500000, 0x000000008e500000|100%| E|CS|TAMS 0x000000008e400000, 0x000000008e400000| Complete 
| 229|0x000000008e500000, 0x000000008e600000, 0x000000008e600000|100%| E|CS|TAMS 0x000000008e500000, 0x000000008e500000| Complete 
| 230|0x000000008e600000, 0x000000008e700000, 0x000000008e700000|100%| E|CS|TAMS 0x000000008e600000, 0x000000008e600000| Complete 
| 231|0x000000008e700000, 0x000000008e800000, 0x000000008e800000|100%| E|CS|TAMS 0x000000008e700000, 0x000000008e700000| Complete 
| 232|0x000000008e800000, 0x000000008e900000, 0x000000008e900000|100%| E|CS|TAMS 0x000000008e800000, 0x000000008e800000| Complete 
| 233|0x000000008e900000, 0x000000008ea00000, 0x000000008ea00000|100%| E|CS|TAMS 0x000000008e900000, 0x000000008e900000| Complete 
| 234|0x000000008ea00000, 0x000000008eb00000, 0x000000008eb00000|100%| E|CS|TAMS 0x000000008ea00000, 0x000000008ea00000| Complete 
| 235|0x000000008eb00000, 0x000000008ec00000, 0x000000008ec00000|100%| E|CS|TAMS 0x000000008eb00000, 0x000000008eb00000| Complete 
| 236|0x000000008ec00000, 0x000000008ed00000, 0x000000008ed00000|100%| E|CS|TAMS 0x000000008ec00000, 0x000000008ec00000| Complete 
| 237|0x000000008ed00000, 0x000000008ee00000, 0x000000008ee00000|100%| E|CS|TAMS 0x000000008ed00000, 0x000000008ed00000| Complete 
| 238|0x000000008ee00000, 0x000000008ef00000, 0x000000008ef00000|100%| E|CS|TAMS 0x000000008ee00000, 0x000000008ee00000| Complete 
| 239|0x000000008ef00000, 0x000000008f000000, 0x000000008f000000|100%| E|CS|TAMS 0x000000008ef00000, 0x000000008ef00000| Complete 
| 240|0x000000008f000000, 0x000000008f100000, 0x000000008f100000|100%| E|CS|TAMS 0x000000008f000000, 0x000000008f000000| Complete 
| 241|0x000000008f100000, 0x000000008f200000, 0x000000008f200000|100%| E|CS|TAMS 0x000000008f100000, 0x000000008f100000| Complete 
| 242|0x000000008f200000, 0x000000008f300000, 0x000000008f300000|100%| E|CS|TAMS 0x000000008f200000, 0x000000008f200000| Complete 
| 243|0x000000008f300000, 0x000000008f400000, 0x000000008f400000|100%| E|CS|TAMS 0x000000008f300000, 0x000000008f300000| Complete 
| 244|0x000000008f400000, 0x000000008f500000, 0x000000008f500000|100%| E|CS|TAMS 0x000000008f400000, 0x000000008f400000| Complete 
| 245|0x000000008f500000, 0x000000008f600000, 0x000000008f600000|100%| E|  |TAMS 0x000000008f500000, 0x000000008f500000| Complete 
| 246|0x000000008f600000, 0x000000008f700000, 0x000000008f700000|100%| E|CS|TAMS 0x000000008f600000, 0x000000008f600000| Complete 
| 247|0x000000008f700000, 0x000000008f800000, 0x000000008f800000|100%| E|CS|TAMS 0x000000008f700000, 0x000000008f700000| Complete 
| 248|0x000000008f800000, 0x000000008f900000, 0x000000008f900000|100%| E|CS|TAMS 0x000000008f800000, 0x000000008f800000| Complete 
| 249|0x000000008f900000, 0x000000008fa00000, 0x000000008fa00000|100%| E|CS|TAMS 0x000000008f900000, 0x000000008f900000| Complete 
| 250|0x000000008fa00000, 0x000000008fb00000, 0x000000008fb00000|100%| E|CS|TAMS 0x000000008fa00000, 0x000000008fa00000| Complete 
| 251|0x000000008fb00000, 0x000000008fc00000, 0x000000008fc00000|100%| E|CS|TAMS 0x000000008fb00000, 0x000000008fb00000| Complete 

Card table byte_map: [0x0000020be0a10000,0x0000020be0e10000] _byte_map_base: 0x0000020be0610000

Marking Bits (Prev, Next): (CMBitMap*) 0x0000020bcd852820, (CMBitMap*) 0x0000020bcd8527e8
 Prev Bits: [0x0000020be3210000, 0x0000020be5210000)
 Next Bits: [0x0000020be1210000, 0x0000020be3210000)

Polling page: 0x0000020bcb800000

Metaspace:

Usage:
  Non-class:     82.34 MB capacity,    80.96 MB ( 98%) used,     1.10 MB (  1%) free+waste,   290.69 KB ( <1%) overhead. 
      Class:     12.71 MB capacity,    11.84 MB ( 93%) used,   763.26 KB (  6%) free+waste,   127.44 KB ( <1%) overhead. 
       Both:     95.05 MB capacity,    92.79 MB ( 98%) used,     1.84 MB (  2%) free+waste,   418.13 KB ( <1%) overhead. 

Virtual space:
  Non-class space:       84.00 MB reserved,      82.37 MB ( 98%) committed 
      Class space:        1.00 GB reserved,      12.75 MB (  1%) committed 
             Both:        1.08 GB reserved,      95.12 MB (  9%) committed 

Chunk freelists:
   Non-Class:  0 bytes
       Class:  0 bytes
        Both:  0 bytes

MaxMetaspaceSize: 17179869184.00 GB
CompressedClassSpaceSize: 1.00 GB

CodeHeap 'non-profiled nmethods': size=120000Kb used=10408Kb max_used=10408Kb free=109591Kb
 bounds [0x0000020bd8db0000, 0x0000020bd97e0000, 0x0000020be02e0000]
CodeHeap 'profiled nmethods': size=120000Kb used=32010Kb max_used=32010Kb free=87989Kb
 bounds [0x0000020bd1880000, 0x0000020bd37d0000, 0x0000020bd8db0000]
CodeHeap 'non-nmethods': size=5760Kb used=2314Kb max_used=2380Kb free=3446Kb
 bounds [0x0000020bd12e0000, 0x0000020bd1550000, 0x0000020bd1880000]
 total_blobs=15649 nmethods=14746 adapters=813
 compilation: enabled
              stopped_count=0, restarted_count=0
 full_count=0

Compilation events (20 events):
Event: 60.856 Thread 0x0000020be85c3800 14749       3       org.gradle.internal.snapshot.DirectorySnapshot$$Lambda$1026/0x0000000100c67840::get$Lambda (10 bytes)
Event: 60.856 Thread 0x0000020be85c3800 nmethod 14749 0x0000020bd37b2590 code [0x0000020bd37b2760, 0x0000020bd37b2a18]
Event: 60.858 Thread 0x0000020be85c3800 14751       3       org.gradle.api.internal.tasks.properties.ValidationActions::toFile (13 bytes)
Event: 60.859 Thread 0x0000020be85c3800 nmethod 14751 0x0000020bd37b2b10 code [0x0000020bd37b2ce0, 0x0000020bd37b2f88]
Event: 60.860 Thread 0x0000020be85c3800 14752       3       org.gradle.internal.collect.PersistentList$Cons::forEach (19 bytes)
Event: 60.860 Thread 0x0000020be85c3800 nmethod 14752 0x0000020bd37b3110 code [0x0000020bd37b32e0, 0x0000020bd37b3578]
Event: 60.860 Thread 0x0000020be85c3800 14753       3       org.gradle.execution.plan.ExecutionNodeAccessHierarchy$AbstractNodeAccessVisitor::addNode (15 bytes)
Event: 60.861 Thread 0x0000020be85c3800 nmethod 14753 0x0000020bd37b3690 code [0x0000020bd37b3860, 0x0000020bd37b3af8]
Event: 60.861 Thread 0x0000020be85c3800 14754       3       org.gradle.execution.plan.LocalTaskNodeExecutor$$Lambda$1001/0x0000000100b9c440::test (16 bytes)
Event: 60.861 Thread 0x0000020be85c3800 nmethod 14754 0x0000020bd37b3c10 code [0x0000020bd37b3e00, 0x0000020bd37b41d8]
Event: 60.861 Thread 0x0000020be85c3800 14755       3       org.gradle.internal.execution.history.changes.ClasspathCompareStrategy$ChangeState::hasMoreToProcess (20 bytes)
Event: 60.861 Thread 0x0000020be85c3800 nmethod 14755 0x0000020bd37b4390 code [0x0000020bd37b4540, 0x0000020bd37b46d8]
Event: 60.861 Thread 0x0000020be85c3800 14756       3       org.gradle.internal.execution.history.changes.ClasspathCompareStrategy$ChangeState::processChange (257 bytes)
Event: 60.862 Thread 0x0000020be85c3800 nmethod 14756 0x0000020bd37b4790 code [0x0000020bd37b4ba0, 0x0000020bd37b66c8]
Event: 60.869 Thread 0x0000020be85c3800 14757       3       org.gradle.api.internal.tasks.properties.ValidationActions::access$100 (6 bytes)
Event: 60.869 Thread 0x0000020be85c3800 nmethod 14757 0x0000020bd37b6d90 code [0x0000020bd37b6f60, 0x0000020bd37b7248]
Event: 60.873 Thread 0x0000020be85c3800 14758       3       org.gradle.internal.time.Time::startTimer (11 bytes)
Event: 60.873 Thread 0x0000020be85c3800 nmethod 14758 0x0000020bd37b7410 code [0x0000020bd37b75e0, 0x0000020bd37b79b8]
Event: 60.935 Thread 0x0000020be85c3800 14762       3       org.gradle.internal.snapshot.impl.KnownImplementationSnapshot::equals (57 bytes)
Event: 60.935 Thread 0x0000020be85c3800 nmethod 14762 0x0000020bd37b7b10 code [0x0000020bd37b7d00, 0x0000020bd37b8238]

GC Heap History (20 events):
Event: 11.250 GC heap before
{Heap before GC invocations=8 (full 0):
 garbage-first heap   total 258048K, used 169430K [0x0000000080000000, 0x0000000100000000)
  region size 1024K, 141 young (144384K), 13 survivors (13312K)
 Metaspace       used 53502K, capacity 54832K, committed 55164K, reserved 1097728K
  class space    used 6833K, capacity 7343K, committed 7424K, reserved 1048576K
}
Event: 11.265 GC heap after
{Heap after GC invocations=9 (full 0):
 garbage-first heap   total 258048K, used 49853K [0x0000000080000000, 0x0000000100000000)
  region size 1024K, 18 young (18432K), 18 survivors (18432K)
 Metaspace       used 53502K, capacity 54832K, committed 55164K, reserved 1097728K
  class space    used 6833K, capacity 7343K, committed 7424K, reserved 1048576K
}
Event: 11.880 GC heap before
{Heap before GC invocations=9 (full 0):
 garbage-first heap   total 258048K, used 80573K [0x0000000080000000, 0x0000000100000000)
  region size 1024K, 49 young (50176K), 18 survivors (18432K)
 Metaspace       used 58431K, capacity 59774K, committed 59900K, reserved 1101824K
  class space    used 7419K, capacity 7942K, committed 8064K, reserved 1048576K
}
Event: 11.902 GC heap after
{Heap after GC invocations=10 (full 0):
 garbage-first heap   total 258048K, used 52720K [0x0000000080000000, 0x0000000100000000)
  region size 1024K, 3 young (3072K), 3 survivors (3072K)
 Metaspace       used 58431K, capacity 59774K, committed 59900K, reserved 1101824K
  class space    used 7419K, capacity 7942K, committed 8064K, reserved 1048576K
}
Event: 13.416 GC heap before
{Heap before GC invocations=11 (full 0):
 garbage-first heap   total 258048K, used 143856K [0x0000000080000000, 0x0000000100000000)
  region size 1024K, 92 young (94208K), 3 survivors (3072K)
 Metaspace       used 66836K, capacity 68294K, committed 68348K, reserved 1107968K
  class space    used 8473K, capacity 9038K, committed 9088K, reserved 1048576K
}
Event: 13.423 GC heap after
{Heap after GC invocations=12 (full 0):
 garbage-first heap   total 258048K, used 57703K [0x0000000080000000, 0x0000000100000000)
  region size 1024K, 8 young (8192K), 8 survivors (8192K)
 Metaspace       used 66836K, capacity 68294K, committed 68348K, reserved 1107968K
  class space    used 8473K, capacity 9038K, committed 9088K, reserved 1048576K
}
Event: 15.001 GC heap before
{Heap before GC invocations=12 (full 0):
 garbage-first heap   total 258048K, used 153959K [0x0000000080000000, 0x0000000100000000)
  region size 1024K, 102 young (104448K), 8 survivors (8192K)
 Metaspace       used 73666K, capacity 75205K, committed 75388K, reserved 1114112K
  class space    used 9518K, capacity 10121K, committed 10240K, reserved 1048576K
}
Event: 15.009 GC heap after
{Heap after GC invocations=13 (full 0):
 garbage-first heap   total 258048K, used 64871K [0x0000000080000000, 0x0000000100000000)
  region size 1024K, 13 young (13312K), 13 survivors (13312K)
 Metaspace       used 73666K, capacity 75205K, committed 75388K, reserved 1114112K
  class space    used 9518K, capacity 10121K, committed 10240K, reserved 1048576K
}
Event: 16.758 GC heap before
{Heap before GC invocations=13 (full 0):
 garbage-first heap   total 258048K, used 164199K [0x0000000080000000, 0x0000000100000000)
  region size 1024K, 110 young (112640K), 13 survivors (13312K)
 Metaspace       used 83039K, capacity 84904K, committed 84988K, reserved 1122304K
  class space    used 10831K, capacity 11585K, committed 11648K, reserved 1048576K
}
Event: 16.774 GC heap after
{Heap after GC invocations=14 (full 0):
 garbage-first heap   total 258048K, used 71971K [0x0000000080000000, 0x0000000100000000)
  region size 1024K, 14 young (14336K), 14 survivors (14336K)
 Metaspace       used 83039K, capacity 84904K, committed 84988K, reserved 1122304K
  class space    used 10831K, capacity 11585K, committed 11648K, reserved 1048576K
}
Event: 18.210 GC heap before
{Heap before GC invocations=14 (full 0):
 garbage-first heap   total 258048K, used 172323K [0x0000000080000000, 0x0000000100000000)
  region size 1024K, 113 young (115712K), 14 survivors (14336K)
 Metaspace       used 85558K, capacity 87614K, committed 87932K, reserved 1126400K
  class space    used 11133K, capacity 11946K, committed 12032K, reserved 1048576K
}
Event: 18.225 GC heap after
{Heap after GC invocations=15 (full 0):
 garbage-first heap   total 258048K, used 79668K [0x0000000080000000, 0x0000000100000000)
  region size 1024K, 15 young (15360K), 15 survivors (15360K)
 Metaspace       used 85558K, capacity 87614K, committed 87932K, reserved 1126400K
  class space    used 11133K, capacity 11946K, committed 12032K, reserved 1048576K
}
Event: 19.952 GC heap before
{Heap before GC invocations=15 (full 0):
 garbage-first heap   total 258048K, used 180020K [0x0000000080000000, 0x0000000100000000)
  region size 1024K, 114 young (116736K), 15 survivors (15360K)
 Metaspace       used 91439K, capacity 93584K, committed 93692K, reserved 1130496K
  class space    used 11848K, capacity 12664K, committed 12672K, reserved 1048576K
}
Event: 19.965 GC heap after
{Heap after GC invocations=16 (full 0):
 garbage-first heap   total 258048K, used 85815K [0x0000000080000000, 0x0000000100000000)
  region size 1024K, 14 young (14336K), 14 survivors (14336K)
 Metaspace       used 91439K, capacity 93584K, committed 93692K, reserved 1130496K
  class space    used 11848K, capacity 12664K, committed 12672K, reserved 1048576K
}
Event: 36.204 GC heap before
{Heap before GC invocations=16 (full 0):
 garbage-first heap   total 258048K, used 187191K [0x0000000080000000, 0x0000000100000000)
  region size 1024K, 114 young (116736K), 14 survivors (14336K)
 Metaspace       used 93153K, capacity 95363K, committed 95484K, reserved 1132544K
  class space    used 12041K, capacity 12872K, committed 12928K, reserved 1048576K
}
Event: 36.219 GC heap after
{Heap after GC invocations=17 (full 0):
 garbage-first heap   total 258048K, used 92786K [0x0000000080000000, 0x0000000100000000)
  region size 1024K, 13 young (13312K), 13 survivors (13312K)
 Metaspace       used 93153K, capacity 95363K, committed 95484K, reserved 1132544K
  class space    used 12041K, capacity 12872K, committed 12928K, reserved 1048576K
}
Event: 52.060 GC heap before
{Heap before GC invocations=17 (full 0):
 garbage-first heap   total 258048K, used 193138K [0x0000000080000000, 0x0000000100000000)
  region size 1024K, 112 young (114688K), 13 survivors (13312K)
 Metaspace       used 94180K, capacity 96426K, committed 96508K, reserved 1132544K
  class space    used 12065K, capacity 12913K, committed 12928K, reserved 1048576K
}
Event: 52.076 GC heap after
{Heap after GC invocations=18 (full 0):
 garbage-first heap   total 258048K, used 95735K [0x0000000080000000, 0x0000000100000000)
  region size 1024K, 5 young (5120K), 5 survivors (5120K)
 Metaspace       used 94180K, capacity 96426K, committed 96508K, reserved 1132544K
  class space    used 12065K, capacity 12913K, committed 12928K, reserved 1048576K
}
Event: 60.206 GC heap before
{Heap before GC invocations=18 (full 0):
 garbage-first heap   total 258048K, used 197111K [0x0000000080000000, 0x0000000100000000)
  region size 1024K, 105 young (107520K), 5 survivors (5120K)
 Metaspace       used 94887K, capacity 97191K, committed 97404K, reserved 1134592K
  class space    used 12107K, capacity 12990K, committed 13056K, reserved 1048576K
}
Event: 60.214 GC heap after
{Heap after GC invocations=19 (full 0):
 garbage-first heap   total 258048K, used 98574K [0x0000000080000000, 0x0000000100000000)
  region size 1024K, 8 young (8192K), 8 survivors (8192K)
 Metaspace       used 94887K, capacity 97191K, committed 97404K, reserved 1134592K
  class space    used 12107K, capacity 12990K, committed 13056K, reserved 1048576K
}

Deoptimization events (20 events):
Event: 59.560 Thread 0x0000020bead1f800 DEOPT PACKING pc=0x0000020bd21dc9ab sp=0x000000e9a86f9bf0
Event: 59.560 Thread 0x0000020bead1f800 DEOPT UNPACKING pc=0x0000020bd1307c0e sp=0x000000e9a86f9088 mode 0
Event: 59.567 Thread 0x0000020bead1f800 DEOPT PACKING pc=0x0000020bd21dc9ab sp=0x000000e9a86f9bf0
Event: 59.567 Thread 0x0000020bead1f800 DEOPT UNPACKING pc=0x0000020bd1307c0e sp=0x000000e9a86f9088 mode 0
Event: 59.571 Thread 0x0000020bee8d7800 Uncommon trap: trap_request=0xffffffde fr.pc=0x0000020bd950714c relative=0x000000000000366c
Event: 59.571 Thread 0x0000020bee8d7800 Uncommon trap: reason=class_check action=maybe_recompile pc=0x0000020bd950714c method=com.google.common.cache.LocalCache$Segment.storeLoadedValue(Ljava/lang/Object;ILcom/google/common/cache/LocalCache$LoadingValueReference;Ljava/lang/Object;)Z @ 282 c2
Event: 59.571 Thread 0x0000020bee8d7800 DEOPT PACKING pc=0x0000020bd950714c sp=0x000000e9ad4fe770
Event: 59.572 Thread 0x0000020bee8d7800 DEOPT UNPACKING pc=0x0000020bd12e83af sp=0x000000e9ad4fe768 mode 2
Event: 59.968 Thread 0x0000020bead1f800 Uncommon trap: trap_request=0xffffffde fr.pc=0x0000020bd93939f8 relative=0x00000000000000b8
Event: 59.968 Thread 0x0000020bead1f800 Uncommon trap: reason=class_check action=maybe_recompile pc=0x0000020bd93939f8 method=java.util.stream.ReferencePipeline$4$1.accept(Ljava/lang/Object;)V @ 12 c2
Event: 59.969 Thread 0x0000020bead1f800 DEOPT PACKING pc=0x0000020bd93939f8 sp=0x000000e9a86fbf30
Event: 59.969 Thread 0x0000020bead1f800 DEOPT UNPACKING pc=0x0000020bd12e83af sp=0x000000e9a86fbeb0 mode 2
Event: 60.084 Thread 0x0000020bf0934000 Uncommon trap: trap_request=0xffffffc6 fr.pc=0x0000020bd8f164d0 relative=0x00000000000008f0
Event: 60.084 Thread 0x0000020bf0934000 Uncommon trap: reason=bimorphic_or_optimized_type_check action=maybe_recompile pc=0x0000020bd8f164d0 method=java.lang.Throwable.<init>(Ljava/lang/String;Ljava/lang/Throwable;)V @ 24 c2
Event: 60.084 Thread 0x0000020bf0934000 DEOPT PACKING pc=0x0000020bd8f164d0 sp=0x000000e9af9fb0a0
Event: 60.084 Thread 0x0000020bf0934000 DEOPT UNPACKING pc=0x0000020bd12e83af sp=0x000000e9af9fb010 mode 2
Event: 60.552 Thread 0x0000020bf092e000 Uncommon trap: trap_request=0xffffffdc fr.pc=0x0000020bd9772014 relative=0x0000000000000254
Event: 60.552 Thread 0x0000020bf092e000 Uncommon trap: reason=class_check action=make_not_entrant pc=0x0000020bd9772014 method=java.util.ArrayDeque.toArray(Ljava/lang/Class;)[Ljava/lang/Object; @ 45 c2
Event: 60.552 Thread 0x0000020bf092e000 DEOPT PACKING pc=0x0000020bd9772014 sp=0x000000e9afafbcd0
Event: 60.552 Thread 0x0000020bf092e000 DEOPT UNPACKING pc=0x0000020bd12e83af sp=0x000000e9afafbc80 mode 2

Classes redefined (0 events):
No events

Internal exceptions (20 events):
Event: 37.780 Thread 0x0000020bead1f800 Exception <a 'sun/nio/fs/WindowsException'{0x000000008dccde08}> (0x000000008dccde08) thrown at [./src/hotspot/share/prims/jni.cpp, line 615]
Event: 37.780 Thread 0x0000020bead1f800 Exception <a 'sun/nio/fs/WindowsException'{0x000000008dccde88}> (0x000000008dccde88) thrown at [./src/hotspot/share/prims/jni.cpp, line 615]
Event: 37.781 Thread 0x0000020bead1f800 Exception <a 'sun/nio/fs/WindowsException'{0x000000008dccf828}> (0x000000008dccf828) thrown at [./src/hotspot/share/prims/jni.cpp, line 615]
Event: 51.908 Thread 0x0000020bead1f800 Exception <a 'sun/nio/fs/WindowsException'{0x0000000089e5e8b8}> (0x0000000089e5e8b8) thrown at [./src/hotspot/share/prims/jni.cpp, line 615]
Event: 51.932 Thread 0x0000020bead1f800 Implicit null exception at 0x0000020bd95b14fe to 0x0000020bd95b1610
Event: 52.240 Thread 0x0000020bead1f800 Exception <a 'sun/nio/fs/WindowsException'{0x000000008f5da710}> (0x000000008f5da710) thrown at [./src/hotspot/share/prims/jni.cpp, line 615]
Event: 52.251 Thread 0x0000020bead1f800 Exception <a 'sun/nio/fs/WindowsException'{0x000000008f477668}> (0x000000008f477668) thrown at [./src/hotspot/share/prims/jni.cpp, line 615]
Event: 52.251 Thread 0x0000020bead1f800 Exception <a 'sun/nio/fs/WindowsException'{0x000000008f478a20}> (0x000000008f478a20) thrown at [./src/hotspot/share/prims/jni.cpp, line 615]
Event: 52.251 Thread 0x0000020bead1f800 Exception <a 'sun/nio/fs/WindowsException'{0x000000008f479e28}> (0x000000008f479e28) thrown at [./src/hotspot/share/prims/jni.cpp, line 615]
Event: 52.251 Thread 0x0000020bead1f800 Exception <a 'sun/nio/fs/WindowsException'{0x000000008f47b230}> (0x000000008f47b230) thrown at [./src/hotspot/share/prims/jni.cpp, line 615]
Event: 53.499 Thread 0x0000020bead1f800 Exception <a 'sun/nio/fs/WindowsException'{0x000000008f06dfa0}> (0x000000008f06dfa0) thrown at [./src/hotspot/share/prims/jni.cpp, line 615]
Event: 53.499 Thread 0x0000020bead1f800 Exception <a 'sun/nio/fs/WindowsException'{0x000000008f06e020}> (0x000000008f06e020) thrown at [./src/hotspot/share/prims/jni.cpp, line 615]
Event: 53.499 Thread 0x0000020bead1f800 Exception <a 'sun/nio/fs/WindowsException'{0x000000008f06f9c0}> (0x000000008f06f9c0) thrown at [./src/hotspot/share/prims/jni.cpp, line 615]
Event: 53.673 Thread 0x0000020beaa88000 Implicit null exception at 0x0000020bd93c968a to 0x0000020bd93c9ac8
Event: 59.651 Thread 0x0000020bead1f800 Exception <a 'sun/nio/fs/WindowsException'{0x000000008b337600}> (0x000000008b337600) thrown at [./src/hotspot/share/prims/jni.cpp, line 615]
Event: 59.829 Thread 0x0000020bead1f800 Exception <a 'sun/nio/fs/WindowsException'{0x000000008a9a81a8}> (0x000000008a9a81a8) thrown at [./src/hotspot/share/prims/jni.cpp, line 615]
Event: 59.837 Thread 0x0000020bead1f800 Exception <a 'sun/nio/fs/WindowsException'{0x000000008a844d08}> (0x000000008a844d08) thrown at [./src/hotspot/share/prims/jni.cpp, line 615]
Event: 59.837 Thread 0x0000020bead1f800 Exception <a 'sun/nio/fs/WindowsException'{0x000000008a8460c0}> (0x000000008a8460c0) thrown at [./src/hotspot/share/prims/jni.cpp, line 615]
Event: 59.837 Thread 0x0000020bead1f800 Exception <a 'sun/nio/fs/WindowsException'{0x000000008a8474c8}> (0x000000008a8474c8) thrown at [./src/hotspot/share/prims/jni.cpp, line 615]
Event: 59.838 Thread 0x0000020bead1f800 Exception <a 'sun/nio/fs/WindowsException'{0x000000008a8488d0}> (0x000000008a8488d0) thrown at [./src/hotspot/share/prims/jni.cpp, line 615]

Events (20 events):
Event: 60.366 Executing VM operation: RevokeBias
Event: 60.367 Executing VM operation: RevokeBias done
Event: 60.367 Executing VM operation: RevokeBias
Event: 60.367 Executing VM operation: RevokeBias done
Event: 60.367 Executing VM operation: RevokeBias
Event: 60.367 Executing VM operation: RevokeBias done
Event: 60.367 Executing VM operation: BulkRevokeBias
Event: 60.369 Executing VM operation: BulkRevokeBias done
Event: 60.673 Thread 0x0000020be85d6000 flushing nmethod 0x0000020bd1880990
Event: 60.673 Thread 0x0000020be85d6000 flushing nmethod 0x0000020bd1880e10
Event: 60.684 Executing VM operation: ICBufferFull
Event: 60.685 Executing VM operation: ICBufferFull done
Event: 60.690 loading class org/gradle/internal/typeconversion/NotationConverterToNotationParserAdapter$1
Event: 60.690 loading class org/gradle/internal/typeconversion/NotationConverterToNotationParserAdapter$1 done
Event: 60.906 Executing VM operation: RevokeBias
Event: 60.907 Executing VM operation: RevokeBias done
Event: 60.911 Executing VM operation: RevokeBias
Event: 60.911 Executing VM operation: RevokeBias done
Event: 60.937 loading class org/gradle/internal/fingerprint/impl/DefaultFileCollectionSnapshotter$1
Event: 60.937 loading class org/gradle/internal/fingerprint/impl/DefaultFileCollectionSnapshotter$1 done


Dynamic libraries:
0x00007ff7fc5b0000 - 0x00007ff7fc5ba000 	C:\Program Files\Android\Android Studio\jre\bin\java.exe
0x00007ffb42c10000 - 0x00007ffb42e05000 	C:\windows\SYSTEM32\ntdll.dll
0x00007ffb40dc0000 - 0x00007ffb40e7e000 	C:\windows\System32\KERNEL32.DLL
0x00007ffb40770000 - 0x00007ffb40a38000 	C:\windows\System32\KERNELBASE.dll
0x00007ffb404e0000 - 0x00007ffb405e0000 	C:\windows\System32\ucrtbase.dll
0x00007ffb35250000 - 0x00007ffb35269000 	C:\Program Files\Android\Android Studio\jre\bin\jli.dll
0x00007ffb253e0000 - 0x00007ffb253f7000 	C:\Program Files\Android\Android Studio\jre\bin\VCRUNTIME140.dll
0x00007ffb42a30000 - 0x00007ffb42bd0000 	C:\windows\System32\USER32.dll
0x00007ffb405e0000 - 0x00007ffb40602000 	C:\windows\System32\win32u.dll
0x00007ffb412f0000 - 0x00007ffb4131a000 	C:\windows\System32\GDI32.dll
0x00007ffb264c0000 - 0x00007ffb2675a000 	C:\windows\WinSxS\amd64_microsoft.windows.common-controls_6595b64144ccf1df_6.0.19041.1110_none_60b5254171f9507e\COMCTL32.dll
0x00007ffb40b10000 - 0x00007ffb40c1b000 	C:\windows\System32\gdi32full.dll
0x00007ffb40a40000 - 0x00007ffb40add000 	C:\windows\System32\msvcp_win.dll
0x00007ffb41580000 - 0x00007ffb4161e000 	C:\windows\System32\msvcrt.dll
0x00007ffb40c70000 - 0x00007ffb40ca0000 	C:\windows\System32\IMM32.DLL
0x00007ffb3f090000 - 0x00007ffb3f192000 	C:\Program Files\Avecto\Privilege Guard Client\PGHook.dll
0x00007ffb42400000 - 0x00007ffb424ae000 	C:\windows\System32\ADVAPI32.dll
0x00007ffb41140000 - 0x00007ffb411dc000 	C:\windows\System32\sechost.dll
0x00007ffb42520000 - 0x00007ffb42645000 	C:\windows\System32\RPCRT4.dll
0x0000000068000000 - 0x0000000068072000 	C:\windows\System32\QIPCAP64.dll
0x00007ffb41690000 - 0x00007ffb41dd4000 	C:\windows\System32\SHELL32.dll
0x00007ffb3f7f0000 - 0x00007ffb3f8bb000 	C:\windows\SYSTEM32\DNSAPI.dll
0x00007ffb3f7a0000 - 0x00007ffb3f7db000 	C:\windows\SYSTEM32\IPHLPAPI.DLL
0x00007ffb41620000 - 0x00007ffb41628000 	C:\windows\System32\NSI.dll
0x00007ffaefb20000 - 0x00007ffaefbbd000 	C:\Program Files\Android\Android Studio\jre\bin\msvcp140.dll
0x00007ffae9a80000 - 0x00007ffaea555000 	C:\Program Files\Android\Android Studio\jre\bin\server\jvm.dll
0x00007ffb42510000 - 0x00007ffb42518000 	C:\windows\System32\PSAPI.DLL
0x00007ffb1eb90000 - 0x00007ffb1eb99000 	C:\windows\SYSTEM32\WSOCK32.dll
0x00007ffb413b0000 - 0x00007ffb4141b000 	C:\windows\System32\WS2_32.dll
0x00007ffb31a30000 - 0x00007ffb31a57000 	C:\windows\SYSTEM32\WINMM.dll
0x00007ffb33800000 - 0x00007ffb3380a000 	C:\windows\SYSTEM32\VERSION.dll
0x00007ffb3ee70000 - 0x00007ffb3ee82000 	C:\windows\SYSTEM32\kernel.appcore.dll
0x00007ffb34180000 - 0x00007ffb34191000 	C:\Program Files\Android\Android Studio\jre\bin\verify.dll
0x00007ffb3ea40000 - 0x00007ffb3ec24000 	C:\windows\SYSTEM32\DBGHELP.DLL
0x00007ffb1a540000 - 0x00007ffb1a56c000 	C:\windows\SYSTEM32\dbgcore.DLL
0x00007ffb40330000 - 0x00007ffb403b2000 	C:\windows\System32\bcryptPrimitives.dll
0x00007ffb24680000 - 0x00007ffb246a9000 	C:\Program Files\Android\Android Studio\jre\bin\java.dll
0x00007ffb353f0000 - 0x00007ffb353fb000 	C:\Program Files\Android\Android Studio\jre\bin\jimage.dll
0x00007ffb26fb0000 - 0x00007ffb26fc8000 	C:\Program Files\Android\Android Studio\jre\bin\zip.dll
0x00007ffb3a2d0000 - 0x00007ffb3aa64000 	C:\windows\SYSTEM32\windows.storage.dll
0x0000020be89c0000 - 0x0000020be8d14000 	C:\windows\System32\combase.dll
0x00007ffb3fda0000 - 0x00007ffb3fdcc000 	C:\windows\SYSTEM32\Wldp.dll
0x00007ffb40e80000 - 0x00007ffb40f2d000 	C:\windows\System32\SHCORE.dll
0x00007ffb410e0000 - 0x00007ffb41135000 	C:\windows\System32\shlwapi.dll
0x00007ffb40270000 - 0x00007ffb4028f000 	C:\windows\SYSTEM32\profapi.dll
0x00007ffb26a00000 - 0x00007ffb26a1a000 	C:\Program Files\Android\Android Studio\jre\bin\net.dll
0x00007ffb3f390000 - 0x00007ffb3f49a000 	C:\windows\SYSTEM32\WINHTTP.dll
0x00007ffb3fb00000 - 0x00007ffb3fb6a000 	C:\windows\system32\mswsock.dll
0x00007ffb262a0000 - 0x00007ffb262b4000 	C:\Program Files\Android\Android Studio\jre\bin\nio.dll
0x00007ffb34ff0000 - 0x00007ffb35017000 	C:\Users\alvaro.albarracin\.gradle\native\e1d6ef7f7dcc3fd88c89a11ec53ec762bb8ba0a96d01ffa2cd45eb1d1d8dd5c5\windows-amd64\native-platform.dll
0x00007ffaef300000 - 0x00007ffaef444000 	C:\Users\alvaro.albarracin\.gradle\native\5664cfc778a61ccfe75a443a1ab52a65af34e5dc3c78e0209fed803814484fcb\windows-amd64\native-platform-file-events.dll
0x00007ffb26250000 - 0x00007ffb2625a000 	C:\Program Files\Android\Android Studio\jre\bin\management.dll
0x00007ffb25e00000 - 0x00007ffb25e0d000 	C:\Program Files\Android\Android Studio\jre\bin\management_ext.dll
0x00007ffb3fcf0000 - 0x00007ffb3fd08000 	C:\windows\SYSTEM32\CRYPTSP.dll
0x00007ffb3f300000 - 0x00007ffb3f334000 	C:\windows\system32\rsaenh.dll
0x00007ffb40ae0000 - 0x00007ffb40b07000 	C:\windows\System32\bcrypt.dll
0x00007ffb401f0000 - 0x00007ffb4021e000 	C:\windows\SYSTEM32\USERENV.dll
0x00007ffb3fd10000 - 0x00007ffb3fd1c000 	C:\windows\SYSTEM32\CRYPTBASE.dll
0x00007ffb35490000 - 0x00007ffb354a7000 	C:\windows\SYSTEM32\dhcpcsvc6.DLL
0x00007ffb35470000 - 0x00007ffb3548d000 	C:\windows\SYSTEM32\dhcpcsvc.DLL

dbghelp: loaded successfully - version: 4.0.5 - missing functions: none
symbol engine: initialized successfully - sym options: 0x614 - pdb path: .;C:\Program Files\Android\Android Studio\jre\bin;C:\windows\SYSTEM32;C:\windows\WinSxS\amd64_microsoft.windows.common-controls_6595b64144ccf1df_6.0.19041.1110_none_60b5254171f9507e;C:\Program Files\Avecto\Privilege Guard Client;C:\Program Files\Android\Android Studio\jre\bin\server;C:\Users\alvaro.albarracin\.gradle\native\e1d6ef7f7dcc3fd88c89a11ec53ec762bb8ba0a96d01ffa2cd45eb1d1d8dd5c5\windows-amd64;C:\Users\alvaro.albarracin\.gradle\native\5664cfc778a61ccfe75a443a1ab52a65af34e5dc3c78e0209fed803814484fcb\windows-amd64

VM Arguments:
jvm_args: --add-opens=java.base/java.util=ALL-UNNAMED --add-opens=java.base/java.lang=ALL-UNNAMED --add-opens=java.base/java.lang.invoke=ALL-UNNAMED --add-opens=java.base/java.util=ALL-UNNAMED --add-opens=java.prefs/java.util.prefs=ALL-UNNAMED --add-opens=java.prefs/java.util.prefs=ALL-UNNAMED --add-opens=java.base/java.nio.charset=ALL-UNNAMED --add-opens=java.base/java.net=ALL-UNNAMED --add-opens=java.base/java.util.concurrent.atomic=ALL-UNNAMED -Xmx2048m -Dfile.encoding=UTF-8 -Duser.country=ES -Duser.language=es -Duser.variant 
java_command: org.gradle.launcher.daemon.bootstrap.GradleDaemon 7.2
java_class_path (initial): C:\Users\alvaro.albarracin\.gradle\wrapper\dists\gradle-7.2-bin\2dnblmf4td7x66yl1d74lt32g\gradle-7.2\lib\gradle-launcher-7.2.jar
Launcher Type: SUN_STANDARD

[Global flags]
     intx CICompilerCount                          = 4                                         {product} {ergonomic}
     uint ConcGCThreads                            = 2                                         {product} {ergonomic}
     uint G1ConcRefinementThreads                  = 8                                         {product} {ergonomic}
   size_t G1HeapRegionSize                         = 1048576                                   {product} {ergonomic}
    uintx GCDrainStackTargetSize                   = 64                                        {product} {ergonomic}
   size_t InitialHeapSize                          = 264241152                                 {product} {ergonomic}
   size_t MarkStackSize                            = 4194304                                   {product} {ergonomic}
   size_t MaxHeapSize                              = 2147483648                                {product} {command line}
   size_t MaxNewSize                               = 1287651328                                {product} {ergonomic}
   size_t MinHeapDeltaBytes                        = 1048576                                   {product} {ergonomic}
    uintx NonNMethodCodeHeapSize                   = 5836300                                {pd product} {ergonomic}
    uintx NonProfiledCodeHeapSize                  = 122910970                              {pd product} {ergonomic}
    uintx ProfiledCodeHeapSize                     = 122910970                              {pd product} {ergonomic}
    uintx ReservedCodeCacheSize                    = 251658240                              {pd product} {ergonomic}
     bool SegmentedCodeCache                       = true                                      {product} {ergonomic}
     bool UseCompressedClassPointers               = true                                 {lp64_product} {ergonomic}
     bool UseCompressedOops                        = true                                 {lp64_product} {ergonomic}
     bool UseG1GC                                  = true                                      {product} {ergonomic}
     bool UseLargePagesIndividualAllocation        = false                                  {pd product} {ergonomic}

Logging:
Log output configuration:
 #0: stdout all=warning uptime,level,tags
 #1: stderr all=off uptime,level,tags

Environment Variables:
JAVA_HOME=C:\Program Files\Java\jdk-11.0.13
PATH=C:\Program Files\Common Files\Oracle\Java\javapath;C:\windows\system32;C:\windows;C:\windows\System32\Wbem;C:\windows\System32\WindowsPowerShell\v1.0\;C:\windows\System32\OpenSSH\;C:\Program Files (x86)\Pulse Secure\VC142.CRT\X64\;C:\Program Files (x86)\Pulse Secure\VC142.CRT\X86\;C:\Program Files (x86)\Common Files\Pulse Secure\VC142.CRT\X64\;C:\Program Files (x86)\Common Files\Pulse Secure\VC142.CRT\X86\;C:\Program Files\nodejs\;C:\Program Files\Java\jdk-11.0.13;C:\Users\alvaro.albarracin\OneDrive - Accenture\Documentos\gradle-6.8.2\bin;C:\Users\alvaro.albarracin\AppData\Local\Microsoft\WindowsApps;C:\Users\alvaro.albarracin\AppData\Local\Programs\Microsoft VS Code\bin;C:\Users\alvaro.albarracin\AppData\Local\Programs\Git\cmd;C:\Users\alvaro.albarracin\AppData\Roaming\npm;C:\Users\alvaro.albarracin\AppData\Local\GitHubDesktop\bin;C:\Users\alvaro.albarracin\AppData\Local\Android\Sdk;
USERNAME=alvaro.albarracin
OS=Windows_NT
PROCESSOR_IDENTIFIER=Intel64 Family 6 Model 140 Stepping 1, GenuineIntel



---------------  S Y S T E M  ---------------

OS: Windows 10 , 64 bit Build 19041 (10.0.19041.1645)
OS uptime: 0 days 7:25 hours

CPU:total 8 (initial active 8) (4 cores per cpu, 2 threads per core) family 6 model 140 stepping 1 microcode 0x9a, cmov, cx8, fxsr, mmx, sse, sse2, sse3, ssse3, sse4.1, sse4.2, popcnt, avx, avx2, aes, clmul, erms, 3dnowpref, lzcnt, ht, tsc, tscinvbit, bmi1, bmi2, adx, evex, sha, fma

Memory: 4k page, system-wide physical 16064M (862M free)
TotalPageFile size 46205M (AvailPageFile size 5M)
current process WorkingSet (physical memory assigned to process): 547M, peak: 553M
current process commit charge ("private bytes"): 598M, peak: 611M

vm_info: OpenJDK 64-Bit Server VM (11.0.11+9-b60-7590822) for windows-amd64 JRE (11.0.11+9-b60-7590822), built on Jul 29 2021 21:43:44 by "builder" with MS VC++ 14.0 (VS2015)

END.
