#
# There is insufficient memory for the Java Runtime Environment to continue.
# Native memory allocation (malloc) failed to allocate 1610256 bytes for Chunk::new
# Possible reasons:
#   The system is out of physical RAM or swap space
#   The process is running with CompressedOops enabled, and the Java Heap may be blocking the growth of the native heap
# Possible solutions:
#   Reduce memory load on the system
#   Increase physical memory or swap space
#   Check if swap backing store is full
#   Decrease Java heap size (-Xmx/-Xms)
#   Decrease number of Java threads
#   Decrease Java thread stack sizes (-Xss)
#   Set larger code cache with -XX:ReservedCodeCacheSize=
#   JVM is running with Unscaled Compressed Oops mode in which the Java heap is
#     placed in the first 4GB address space. The Java Heap base address is the
#     maximum limit for the native heap growth. Please use -XX:HeapBaseMinAddress
#     to set the Java Heap base and to place the Java Heap above 4GB virtual address.
# This output file may be truncated or incomplete.
#
#  Out of Memory Error (./src/hotspot/share/memory/arena.cpp:197), pid=7320, tid=18120
#
# JRE version: OpenJDK Runtime Environment (11.0.11+9) (build 11.0.11+9-b60-7590822)
# Java VM: OpenJDK 64-Bit Server VM (11.0.11+9-b60-7590822, mixed mode, tiered, compressed oops, g1 gc, windows-amd64)
# No core dump will be written. Minidumps are not enabled by default on client versions of Windows
#

---------------  S U M M A R Y ------------

Command Line: --add-opens=java.base/java.util=ALL-UNNAMED --add-opens=java.base/java.lang=ALL-UNNAMED --add-opens=java.base/java.lang.invoke=ALL-UNNAMED --add-opens=java.base/java.util=ALL-UNNAMED --add-opens=java.prefs/java.util.prefs=ALL-UNNAMED --add-opens=java.prefs/java.util.prefs=ALL-UNNAMED --add-opens=java.base/java.nio.charset=ALL-UNNAMED --add-opens=java.base/java.net=ALL-UNNAMED --add-opens=java.base/java.util.concurrent.atomic=ALL-UNNAMED -Xmx2048m -Dfile.encoding=UTF-8 -Duser.country=ES -Duser.language=es -Duser.variant org.gradle.launcher.daemon.bootstrap.GradleDaemon 7.2

Host: 11th Gen Intel(R) Core(TM) i5-1145G7 @ 2.60GHz, 8 cores, 15G,  Windows 10 , 64 bit Build 19041 (10.0.19041.1645)
Time: Mon May  9 08:32:27 2022 Hora de verano romance elapsed time: 249.127126 seconds (0d 0h 4m 9s)

---------------  T H R E A D  ---------------

Current thread (0x00000169f42a8800):  JavaThread "C2 CompilerThread0" daemon [_thread_in_native, id=18120, stack(0x00000008e9200000,0x00000008e9300000)]


Current CompileTask:
C2: 249127 14624       4       org.gradle.api.internal.artifacts.transform.TransformingAsyncArtifactListener$TransformedArtifact::visit (24 bytes)

Stack: [0x00000008e9200000,0x00000008e9300000]
Native frames: (J=compiled Java code, j=interpreted, Vv=VM code, C=native code)
V  [jvm.dll+0x5f214a]
V  [jvm.dll+0x726fb5]
V  [jvm.dll+0x7285cd]
V  [jvm.dll+0x728c83]
V  [jvm.dll+0x243278]
V  [jvm.dll+0xbc53c]
V  [jvm.dll+0xbca3c]
V  [jvm.dll+0x353e7d]
V  [jvm.dll+0x19895c]
V  [jvm.dll+0x1fc2ee]
V  [jvm.dll+0x1fb3d4]
V  [jvm.dll+0x183d6c]
V  [jvm.dll+0x209a57]
V  [jvm.dll+0x2082a1]
V  [jvm.dll+0x6ef58f]
V  [jvm.dll+0x6e80b5]
V  [jvm.dll+0x5f1036]
C  [ucrtbase.dll+0x21bb2]
C  [KERNEL32.DLL+0x17034]
C  [ntdll.dll+0x52651]


---------------  P R O C E S S  ---------------

Threads class SMR info:
_java_thread_list=0x00000169fdcfee50, length=133, elements={
0x00000169d9541800, 0x00000169f39cc800, 0x00000169f39ce000, 0x00000169f4293800,
0x00000169f4296800, 0x00000169f429b000, 0x00000169f42a8800, 0x00000169f42f7800,
0x00000169f4300800, 0x00000169f4422000, 0x00000169f6bc4000, 0x00000169f44c1800,
0x00000169f582b800, 0x00000169f6ba7800, 0x00000169f6ba9000, 0x00000169f6ba9800,
0x00000169f7096000, 0x00000169f7094800, 0x00000169f7092000, 0x00000169f7099800,
0x00000169f7098800, 0x00000169f709c800, 0x00000169f709e800, 0x00000169f8211000,
0x00000169f8217800, 0x00000169f8212800, 0x00000169f8213800, 0x00000169f8215000,
0x00000169f8216000, 0x00000169f8211800, 0x00000169f8218800, 0x00000169f8219000,
0x00000169f821a000, 0x00000169f8214000, 0x00000169f821a800, 0x00000169f821c800,
0x00000169f821d000, 0x00000169f821e000, 0x00000169f821b800, 0x00000169f821f000,
0x00000169f821f800, 0x00000169f7095800, 0x00000169f7170800, 0x00000169f7097000,
0x00000169f7091000, 0x00000169f7097800, 0x00000169f709d800, 0x00000169f709b000,
0x00000169f709f000, 0x00000169f70a0000, 0x00000169f709a000, 0x00000169f6ba8000,
0x00000169fa7ee000, 0x00000169fa7ec800, 0x00000169fa7ef000, 0x00000169fa7ef800,
0x00000169fa7f1800, 0x00000169fa7eb800, 0x00000169fa7f0800, 0x00000169fa7f3000,
0x00000169fa7f2000, 0x00000169fa7ed000, 0x00000169fa7f7000, 0x00000169fa7f4000,
0x00000169fa7f6000, 0x00000169fa7f8000, 0x00000169fa7f9800, 0x00000169fa7f8800,
0x00000169fa7f5800, 0x00000169fa7f4800, 0x00000169fa7fa800, 0x00000169f58e1800,
0x00000169f58e2000, 0x00000169f58e3000, 0x00000169f58e4000, 0x00000169f58e4800,
0x00000169f58e5800, 0x00000169f58df800, 0x00000169f58e6800, 0x00000169f58e0800,
0x00000169f58e8800, 0x00000169f58e9800, 0x00000169f58ec000, 0x00000169f58e8000,
0x00000169f58ed000, 0x00000169f58eb000, 0x00000169f58e7000, 0x00000169f58ed800,
0x00000169f58ee800, 0x00000169f58ea800, 0x00000169f7fa6000, 0x00000169f7fa8800,
0x00000169f7fa9800, 0x00000169f7fa7000, 0x00000169f7fa5800, 0x00000169f7fad800,
0x00000169f7fab000, 0x00000169f7fa7800, 0x00000169f7faf000, 0x00000169f7fb0000,
0x00000169f7faa000, 0x00000169f7fb1800, 0x00000169f7fac000, 0x00000169f7fae000,
0x00000169f7fb0800, 0x00000169f7fb2800, 0x00000169f7fac800, 0x00000169f7fb3000,
0x00000169f7fb4000, 0x00000169fe1bf800, 0x00000169fe1c5800, 0x00000169fe1c6000,
0x00000169fe1c2000, 0x00000169fe1c0800, 0x00000169fe1c1000, 0x00000169fe1c3000,
0x00000169fe1c3800, 0x00000169fe1c4800, 0x00000169f7262000, 0x00000169f7262800,
0x00000169f7265000, 0x00000169f7268800, 0x00000169f7264800, 0x0000016980b7f800,
0x00000169f7267000, 0x00000169f7266000, 0x00000169f7267800, 0x00000169f7263800,
0x00000169f5ee2800, 0x00000169f5ee8000, 0x00000169f5ee6800, 0x00000169f5ee7000,
0x00000169f5ee4000
}

Java Threads: ( => current thread )
  0x00000169d9541800 JavaThread "main" [_thread_blocked, id=5388, stack(0x00000008e8600000,0x00000008e8700000)]
  0x00000169f39cc800 JavaThread "Reference Handler" daemon [_thread_blocked, id=11052, stack(0x00000008e8d00000,0x00000008e8e00000)]
  0x00000169f39ce000 JavaThread "Finalizer" daemon [_thread_blocked, id=376, stack(0x00000008e8e00000,0x00000008e8f00000)]
  0x00000169f4293800 JavaThread "Signal Dispatcher" daemon [_thread_blocked, id=13024, stack(0x00000008e8f00000,0x00000008e9000000)]
  0x00000169f4296800 JavaThread "Attach Listener" daemon [_thread_blocked, id=8304, stack(0x00000008e9000000,0x00000008e9100000)]
  0x00000169f429b000 JavaThread "Service Thread" daemon [_thread_blocked, id=16812, stack(0x00000008e9100000,0x00000008e9200000)]
=>0x00000169f42a8800 JavaThread "C2 CompilerThread0" daemon [_thread_in_native, id=18120, stack(0x00000008e9200000,0x00000008e9300000)]
  0x00000169f42f7800 JavaThread "C1 CompilerThread0" daemon [_thread_blocked, id=15352, stack(0x00000008e9300000,0x00000008e9400000)]
  0x00000169f4300800 JavaThread "Sweeper thread" daemon [_thread_blocked, id=13036, stack(0x00000008e9400000,0x00000008e9500000)]
  0x00000169f4422000 JavaThread "Common-Cleaner" daemon [_thread_blocked, id=5900, stack(0x00000008e9500000,0x00000008e9600000)]
  0x00000169f6bc4000 JavaThread "Daemon health stats" [_thread_blocked, id=16536, stack(0x00000008e9800000,0x00000008e9900000)]
  0x00000169f44c1800 JavaThread "Incoming local TCP Connector on port 60870" [_thread_in_native, id=6640, stack(0x00000008e9700000,0x00000008e9800000)]
  0x00000169f582b800 JavaThread "Daemon periodic checks" [_thread_blocked, id=9244, stack(0x00000008e9e00000,0x00000008e9f00000)]
  0x00000169f6ba7800 JavaThread "Cache worker for journal cache (C:\Users\alvaro.albarracin\.gradle\caches\journal-1)" [_thread_blocked, id=17888, stack(0x00000008ea300000,0x00000008ea400000)]
  0x00000169f6ba9000 JavaThread "File lock request listener" [_thread_in_native, id=6476, stack(0x00000008ea700000,0x00000008ea800000)]
  0x00000169f6ba9800 JavaThread "Cache worker for file hash cache (C:\Users\alvaro.albarracin\.gradle\caches\7.2\fileHashes)" [_thread_blocked, id=15708, stack(0x00000008ea800000,0x00000008ea900000)]
  0x00000169f7096000 JavaThread "File watcher server" daemon [_thread_in_native, id=11852, stack(0x00000008ead00000,0x00000008eae00000)]
  0x00000169f7094800 JavaThread "File watcher consumer" daemon [_thread_blocked, id=6084, stack(0x00000008eae00000,0x00000008eaf00000)]
  0x00000169f7092000 JavaThread "Cache worker for execution history cache (C:\Users\alvaro.albarracin\.gradle\caches\7.2\executionHistory)" [_thread_blocked, id=12828, stack(0x00000008eb400000,0x00000008eb500000)]
  0x00000169f7099800 JavaThread "jar transforms" [_thread_blocked, id=1076, stack(0x00000008eb500000,0x00000008eb600000)]
  0x00000169f7098800 JavaThread "Cache worker for file content cache (C:\Users\alvaro.albarracin\.gradle\caches\7.2\fileContent)" [_thread_blocked, id=9460, stack(0x00000008eb600000,0x00000008eb700000)]
  0x00000169f709c800 JavaThread "jar transforms Thread 2" [_thread_blocked, id=10972, stack(0x00000008eb700000,0x00000008eb800000)]
  0x00000169f709e800 JavaThread "jar transforms Thread 3" [_thread_blocked, id=2100, stack(0x00000008eb900000,0x00000008eba00000)]
  0x00000169f8211000 JavaThread "jar transforms Thread 4" [_thread_blocked, id=5204, stack(0x00000008f0b00000,0x00000008f0c00000)]
  0x00000169f8217800 JavaThread "jar transforms Thread 5" [_thread_blocked, id=16560, stack(0x00000008f0c00000,0x00000008f0d00000)]
  0x00000169f8212800 JavaThread "jar transforms Thread 6" [_thread_blocked, id=13944, stack(0x00000008f0d00000,0x00000008f0e00000)]
  0x00000169f8213800 JavaThread "jar transforms Thread 7" [_thread_blocked, id=3876, stack(0x00000008f0e00000,0x00000008f0f00000)]
  0x00000169f8215000 JavaThread "jar transforms Thread 8" [_thread_blocked, id=8752, stack(0x00000008f0f00000,0x00000008f1000000)]
  0x00000169f8216000 JavaThread "Memory manager" [_thread_blocked, id=18132, stack(0x00000008f1100000,0x00000008f1200000)]
  0x00000169f8211800 JavaThread "Daemon Thread 2" [_thread_blocked, id=18200, stack(0x00000008e8300000,0x00000008e8400000)]
  0x00000169f8218800 JavaThread "Handler for socket connection from /127.0.0.1:60870 to /127.0.0.1:65153" [_thread_in_native, id=1108, stack(0x00000008e8400000,0x00000008e8500000)]
  0x00000169f8219000 JavaThread "Cancel handler" [_thread_blocked, id=9880, stack(0x00000008e8500000,0x00000008e8600000)]
  0x00000169f821a000 JavaThread "Daemon worker Thread 2" [_thread_blocked, id=14940, stack(0x00000008e9f00000,0x00000008ea000000)]
  0x00000169f8214000 JavaThread "Asynchronous log dispatcher for DefaultDaemonConnection: socket connection from /127.0.0.1:60870 to /127.0.0.1:65153" [_thread_blocked, id=16912, stack(0x00000008ea000000,0x00000008ea100000)]
  0x00000169f821a800 JavaThread "Stdin handler" [_thread_blocked, id=15712, stack(0x00000008ea100000,0x00000008ea200000)]
  0x00000169f821c800 JavaThread "Daemon client event forwarder" [_thread_blocked, id=15092, stack(0x00000008ea200000,0x00000008ea300000)]
  0x00000169f821d000 JavaThread "Cache worker for file hash cache (C:\Users\alvaro.albarracin\AndroidStudioProjects\ClimaApp\.gradle\7.2\fileHashes)" [_thread_blocked, id=7564, stack(0x00000008ea400000,0x00000008ea500000)]
  0x00000169f821e000 JavaThread "Cache worker for checksums cache (C:\Users\alvaro.albarracin\AndroidStudioProjects\ClimaApp\.gradle\checksums)" [_thread_blocked, id=17972, stack(0x00000008ea500000,0x00000008ea600000)]
  0x00000169f821b800 JavaThread "Cache worker for cache directory md-supplier (C:\Users\alvaro.albarracin\.gradle\caches\7.2\md-supplier)" [_thread_blocked, id=2836, stack(0x00000008ea600000,0x00000008ea700000)]
  0x00000169f821f000 JavaThread "Cache worker for cache directory md-rule (C:\Users\alvaro.albarracin\.gradle\caches\7.2\md-rule)" [_thread_blocked, id=15912, stack(0x00000008eaf00000,0x00000008eb000000)]
  0x00000169f821f800 JavaThread "Cache worker for dependencies-accessors (C:\Users\alvaro.albarracin\AndroidStudioProjects\ClimaApp\.gradle\7.2\dependencies-accessors)" [_thread_blocked, id=15860, stack(0x00000008eb000000,0x00000008eb100000)]
  0x00000169f7095800 JavaThread "Cache worker for Build Output Cleanup Cache (C:\Users\alvaro.albarracin\AndroidStudioProjects\ClimaApp\.gradle\buildOutputCleanup)" [_thread_blocked, id=4840, stack(0x00000008eb100000,0x00000008eb200000)]
  0x00000169f7170800 JavaThread "C2 CompilerThread1" daemon [_thread_in_native, id=8444, stack(0x00000008eb200000,0x00000008eb300000)]
  0x00000169f7097000 JavaThread "Unconstrained build operations" [_thread_blocked, id=14276, stack(0x00000008eb800000,0x00000008eb900000)]
  0x00000169f7091000 JavaThread "Unconstrained build operations Thread 2" [_thread_blocked, id=5496, stack(0x00000008eba00000,0x00000008ebb00000)]
  0x00000169f7097800 JavaThread "Unconstrained build operations Thread 3" [_thread_blocked, id=4912, stack(0x00000008ebb00000,0x00000008ebc00000)]
  0x00000169f709d800 JavaThread "Unconstrained build operations Thread 4" [_thread_blocked, id=9284, stack(0x00000008ebc00000,0x00000008ebd00000)]
  0x00000169f709b000 JavaThread "Unconstrained build operations Thread 5" [_thread_blocked, id=10836, stack(0x00000008ebd00000,0x00000008ebe00000)]
  0x00000169f709f000 JavaThread "Unconstrained build operations Thread 6" [_thread_blocked, id=6904, stack(0x00000008ebe00000,0x00000008ebf00000)]
  0x00000169f70a0000 JavaThread "Unconstrained build operations Thread 7" [_thread_blocked, id=13068, stack(0x00000008ebf00000,0x00000008ec000000)]
  0x00000169f709a000 JavaThread "Unconstrained build operations Thread 8" [_thread_blocked, id=7844, stack(0x00000008ec000000,0x00000008ec100000)]
  0x00000169f6ba8000 JavaThread "Unconstrained build operations Thread 9" [_thread_blocked, id=1900, stack(0x00000008ec100000,0x00000008ec200000)]
  0x00000169fa7ee000 JavaThread "Unconstrained build operations Thread 10" [_thread_blocked, id=13888, stack(0x00000008ec200000,0x00000008ec300000)]
  0x00000169fa7ec800 JavaThread "Unconstrained build operations Thread 11" [_thread_blocked, id=17292, stack(0x00000008ec300000,0x00000008ec400000)]
  0x00000169fa7ef000 JavaThread "Unconstrained build operations Thread 12" [_thread_blocked, id=12988, stack(0x00000008ec400000,0x00000008ec500000)]
  0x00000169fa7ef800 JavaThread "Unconstrained build operations Thread 13" [_thread_blocked, id=13520, stack(0x00000008ec500000,0x00000008ec600000)]
  0x00000169fa7f1800 JavaThread "Unconstrained build operations Thread 14" [_thread_blocked, id=3304, stack(0x00000008ec600000,0x00000008ec700000)]
  0x00000169fa7eb800 JavaThread "Unconstrained build operations Thread 15" [_thread_blocked, id=15088, stack(0x00000008ec700000,0x00000008ec800000)]
  0x00000169fa7f0800 JavaThread "Unconstrained build operations Thread 16" [_thread_blocked, id=14880, stack(0x00000008ec800000,0x00000008ec900000)]
  0x00000169fa7f3000 JavaThread "Unconstrained build operations Thread 17" [_thread_blocked, id=10264, stack(0x00000008ec900000,0x00000008eca00000)]
  0x00000169fa7f2000 JavaThread "Unconstrained build operations Thread 18" [_thread_blocked, id=4964, stack(0x00000008eca00000,0x00000008ecb00000)]
  0x00000169fa7ed000 JavaThread "Unconstrained build operations Thread 19" [_thread_blocked, id=8084, stack(0x00000008ecb00000,0x00000008ecc00000)]
  0x00000169fa7f7000 JavaThread "Unconstrained build operations Thread 20" [_thread_blocked, id=12948, stack(0x00000008ecc00000,0x00000008ecd00000)]
  0x00000169fa7f4000 JavaThread "Unconstrained build operations Thread 21" [_thread_blocked, id=3752, stack(0x00000008ecd00000,0x00000008ece00000)]
  0x00000169fa7f6000 JavaThread "Unconstrained build operations Thread 22" [_thread_blocked, id=10900, stack(0x00000008ece00000,0x00000008ecf00000)]
  0x00000169fa7f8000 JavaThread "Unconstrained build operations Thread 23" [_thread_blocked, id=3936, stack(0x00000008ecf00000,0x00000008ed000000)]
  0x00000169fa7f9800 JavaThread "Unconstrained build operations Thread 24" [_thread_blocked, id=11876, stack(0x00000008ed000000,0x00000008ed100000)]
  0x00000169fa7f8800 JavaThread "Unconstrained build operations Thread 25" [_thread_blocked, id=1628, stack(0x00000008ed100000,0x00000008ed200000)]
  0x00000169fa7f5800 JavaThread "Unconstrained build operations Thread 26" [_thread_blocked, id=8380, stack(0x00000008ed200000,0x00000008ed300000)]
  0x00000169fa7f4800 JavaThread "Unconstrained build operations Thread 27" [_thread_blocked, id=13356, stack(0x00000008ed300000,0x00000008ed400000)]
  0x00000169fa7fa800 JavaThread "Unconstrained build operations Thread 28" [_thread_blocked, id=7628, stack(0x00000008ed400000,0x00000008ed500000)]
  0x00000169f58e1800 JavaThread "Unconstrained build operations Thread 29" [_thread_blocked, id=8664, stack(0x00000008ed500000,0x00000008ed600000)]
  0x00000169f58e2000 JavaThread "Unconstrained build operations Thread 30" [_thread_blocked, id=156, stack(0x00000008ed600000,0x00000008ed700000)]
  0x00000169f58e3000 JavaThread "Unconstrained build operations Thread 31" [_thread_blocked, id=1052, stack(0x00000008ed700000,0x00000008ed800000)]
  0x00000169f58e4000 JavaThread "Unconstrained build operations Thread 32" [_thread_blocked, id=10332, stack(0x00000008ed800000,0x00000008ed900000)]
  0x00000169f58e4800 JavaThread "Unconstrained build operations Thread 33" [_thread_blocked, id=14568, stack(0x00000008ed900000,0x00000008eda00000)]
  0x00000169f58e5800 JavaThread "Unconstrained build operations Thread 34" [_thread_blocked, id=2160, stack(0x00000008eda00000,0x00000008edb00000)]
  0x00000169f58df800 JavaThread "Unconstrained build operations Thread 35" [_thread_blocked, id=13240, stack(0x00000008edb00000,0x00000008edc00000)]
  0x00000169f58e6800 JavaThread "Unconstrained build operations Thread 36" [_thread_blocked, id=3820, stack(0x00000008edc00000,0x00000008edd00000)]
  0x00000169f58e0800 JavaThread "Unconstrained build operations Thread 37" [_thread_blocked, id=14404, stack(0x00000008edd00000,0x00000008ede00000)]
  0x00000169f58e8800 JavaThread "Unconstrained build operations Thread 38" [_thread_blocked, id=7028, stack(0x00000008ede00000,0x00000008edf00000)]
  0x00000169f58e9800 JavaThread "Unconstrained build operations Thread 39" [_thread_blocked, id=8956, stack(0x00000008edf00000,0x00000008ee000000)]
  0x00000169f58ec000 JavaThread "Unconstrained build operations Thread 40" [_thread_blocked, id=10572, stack(0x00000008ee000000,0x00000008ee100000)]
  0x00000169f58e8000 JavaThread "Unconstrained build operations Thread 41" [_thread_blocked, id=10560, stack(0x00000008ee100000,0x00000008ee200000)]
  0x00000169f58ed000 JavaThread "Unconstrained build operations Thread 42" [_thread_blocked, id=15428, stack(0x00000008ee200000,0x00000008ee300000)]
  0x00000169f58eb000 JavaThread "Unconstrained build operations Thread 43" [_thread_blocked, id=5348, stack(0x00000008ee300000,0x00000008ee400000)]
  0x00000169f58e7000 JavaThread "Unconstrained build operations Thread 44" [_thread_blocked, id=4188, stack(0x00000008ee400000,0x00000008ee500000)]
  0x00000169f58ed800 JavaThread "Unconstrained build operations Thread 45" [_thread_blocked, id=11644, stack(0x00000008ee500000,0x00000008ee600000)]
  0x00000169f58ee800 JavaThread "Unconstrained build operations Thread 46" [_thread_blocked, id=16488, stack(0x00000008ee600000,0x00000008ee700000)]
  0x00000169f58ea800 JavaThread "Unconstrained build operations Thread 47" [_thread_blocked, id=3296, stack(0x00000008ee700000,0x00000008ee800000)]
  0x00000169f7fa6000 JavaThread "Unconstrained build operations Thread 48" [_thread_blocked, id=17032, stack(0x00000008ee800000,0x00000008ee900000)]
  0x00000169f7fa8800 JavaThread "Unconstrained build operations Thread 49" [_thread_blocked, id=5480, stack(0x00000008ee900000,0x00000008eea00000)]
  0x00000169f7fa9800 JavaThread "Unconstrained build operations Thread 50" [_thread_blocked, id=4976, stack(0x00000008eea00000,0x00000008eeb00000)]
  0x00000169f7fa7000 JavaThread "Unconstrained build operations Thread 51" [_thread_blocked, id=9544, stack(0x00000008eeb00000,0x00000008eec00000)]
  0x00000169f7fa5800 JavaThread "Unconstrained build operations Thread 52" [_thread_blocked, id=12740, stack(0x00000008eec00000,0x00000008eed00000)]
  0x00000169f7fad800 JavaThread "Unconstrained build operations Thread 53" [_thread_blocked, id=3864, stack(0x00000008eed00000,0x00000008eee00000)]
  0x00000169f7fab000 JavaThread "Unconstrained build operations Thread 54" [_thread_blocked, id=16544, stack(0x00000008eee00000,0x00000008eef00000)]
  0x00000169f7fa7800 JavaThread "Unconstrained build operations Thread 55" [_thread_blocked, id=9972, stack(0x00000008eef00000,0x00000008ef000000)]
  0x00000169f7faf000 JavaThread "Unconstrained build operations Thread 56" [_thread_blocked, id=16132, stack(0x00000008ef000000,0x00000008ef100000)]
  0x00000169f7fb0000 JavaThread "Unconstrained build operations Thread 57" [_thread_blocked, id=2968, stack(0x00000008ef100000,0x00000008ef200000)]
  0x00000169f7faa000 JavaThread "Unconstrained build operations Thread 58" [_thread_blocked, id=14712, stack(0x00000008ef200000,0x00000008ef300000)]
  0x00000169f7fb1800 JavaThread "Unconstrained build operations Thread 59" [_thread_blocked, id=4224, stack(0x00000008ef300000,0x00000008ef400000)]
  0x00000169f7fac000 JavaThread "Unconstrained build operations Thread 60" [_thread_blocked, id=8252, stack(0x00000008ef400000,0x00000008ef500000)]
  0x00000169f7fae000 JavaThread "Unconstrained build operations Thread 61" [_thread_blocked, id=1292, stack(0x00000008ef500000,0x00000008ef600000)]
  0x00000169f7fb0800 JavaThread "Unconstrained build operations Thread 62" [_thread_blocked, id=5676, stack(0x00000008ef600000,0x00000008ef700000)]
  0x00000169f7fb2800 JavaThread "Unconstrained build operations Thread 63" [_thread_blocked, id=9744, stack(0x00000008ef700000,0x00000008ef800000)]
  0x00000169f7fac800 JavaThread "Unconstrained build operations Thread 64" [_thread_blocked, id=4740, stack(0x00000008ef800000,0x00000008ef900000)]
  0x00000169f7fb3000 JavaThread "Unconstrained build operations Thread 65" [_thread_blocked, id=1956, stack(0x00000008ef900000,0x00000008efa00000)]
  0x00000169f7fb4000 JavaThread "Unconstrained build operations Thread 66" [_thread_blocked, id=15392, stack(0x00000008efa00000,0x00000008efb00000)]
  0x00000169fe1bf800 JavaThread "Unconstrained build operations Thread 67" [_thread_blocked, id=204, stack(0x00000008efb00000,0x00000008efc00000)]
  0x00000169fe1c5800 JavaThread "Unconstrained build operations Thread 68" [_thread_blocked, id=3024, stack(0x00000008efc00000,0x00000008efd00000)]
  0x00000169fe1c6000 JavaThread "Unconstrained build operations Thread 69" [_thread_blocked, id=1148, stack(0x00000008efd00000,0x00000008efe00000)]
  0x00000169fe1c2000 JavaThread "Unconstrained build operations Thread 70" [_thread_blocked, id=10708, stack(0x00000008efe00000,0x00000008eff00000)]
  0x00000169fe1c0800 JavaThread "Unconstrained build operations Thread 71" [_thread_blocked, id=14680, stack(0x00000008eff00000,0x00000008f0000000)]
  0x00000169fe1c1000 JavaThread "Unconstrained build operations Thread 72" [_thread_blocked, id=9128, stack(0x00000008f0000000,0x00000008f0100000)]
  0x00000169fe1c3000 JavaThread "Unconstrained build operations Thread 73" [_thread_blocked, id=16124, stack(0x00000008f0100000,0x00000008f0200000)]
  0x00000169fe1c3800 JavaThread "Unconstrained build operations Thread 74" [_thread_blocked, id=13188, stack(0x00000008f0200000,0x00000008f0300000)]
  0x00000169fe1c4800 JavaThread "Unconstrained build operations Thread 75" [_thread_blocked, id=16156, stack(0x00000008f0300000,0x00000008f0400000)]
  0x00000169f7262000 JavaThread "Unconstrained build operations Thread 76" [_thread_blocked, id=15796, stack(0x00000008f0400000,0x00000008f0500000)]
  0x00000169f7262800 JavaThread "Unconstrained build operations Thread 77" [_thread_blocked, id=16756, stack(0x00000008f0500000,0x00000008f0600000)]
  0x00000169f7265000 JavaThread "Unconstrained build operations Thread 78" [_thread_blocked, id=13860, stack(0x00000008f0600000,0x00000008f0700000)]
  0x00000169f7268800 JavaThread "Unconstrained build operations Thread 79" [_thread_blocked, id=12036, stack(0x00000008f0700000,0x00000008f0800000)]
  0x00000169f7264800 JavaThread "Unconstrained build operations Thread 80" [_thread_blocked, id=15740, stack(0x00000008f0800000,0x00000008f0900000)]
  0x0000016980b7f800 JavaThread "C2 CompilerThread2" daemon [_thread_in_native, id=7368, stack(0x00000008f0900000,0x00000008f0a00000)]
  0x00000169f7267000 JavaThread "build event listener" [_thread_blocked, id=15664, stack(0x00000008f0a00000,0x00000008f0b00000)]
  0x00000169f7266000 JavaThread "Execution worker for ':'" [_thread_blocked, id=5908, stack(0x00000008f1000000,0x00000008f1100000)]
  0x00000169f7267800 JavaThread "Execution worker for ':' Thread 2" [_thread_blocked, id=5912, stack(0x00000008f1200000,0x00000008f1300000)]
  0x00000169f7263800 JavaThread "Execution worker for ':' Thread 3" [_thread_blocked, id=4788, stack(0x00000008f1300000,0x00000008f1400000)]
  0x00000169f5ee2800 JavaThread "Execution worker for ':' Thread 4" [_thread_blocked, id=6700, stack(0x00000008f1400000,0x00000008f1500000)]
  0x00000169f5ee8000 JavaThread "Execution worker for ':' Thread 5" [_thread_blocked, id=3384, stack(0x00000008f1500000,0x00000008f1600000)]
  0x00000169f5ee6800 JavaThread "Execution worker for ':' Thread 6" [_thread_in_native, id=4960, stack(0x00000008f1600000,0x00000008f1700000)]
  0x00000169f5ee7000 JavaThread "Execution worker for ':' Thread 7" [_thread_blocked, id=1816, stack(0x00000008f1700000,0x00000008f1800000)]
  0x00000169f5ee4000 JavaThread "Cache worker for execution history cache (C:\Users\alvaro.albarracin\AndroidStudioProjects\ClimaApp\.gradle\7.2\executionHistory)" [_thread_blocked, id=14888, stack(0x00000008f1800000,0x00000008f1900000)]

Other Threads:
  0x00000169f39b9800 VMThread "VM Thread" [stack: 0x00000008e8c00000,0x00000008e8d00000] [id=2404]
  0x00000169f4438000 WatcherThread [stack: 0x00000008e9600000,0x00000008e9700000] [id=5768]
  0x00000169d955a800 GCTaskThread "GC Thread#0" [stack: 0x00000008e8700000,0x00000008e8800000] [id=5232]
  0x00000169f54ec000 GCTaskThread "GC Thread#1" [stack: 0x00000008e9900000,0x00000008e9a00000] [id=13004]
  0x00000169f525d800 GCTaskThread "GC Thread#2" [stack: 0x00000008e9a00000,0x00000008e9b00000] [id=4120]
  0x00000169f525e000 GCTaskThread "GC Thread#3" [stack: 0x00000008e9b00000,0x00000008e9c00000] [id=9928]
  0x00000169f5a35800 GCTaskThread "GC Thread#4" [stack: 0x00000008e9c00000,0x00000008e9d00000] [id=18080]
  0x00000169f5a36800 GCTaskThread "GC Thread#5" [stack: 0x00000008e9d00000,0x00000008e9e00000] [id=8332]
  0x00000169f6b7a800 GCTaskThread "GC Thread#6" [stack: 0x00000008ea900000,0x00000008eaa00000] [id=9640]
  0x00000169f6db1800 GCTaskThread "GC Thread#7" [stack: 0x00000008eaa00000,0x00000008eab00000] [id=4324]
  0x00000169d958a800 ConcurrentGCThread "G1 Main Marker" [stack: 0x00000008e8800000,0x00000008e8900000] [id=10352]
  0x00000169d958c000 ConcurrentGCThread "G1 Conc#0" [stack: 0x00000008e8900000,0x00000008e8a00000] [id=13136]
  0x00000169f6e33800 ConcurrentGCThread "G1 Conc#1" [stack: 0x00000008eab00000,0x00000008eac00000] [id=3672]
  0x00000169d95ee800 ConcurrentGCThread "G1 Refine#0" [stack: 0x00000008e8a00000,0x00000008e8b00000] [id=4164]
  0x00000169f7ecf000 ConcurrentGCThread "G1 Refine#1" [stack: 0x00000008eb300000,0x00000008eb400000] [id=4956]
  0x00000169f4aab000 ConcurrentGCThread "G1 Refine#2" [stack: 0x00000008eac00000,0x00000008ead00000] [id=15940]
  0x00000169f3881000 ConcurrentGCThread "G1 Young RemSet Sampling" [stack: 0x00000008e8b00000,0x00000008e8c00000] [id=13416]

Threads with active compile tasks:
C2 CompilerThread0 249171 14624       4       org.gradle.api.internal.artifacts.transform.TransformingAsyncArtifactListener$TransformedArtifact::visit (24 bytes)
C2 CompilerThread1 249171 14721       4       org.gradle.api.internal.artifacts.transform.TransformationStep::createInvocation (92 bytes)
C2 CompilerThread2 249172 14722       4       org.gradle.api.internal.artifacts.transform.TransformationStep::lambda$createInvocation$1 (98 bytes)

VM state:not at safepoint (normal execution)

VM Mutex/Monitor currently owned by a thread: None

Heap address: 0x0000000080000000, size: 2048 MB, Compressed Oops mode: 32-bit
Narrow klass base: 0x0000000000000000, Narrow klass shift: 3
Compressed class space size: 1073741824 Address: 0x0000000100000000

Heap:
 garbage-first heap   total 258048K, used 189619K [0x0000000080000000, 0x0000000100000000)
  region size 1024K, 99 young (101376K), 9 survivors (9216K)
 Metaspace       used 95050K, capacity 97390K, committed 97404K, reserved 1134592K
  class space    used 12148K, capacity 13053K, committed 13056K, reserved 1048576K
Heap Regions: E=young(eden), S=young(survivor), O=old, HS=humongous(starts), HC=humongous(continues), CS=collection set, F=free, A=archive, TAMS=top-at-mark-start (previous, next)
|   0|0x0000000080000000, 0x0000000080100000, 0x0000000080100000|100%| O|  |TAMS 0x0000000080100000, 0x0000000080000000| Untracked 
|   1|0x0000000080100000, 0x0000000080200000, 0x0000000080200000|100%| O|  |TAMS 0x0000000080200000, 0x0000000080100000| Untracked 
|   2|0x0000000080200000, 0x0000000080300000, 0x0000000080300000|100%| O|  |TAMS 0x0000000080300000, 0x0000000080200000| Untracked 
|   3|0x0000000080300000, 0x0000000080400000, 0x0000000080400000|100%|HS|  |TAMS 0x0000000080400000, 0x0000000080300000| Complete 
|   4|0x0000000080400000, 0x0000000080500000, 0x0000000080500000|100%|HC|  |TAMS 0x0000000080500000, 0x0000000080400000| Complete 
|   5|0x0000000080500000, 0x0000000080600000, 0x0000000080600000|100%|HC|  |TAMS 0x0000000080600000, 0x0000000080500000| Complete 
|   6|0x0000000080600000, 0x0000000080700000, 0x0000000080700000|100%| O|  |TAMS 0x0000000080700000, 0x0000000080600000| Untracked 
|   7|0x0000000080700000, 0x0000000080800000, 0x0000000080800000|100%| O|  |TAMS 0x0000000080800000, 0x0000000080700000| Untracked 
|   8|0x0000000080800000, 0x0000000080900000, 0x0000000080900000|100%| O|  |TAMS 0x0000000080900000, 0x0000000080800000| Untracked 
|   9|0x0000000080900000, 0x0000000080a00000, 0x0000000080a00000|100%| O|  |TAMS 0x0000000080a00000, 0x0000000080900000| Untracked 
|  10|0x0000000080a00000, 0x0000000080b00000, 0x0000000080b00000|100%| O|  |TAMS 0x0000000080b00000, 0x0000000080a00000| Untracked 
|  11|0x0000000080b00000, 0x0000000080c00000, 0x0000000080c00000|100%| O|  |TAMS 0x0000000080c00000, 0x0000000080b00000| Untracked 
|  12|0x0000000080c00000, 0x0000000080d00000, 0x0000000080d00000|100%| O|  |TAMS 0x0000000080d00000, 0x0000000080c00000| Untracked 
|  13|0x0000000080d00000, 0x0000000080e00000, 0x0000000080e00000|100%| O|  |TAMS 0x0000000080e00000, 0x0000000080d00000| Untracked 
|  14|0x0000000080e00000, 0x0000000080f00000, 0x0000000080f00000|100%| O|  |TAMS 0x0000000080f00000, 0x0000000080e00000| Untracked 
|  15|0x0000000080f00000, 0x0000000081000000, 0x0000000081000000|100%| O|  |TAMS 0x0000000081000000, 0x0000000080f00000| Untracked 
|  16|0x0000000081000000, 0x0000000081100000, 0x0000000081100000|100%| O|  |TAMS 0x0000000081100000, 0x0000000081000000| Untracked 
|  17|0x0000000081100000, 0x0000000081200000, 0x0000000081200000|100%|HS|  |TAMS 0x0000000081200000, 0x0000000081100000| Complete 
|  18|0x0000000081200000, 0x0000000081300000, 0x0000000081300000|100%|HS|  |TAMS 0x0000000081300000, 0x0000000081200000| Complete 
|  19|0x0000000081300000, 0x0000000081400000, 0x0000000081400000|100%|HS|  |TAMS 0x0000000081400000, 0x0000000081300000| Complete 
|  20|0x0000000081400000, 0x0000000081500000, 0x0000000081500000|100%|HS|  |TAMS 0x0000000081500000, 0x0000000081400000| Complete 
|  21|0x0000000081500000, 0x0000000081600000, 0x0000000081600000|100%|HS|  |TAMS 0x0000000081600000, 0x0000000081500000| Complete 
|  22|0x0000000081600000, 0x0000000081700000, 0x0000000081700000|100%|HC|  |TAMS 0x0000000081700000, 0x0000000081600000| Complete 
|  23|0x0000000081700000, 0x0000000081800000, 0x0000000081800000|100%|HC|  |TAMS 0x0000000081800000, 0x0000000081700000| Complete 
|  24|0x0000000081800000, 0x0000000081900000, 0x0000000081900000|100%|HS|  |TAMS 0x0000000081900000, 0x0000000081800000| Complete 
|  25|0x0000000081900000, 0x0000000081a00000, 0x0000000081a00000|100%|HC|  |TAMS 0x0000000081a00000, 0x0000000081900000| Complete 
|  26|0x0000000081a00000, 0x0000000081b00000, 0x0000000081b00000|100%| O|  |TAMS 0x0000000081b00000, 0x0000000081a00000| Untracked 
|  27|0x0000000081b00000, 0x0000000081c00000, 0x0000000081c00000|100%| O|  |TAMS 0x0000000081c00000, 0x0000000081b00000| Untracked 
|  28|0x0000000081c00000, 0x0000000081d00000, 0x0000000081d00000|100%| O|  |TAMS 0x0000000081d00000, 0x0000000081c00000| Untracked 
|  29|0x0000000081d00000, 0x0000000081e00000, 0x0000000081e00000|100%| O|  |TAMS 0x0000000081e00000, 0x0000000081d00000| Untracked 
|  30|0x0000000081e00000, 0x0000000081f00000, 0x0000000081f00000|100%| O|  |TAMS 0x0000000081f00000, 0x0000000081e00000| Untracked 
|  31|0x0000000081f00000, 0x0000000082000000, 0x0000000082000000|100%| O|  |TAMS 0x0000000082000000, 0x0000000081f00000| Untracked 
|  32|0x0000000082000000, 0x0000000082100000, 0x0000000082100000|100%| O|  |TAMS 0x0000000082100000, 0x0000000082000000| Untracked 
|  33|0x0000000082100000, 0x0000000082200000, 0x0000000082200000|100%| O|  |TAMS 0x0000000082200000, 0x0000000082100000| Untracked 
|  34|0x0000000082200000, 0x0000000082300000, 0x0000000082300000|100%| O|  |TAMS 0x0000000082300000, 0x0000000082200000| Untracked 
|  35|0x0000000082300000, 0x0000000082400000, 0x0000000082400000|100%| O|  |TAMS 0x0000000082400000, 0x0000000082300000| Untracked 
|  36|0x0000000082400000, 0x0000000082500000, 0x0000000082500000|100%| O|  |TAMS 0x0000000082500000, 0x0000000082400000| Untracked 
|  37|0x0000000082500000, 0x0000000082600000, 0x0000000082600000|100%| O|  |TAMS 0x0000000082600000, 0x0000000082500000| Untracked 
|  38|0x0000000082600000, 0x0000000082700000, 0x0000000082700000|100%| O|  |TAMS 0x0000000082700000, 0x0000000082600000| Untracked 
|  39|0x0000000082700000, 0x0000000082800000, 0x0000000082800000|100%| O|  |TAMS 0x0000000082800000, 0x0000000082700000| Untracked 
|  40|0x0000000082800000, 0x0000000082900000, 0x0000000082900000|100%| O|  |TAMS 0x0000000082900000, 0x0000000082800000| Untracked 
|  41|0x0000000082900000, 0x0000000082a00000, 0x0000000082a00000|100%| O|  |TAMS 0x0000000082a00000, 0x0000000082900000| Untracked 
|  42|0x0000000082a00000, 0x0000000082b00000, 0x0000000082b00000|100%| O|  |TAMS 0x0000000082b00000, 0x0000000082a00000| Untracked 
|  43|0x0000000082b00000, 0x0000000082c00000, 0x0000000082c00000|100%| O|  |TAMS 0x0000000082c00000, 0x0000000082b00000| Untracked 
|  44|0x0000000082c00000, 0x0000000082d00000, 0x0000000082d00000|100%| O|  |TAMS 0x0000000082d00000, 0x0000000082c00000| Untracked 
|  45|0x0000000082d00000, 0x0000000082e00000, 0x0000000082e00000|100%| O|  |TAMS 0x0000000082e00000, 0x0000000082d00000| Untracked 
|  46|0x0000000082e00000, 0x0000000082f00000, 0x0000000082f00000|100%| O|  |TAMS 0x0000000082f00000, 0x0000000082e00000| Untracked 
|  47|0x0000000082f00000, 0x0000000083000000, 0x0000000083000000|100%| O|  |TAMS 0x0000000083000000, 0x0000000082f00000| Untracked 
|  48|0x0000000083000000, 0x0000000083100000, 0x0000000083100000|100%| O|  |TAMS 0x00000000830c7a00, 0x0000000083000000| Untracked 
|  49|0x0000000083100000, 0x0000000083200000, 0x0000000083200000|100%| O|  |TAMS 0x0000000083100000, 0x0000000083100000| Untracked 
|  50|0x0000000083200000, 0x0000000083300000, 0x0000000083300000|100%| O|  |TAMS 0x0000000083200000, 0x0000000083200000| Untracked 
|  51|0x0000000083300000, 0x0000000083400000, 0x0000000083400000|100%| O|  |TAMS 0x0000000083300000, 0x0000000083300000| Untracked 
|  52|0x0000000083400000, 0x0000000083500000, 0x0000000083500000|100%| O|  |TAMS 0x0000000083400000, 0x0000000083400000| Untracked 
|  53|0x0000000083500000, 0x0000000083600000, 0x0000000083600000|100%| O|  |TAMS 0x0000000083500000, 0x0000000083500000| Untracked 
|  54|0x0000000083600000, 0x0000000083700000, 0x0000000083700000|100%| O|  |TAMS 0x0000000083600000, 0x0000000083600000| Untracked 
|  55|0x0000000083700000, 0x0000000083800000, 0x0000000083800000|100%| O|  |TAMS 0x0000000083700000, 0x0000000083700000| Untracked 
|  56|0x0000000083800000, 0x0000000083900000, 0x0000000083900000|100%| O|  |TAMS 0x0000000083800000, 0x0000000083800000| Untracked 
|  57|0x0000000083900000, 0x0000000083a00000, 0x0000000083a00000|100%| O|  |TAMS 0x0000000083900000, 0x0000000083900000| Untracked 
|  58|0x0000000083a00000, 0x0000000083b00000, 0x0000000083b00000|100%| O|  |TAMS 0x0000000083a00000, 0x0000000083a00000| Untracked 
|  59|0x0000000083b00000, 0x0000000083c00000, 0x0000000083c00000|100%| O|  |TAMS 0x0000000083b00000, 0x0000000083b00000| Untracked 
|  60|0x0000000083c00000, 0x0000000083d00000, 0x0000000083d00000|100%| O|  |TAMS 0x0000000083c00000, 0x0000000083c00000| Untracked 
|  61|0x0000000083d00000, 0x0000000083e00000, 0x0000000083e00000|100%| O|  |TAMS 0x0000000083d00000, 0x0000000083d00000| Untracked 
|  62|0x0000000083e00000, 0x0000000083f00000, 0x0000000083f00000|100%| O|  |TAMS 0x0000000083e00000, 0x0000000083e00000| Untracked 
|  63|0x0000000083f00000, 0x0000000084000000, 0x0000000084000000|100%| O|  |TAMS 0x0000000083f00000, 0x0000000083f00000| Untracked 
|  64|0x0000000084000000, 0x0000000084100000, 0x0000000084100000|100%| O|  |TAMS 0x0000000084000000, 0x0000000084000000| Untracked 
|  65|0x0000000084100000, 0x0000000084200000, 0x0000000084200000|100%| O|  |TAMS 0x0000000084100000, 0x0000000084100000| Untracked 
|  66|0x0000000084200000, 0x0000000084300000, 0x0000000084300000|100%| O|  |TAMS 0x0000000084200000, 0x0000000084200000| Untracked 
|  67|0x0000000084300000, 0x0000000084400000, 0x0000000084400000|100%| O|  |TAMS 0x0000000084300000, 0x0000000084300000| Untracked 
|  68|0x0000000084400000, 0x0000000084500000, 0x0000000084500000|100%| O|  |TAMS 0x0000000084400000, 0x0000000084400000| Untracked 
|  69|0x0000000084500000, 0x0000000084600000, 0x0000000084600000|100%| O|  |TAMS 0x0000000084500000, 0x0000000084500000| Untracked 
|  70|0x0000000084600000, 0x0000000084700000, 0x0000000084700000|100%| O|  |TAMS 0x0000000084600000, 0x0000000084600000| Untracked 
|  71|0x0000000084700000, 0x0000000084800000, 0x0000000084800000|100%| O|  |TAMS 0x0000000084700000, 0x0000000084700000| Untracked 
|  72|0x0000000084800000, 0x0000000084900000, 0x0000000084900000|100%| O|  |TAMS 0x0000000084800000, 0x0000000084800000| Untracked 
|  73|0x0000000084900000, 0x0000000084a00000, 0x0000000084a00000|100%| O|  |TAMS 0x0000000084900000, 0x0000000084900000| Untracked 
|  74|0x0000000084a00000, 0x0000000084b00000, 0x0000000084b00000|100%| O|  |TAMS 0x0000000084a00000, 0x0000000084a00000| Untracked 
|  75|0x0000000084b00000, 0x0000000084c00000, 0x0000000084c00000|100%| O|  |TAMS 0x0000000084b00000, 0x0000000084b00000| Untracked 
|  76|0x0000000084c00000, 0x0000000084d00000, 0x0000000084d00000|100%| O|  |TAMS 0x0000000084c00000, 0x0000000084c00000| Untracked 
|  77|0x0000000084d00000, 0x0000000084e00000, 0x0000000084e00000|100%| O|  |TAMS 0x0000000084d00000, 0x0000000084d00000| Untracked 
|  78|0x0000000084e00000, 0x0000000084f00000, 0x0000000084f00000|100%| O|  |TAMS 0x0000000084e00000, 0x0000000084e00000| Untracked 
|  79|0x0000000084f00000, 0x0000000085000000, 0x0000000085000000|100%| O|  |TAMS 0x0000000084f00000, 0x0000000084f00000| Untracked 
|  80|0x0000000085000000, 0x0000000085100000, 0x0000000085100000|100%| O|  |TAMS 0x0000000085000000, 0x0000000085000000| Untracked 
|  81|0x0000000085100000, 0x0000000085200000, 0x0000000085200000|100%| O|  |TAMS 0x0000000085100000, 0x0000000085100000| Untracked 
|  82|0x0000000085200000, 0x0000000085300000, 0x0000000085300000|100%| O|  |TAMS 0x0000000085200000, 0x0000000085200000| Untracked 
|  83|0x0000000085300000, 0x0000000085400000, 0x0000000085400000|100%| O|  |TAMS 0x0000000085300000, 0x0000000085300000| Untracked 
|  84|0x0000000085400000, 0x0000000085500000, 0x0000000085500000|100%| O|  |TAMS 0x0000000085400000, 0x0000000085400000| Untracked 
|  85|0x0000000085500000, 0x0000000085600000, 0x0000000085600000|100%| O|  |TAMS 0x0000000085500000, 0x0000000085500000| Untracked 
|  86|0x0000000085600000, 0x0000000085700000, 0x0000000085700000|100%| O|  |TAMS 0x0000000085600000, 0x0000000085600000| Untracked 
|  87|0x0000000085700000, 0x0000000085800000, 0x0000000085800000|100%| O|  |TAMS 0x0000000085700000, 0x0000000085700000| Untracked 
|  88|0x0000000085800000, 0x00000000858d8a00, 0x0000000085900000| 84%| O|  |TAMS 0x0000000085800000, 0x0000000085800000| Untracked 
|  89|0x0000000085900000, 0x0000000085900000, 0x0000000085a00000|  0%| F|  |TAMS 0x0000000085900000, 0x0000000085900000| Untracked 
|  90|0x0000000085a00000, 0x0000000085a00000, 0x0000000085b00000|  0%| F|  |TAMS 0x0000000085a00000, 0x0000000085a00000| Untracked 
|  91|0x0000000085b00000, 0x0000000085b00000, 0x0000000085c00000|  0%| F|  |TAMS 0x0000000085b00000, 0x0000000085b00000| Untracked 
|  92|0x0000000085c00000, 0x0000000085c00000, 0x0000000085d00000|  0%| F|  |TAMS 0x0000000085c00000, 0x0000000085c00000| Untracked 
|  93|0x0000000085d00000, 0x0000000085d00000, 0x0000000085e00000|  0%| F|  |TAMS 0x0000000085d00000, 0x0000000085d00000| Untracked 
|  94|0x0000000085e00000, 0x0000000085e00000, 0x0000000085f00000|  0%| F|  |TAMS 0x0000000085e00000, 0x0000000085e00000| Untracked 
|  95|0x0000000085f00000, 0x0000000085f00000, 0x0000000086000000|  0%| F|  |TAMS 0x0000000085f00000, 0x0000000085f00000| Untracked 
|  96|0x0000000086000000, 0x0000000086000000, 0x0000000086100000|  0%| F|  |TAMS 0x0000000086000000, 0x0000000086000000| Untracked 
|  97|0x0000000086100000, 0x0000000086100000, 0x0000000086200000|  0%| F|  |TAMS 0x0000000086100000, 0x0000000086100000| Untracked 
|  98|0x0000000086200000, 0x0000000086200000, 0x0000000086300000|  0%| F|  |TAMS 0x0000000086200000, 0x0000000086200000| Untracked 
|  99|0x0000000086300000, 0x0000000086300000, 0x0000000086400000|  0%| F|  |TAMS 0x0000000086300000, 0x0000000086300000| Untracked 
| 100|0x0000000086400000, 0x0000000086400000, 0x0000000086500000|  0%| F|  |TAMS 0x0000000086400000, 0x0000000086400000| Untracked 
| 101|0x0000000086500000, 0x0000000086500000, 0x0000000086600000|  0%| F|  |TAMS 0x0000000086500000, 0x0000000086500000| Untracked 
| 102|0x0000000086600000, 0x0000000086600000, 0x0000000086700000|  0%| F|  |TAMS 0x0000000086600000, 0x0000000086600000| Untracked 
| 103|0x0000000086700000, 0x0000000086700000, 0x0000000086800000|  0%| F|  |TAMS 0x0000000086700000, 0x0000000086700000| Untracked 
| 104|0x0000000086800000, 0x0000000086800000, 0x0000000086900000|  0%| F|  |TAMS 0x0000000086800000, 0x0000000086800000| Untracked 
| 105|0x0000000086900000, 0x0000000086900000, 0x0000000086a00000|  0%| F|  |TAMS 0x0000000086900000, 0x0000000086900000| Untracked 
| 106|0x0000000086a00000, 0x0000000086a00000, 0x0000000086b00000|  0%| F|  |TAMS 0x0000000086a00000, 0x0000000086a00000| Untracked 
| 107|0x0000000086b00000, 0x0000000086b00000, 0x0000000086c00000|  0%| F|  |TAMS 0x0000000086b00000, 0x0000000086b00000| Untracked 
| 108|0x0000000086c00000, 0x0000000086c00000, 0x0000000086d00000|  0%| F|  |TAMS 0x0000000086c00000, 0x0000000086c00000| Untracked 
| 109|0x0000000086d00000, 0x0000000086d00000, 0x0000000086e00000|  0%| F|  |TAMS 0x0000000086d00000, 0x0000000086d00000| Untracked 
| 110|0x0000000086e00000, 0x0000000086e00000, 0x0000000086f00000|  0%| F|  |TAMS 0x0000000086e00000, 0x0000000086e00000| Untracked 
| 111|0x0000000086f00000, 0x0000000086f00000, 0x0000000087000000|  0%| F|  |TAMS 0x0000000086f00000, 0x0000000086f00000| Untracked 
| 112|0x0000000087000000, 0x0000000087000000, 0x0000000087100000|  0%| F|  |TAMS 0x0000000087000000, 0x0000000087000000| Untracked 
| 113|0x0000000087100000, 0x0000000087100000, 0x0000000087200000|  0%| F|  |TAMS 0x0000000087100000, 0x0000000087100000| Untracked 
| 114|0x0000000087200000, 0x0000000087200000, 0x0000000087300000|  0%| F|  |TAMS 0x0000000087200000, 0x0000000087200000| Untracked 
| 115|0x0000000087300000, 0x0000000087300000, 0x0000000087400000|  0%| F|  |TAMS 0x0000000087300000, 0x0000000087300000| Untracked 
| 116|0x0000000087400000, 0x0000000087400000, 0x0000000087500000|  0%| F|  |TAMS 0x0000000087400000, 0x0000000087400000| Untracked 
| 117|0x0000000087500000, 0x0000000087500000, 0x0000000087600000|  0%| F|  |TAMS 0x0000000087500000, 0x0000000087500000| Untracked 
| 118|0x0000000087600000, 0x0000000087600000, 0x0000000087700000|  0%| F|  |TAMS 0x0000000087600000, 0x0000000087600000| Untracked 
| 119|0x0000000087700000, 0x0000000087700000, 0x0000000087800000|  0%| F|  |TAMS 0x0000000087700000, 0x0000000087700000| Untracked 
| 120|0x0000000087800000, 0x0000000087800000, 0x0000000087900000|  0%| F|  |TAMS 0x0000000087800000, 0x0000000087800000| Untracked 
| 121|0x0000000087900000, 0x0000000087900000, 0x0000000087a00000|  0%| F|  |TAMS 0x0000000087900000, 0x0000000087900000| Untracked 
| 122|0x0000000087a00000, 0x0000000087a00000, 0x0000000087b00000|  0%| F|  |TAMS 0x0000000087a00000, 0x0000000087a00000| Untracked 
| 123|0x0000000087b00000, 0x0000000087b00000, 0x0000000087c00000|  0%| F|  |TAMS 0x0000000087b00000, 0x0000000087b00000| Untracked 
| 124|0x0000000087c00000, 0x0000000087c00000, 0x0000000087d00000|  0%| F|  |TAMS 0x0000000087c00000, 0x0000000087c00000| Untracked 
| 125|0x0000000087d00000, 0x0000000087d00000, 0x0000000087e00000|  0%| F|  |TAMS 0x0000000087d00000, 0x0000000087d00000| Untracked 
| 126|0x0000000087e00000, 0x0000000087e00000, 0x0000000087f00000|  0%| F|  |TAMS 0x0000000087e00000, 0x0000000087e00000| Untracked 
| 127|0x0000000087f00000, 0x0000000087f00000, 0x0000000088000000|  0%| F|  |TAMS 0x0000000087f00000, 0x0000000087f00000| Untracked 
| 128|0x0000000088000000, 0x0000000088000000, 0x0000000088100000|  0%| F|  |TAMS 0x0000000088000000, 0x0000000088000000| Untracked 
| 129|0x0000000088100000, 0x0000000088100000, 0x0000000088200000|  0%| F|  |TAMS 0x0000000088100000, 0x0000000088100000| Untracked 
| 130|0x0000000088200000, 0x0000000088200000, 0x0000000088300000|  0%| F|  |TAMS 0x0000000088200000, 0x0000000088200000| Untracked 
| 131|0x0000000088300000, 0x0000000088300000, 0x0000000088400000|  0%| F|  |TAMS 0x0000000088300000, 0x0000000088300000| Untracked 
| 132|0x0000000088400000, 0x0000000088400000, 0x0000000088500000|  0%| F|  |TAMS 0x0000000088400000, 0x0000000088400000| Untracked 
| 133|0x0000000088500000, 0x0000000088500000, 0x0000000088600000|  0%| F|  |TAMS 0x0000000088500000, 0x0000000088500000| Untracked 
| 134|0x0000000088600000, 0x0000000088600000, 0x0000000088700000|  0%| F|  |TAMS 0x0000000088600000, 0x0000000088600000| Untracked 
| 135|0x0000000088700000, 0x0000000088700000, 0x0000000088800000|  0%| F|  |TAMS 0x0000000088700000, 0x0000000088700000| Untracked 
| 136|0x0000000088800000, 0x0000000088800000, 0x0000000088900000|  0%| F|  |TAMS 0x0000000088800000, 0x0000000088800000| Untracked 
| 137|0x0000000088900000, 0x0000000088900000, 0x0000000088a00000|  0%| F|  |TAMS 0x0000000088900000, 0x0000000088900000| Untracked 
| 138|0x0000000088a00000, 0x0000000088a00000, 0x0000000088b00000|  0%| F|  |TAMS 0x0000000088a00000, 0x0000000088a00000| Untracked 
| 139|0x0000000088b00000, 0x0000000088b00000, 0x0000000088c00000|  0%| F|  |TAMS 0x0000000088b00000, 0x0000000088b00000| Untracked 
| 140|0x0000000088c00000, 0x0000000088c00000, 0x0000000088d00000|  0%| F|  |TAMS 0x0000000088c00000, 0x0000000088c00000| Untracked 
| 141|0x0000000088d00000, 0x0000000088d00000, 0x0000000088e00000|  0%| F|  |TAMS 0x0000000088d00000, 0x0000000088d00000| Untracked 
| 142|0x0000000088e00000, 0x0000000088e00000, 0x0000000088f00000|  0%| F|  |TAMS 0x0000000088e00000, 0x0000000088e00000| Untracked 
| 143|0x0000000088f00000, 0x0000000088f00000, 0x0000000089000000|  0%| F|  |TAMS 0x0000000088f00000, 0x0000000088f00000| Untracked 
| 144|0x0000000089000000, 0x0000000089000000, 0x0000000089100000|  0%| F|  |TAMS 0x0000000089000000, 0x0000000089000000| Untracked 
| 145|0x0000000089100000, 0x0000000089154550, 0x0000000089200000| 32%| S|CS|TAMS 0x0000000089100000, 0x0000000089100000| Complete 
| 146|0x0000000089200000, 0x0000000089300000, 0x0000000089300000|100%| S|CS|TAMS 0x0000000089200000, 0x0000000089200000| Complete 
| 147|0x0000000089300000, 0x0000000089400000, 0x0000000089400000|100%| S|CS|TAMS 0x0000000089300000, 0x0000000089300000| Complete 
| 148|0x0000000089400000, 0x0000000089500000, 0x0000000089500000|100%| S|CS|TAMS 0x0000000089400000, 0x0000000089400000| Complete 
| 149|0x0000000089500000, 0x0000000089600000, 0x0000000089600000|100%| S|CS|TAMS 0x0000000089500000, 0x0000000089500000| Complete 
| 150|0x0000000089600000, 0x0000000089700000, 0x0000000089700000|100%| S|CS|TAMS 0x0000000089600000, 0x0000000089600000| Complete 
| 151|0x0000000089700000, 0x0000000089800000, 0x0000000089800000|100%| S|CS|TAMS 0x0000000089700000, 0x0000000089700000| Complete 
| 152|0x0000000089800000, 0x0000000089900000, 0x0000000089900000|100%| S|CS|TAMS 0x0000000089800000, 0x0000000089800000| Complete 
| 153|0x0000000089900000, 0x0000000089a00000, 0x0000000089a00000|100%| S|CS|TAMS 0x0000000089900000, 0x0000000089900000| Complete 
| 154|0x0000000089a00000, 0x0000000089a00000, 0x0000000089b00000|  0%| F|  |TAMS 0x0000000089a00000, 0x0000000089a00000| Untracked 
| 155|0x0000000089b00000, 0x0000000089b00000, 0x0000000089c00000|  0%| F|  |TAMS 0x0000000089b00000, 0x0000000089b00000| Untracked 
| 156|0x0000000089c00000, 0x0000000089c00000, 0x0000000089d00000|  0%| F|  |TAMS 0x0000000089c00000, 0x0000000089c00000| Untracked 
| 157|0x0000000089d00000, 0x0000000089d00000, 0x0000000089e00000|  0%| F|  |TAMS 0x0000000089d00000, 0x0000000089d00000| Untracked 
| 158|0x0000000089e00000, 0x0000000089e00000, 0x0000000089f00000|  0%| F|  |TAMS 0x0000000089e00000, 0x0000000089e00000| Untracked 
| 159|0x0000000089f00000, 0x0000000089f00000, 0x000000008a000000|  0%| F|  |TAMS 0x0000000089f00000, 0x0000000089f00000| Untracked 
| 160|0x000000008a000000, 0x000000008a000000, 0x000000008a100000|  0%| F|  |TAMS 0x000000008a000000, 0x000000008a000000| Untracked 
| 161|0x000000008a100000, 0x000000008a100000, 0x000000008a200000|  0%| F|  |TAMS 0x000000008a100000, 0x000000008a100000| Untracked 
| 162|0x000000008a200000, 0x000000008a25adf8, 0x000000008a300000| 35%| E|  |TAMS 0x000000008a200000, 0x000000008a200000| Complete 
| 163|0x000000008a300000, 0x000000008a400000, 0x000000008a400000|100%| E|CS|TAMS 0x000000008a300000, 0x000000008a300000| Complete 
| 164|0x000000008a400000, 0x000000008a500000, 0x000000008a500000|100%| E|CS|TAMS 0x000000008a400000, 0x000000008a400000| Complete 
| 165|0x000000008a500000, 0x000000008a600000, 0x000000008a600000|100%| E|CS|TAMS 0x000000008a500000, 0x000000008a500000| Complete 
| 166|0x000000008a600000, 0x000000008a700000, 0x000000008a700000|100%| E|CS|TAMS 0x000000008a600000, 0x000000008a600000| Complete 
| 167|0x000000008a700000, 0x000000008a800000, 0x000000008a800000|100%| E|CS|TAMS 0x000000008a700000, 0x000000008a700000| Complete 
| 168|0x000000008a800000, 0x000000008a900000, 0x000000008a900000|100%| E|CS|TAMS 0x000000008a800000, 0x000000008a800000| Complete 
| 169|0x000000008a900000, 0x000000008aa00000, 0x000000008aa00000|100%| E|CS|TAMS 0x000000008a900000, 0x000000008a900000| Complete 
| 170|0x000000008aa00000, 0x000000008ab00000, 0x000000008ab00000|100%| E|CS|TAMS 0x000000008aa00000, 0x000000008aa00000| Complete 
| 171|0x000000008ab00000, 0x000000008ac00000, 0x000000008ac00000|100%| E|CS|TAMS 0x000000008ab00000, 0x000000008ab00000| Complete 
| 172|0x000000008ac00000, 0x000000008ad00000, 0x000000008ad00000|100%| E|  |TAMS 0x000000008ac00000, 0x000000008ac00000| Complete 
| 173|0x000000008ad00000, 0x000000008ae00000, 0x000000008ae00000|100%| E|CS|TAMS 0x000000008ad00000, 0x000000008ad00000| Complete 
| 174|0x000000008ae00000, 0x000000008af00000, 0x000000008af00000|100%| E|CS|TAMS 0x000000008ae00000, 0x000000008ae00000| Complete 
| 175|0x000000008af00000, 0x000000008b000000, 0x000000008b000000|100%| E|CS|TAMS 0x000000008af00000, 0x000000008af00000| Complete 
| 176|0x000000008b000000, 0x000000008b100000, 0x000000008b100000|100%| E|CS|TAMS 0x000000008b000000, 0x000000008b000000| Complete 
| 177|0x000000008b100000, 0x000000008b200000, 0x000000008b200000|100%| E|CS|TAMS 0x000000008b100000, 0x000000008b100000| Complete 
| 178|0x000000008b200000, 0x000000008b300000, 0x000000008b300000|100%| E|CS|TAMS 0x000000008b200000, 0x000000008b200000| Complete 
| 179|0x000000008b300000, 0x000000008b400000, 0x000000008b400000|100%| E|CS|TAMS 0x000000008b300000, 0x000000008b300000| Complete 
| 180|0x000000008b400000, 0x000000008b500000, 0x000000008b500000|100%| E|CS|TAMS 0x000000008b400000, 0x000000008b400000| Complete 
| 181|0x000000008b500000, 0x000000008b600000, 0x000000008b600000|100%| E|CS|TAMS 0x000000008b500000, 0x000000008b500000| Complete 
| 182|0x000000008b600000, 0x000000008b700000, 0x000000008b700000|100%| E|CS|TAMS 0x000000008b600000, 0x000000008b600000| Complete 
| 183|0x000000008b700000, 0x000000008b800000, 0x000000008b800000|100%| E|CS|TAMS 0x000000008b700000, 0x000000008b700000| Complete 
| 184|0x000000008b800000, 0x000000008b900000, 0x000000008b900000|100%| E|CS|TAMS 0x000000008b800000, 0x000000008b800000| Complete 
| 185|0x000000008b900000, 0x000000008ba00000, 0x000000008ba00000|100%| E|CS|TAMS 0x000000008b900000, 0x000000008b900000| Complete 
| 186|0x000000008ba00000, 0x000000008bb00000, 0x000000008bb00000|100%| E|CS|TAMS 0x000000008ba00000, 0x000000008ba00000| Complete 
| 187|0x000000008bb00000, 0x000000008bc00000, 0x000000008bc00000|100%| E|CS|TAMS 0x000000008bb00000, 0x000000008bb00000| Complete 
| 188|0x000000008bc00000, 0x000000008bd00000, 0x000000008bd00000|100%| E|CS|TAMS 0x000000008bc00000, 0x000000008bc00000| Complete 
| 189|0x000000008bd00000, 0x000000008be00000, 0x000000008be00000|100%| E|CS|TAMS 0x000000008bd00000, 0x000000008bd00000| Complete 
| 190|0x000000008be00000, 0x000000008bf00000, 0x000000008bf00000|100%| E|CS|TAMS 0x000000008be00000, 0x000000008be00000| Complete 
| 191|0x000000008bf00000, 0x000000008c000000, 0x000000008c000000|100%| E|CS|TAMS 0x000000008bf00000, 0x000000008bf00000| Complete 
| 192|0x000000008c000000, 0x000000008c100000, 0x000000008c100000|100%| E|CS|TAMS 0x000000008c000000, 0x000000008c000000| Complete 
| 193|0x000000008c100000, 0x000000008c200000, 0x000000008c200000|100%| E|CS|TAMS 0x000000008c100000, 0x000000008c100000| Complete 
| 194|0x000000008c200000, 0x000000008c300000, 0x000000008c300000|100%| E|CS|TAMS 0x000000008c200000, 0x000000008c200000| Complete 
| 195|0x000000008c300000, 0x000000008c400000, 0x000000008c400000|100%| E|CS|TAMS 0x000000008c300000, 0x000000008c300000| Complete 
| 196|0x000000008c400000, 0x000000008c500000, 0x000000008c500000|100%| E|CS|TAMS 0x000000008c400000, 0x000000008c400000| Complete 
| 197|0x000000008c500000, 0x000000008c600000, 0x000000008c600000|100%| E|CS|TAMS 0x000000008c500000, 0x000000008c500000| Complete 
| 198|0x000000008c600000, 0x000000008c700000, 0x000000008c700000|100%| E|CS|TAMS 0x000000008c600000, 0x000000008c600000| Complete 
| 199|0x000000008c700000, 0x000000008c800000, 0x000000008c800000|100%| E|CS|TAMS 0x000000008c700000, 0x000000008c700000| Complete 
| 200|0x000000008c800000, 0x000000008c900000, 0x000000008c900000|100%| E|CS|TAMS 0x000000008c800000, 0x000000008c800000| Complete 
| 201|0x000000008c900000, 0x000000008ca00000, 0x000000008ca00000|100%| E|CS|TAMS 0x000000008c900000, 0x000000008c900000| Complete 
| 202|0x000000008ca00000, 0x000000008cb00000, 0x000000008cb00000|100%| E|CS|TAMS 0x000000008ca00000, 0x000000008ca00000| Complete 
| 203|0x000000008cb00000, 0x000000008cc00000, 0x000000008cc00000|100%| E|CS|TAMS 0x000000008cb00000, 0x000000008cb00000| Complete 
| 204|0x000000008cc00000, 0x000000008cd00000, 0x000000008cd00000|100%| E|CS|TAMS 0x000000008cc00000, 0x000000008cc00000| Complete 
| 205|0x000000008cd00000, 0x000000008ce00000, 0x000000008ce00000|100%| E|CS|TAMS 0x000000008cd00000, 0x000000008cd00000| Complete 
| 206|0x000000008ce00000, 0x000000008cf00000, 0x000000008cf00000|100%| E|CS|TAMS 0x000000008ce00000, 0x000000008ce00000| Complete 
| 207|0x000000008cf00000, 0x000000008d000000, 0x000000008d000000|100%| E|CS|TAMS 0x000000008cf00000, 0x000000008cf00000| Complete 
| 208|0x000000008d000000, 0x000000008d100000, 0x000000008d100000|100%| E|CS|TAMS 0x000000008d000000, 0x000000008d000000| Complete 
| 209|0x000000008d100000, 0x000000008d200000, 0x000000008d200000|100%| E|CS|TAMS 0x000000008d100000, 0x000000008d100000| Complete 
| 210|0x000000008d200000, 0x000000008d300000, 0x000000008d300000|100%| E|CS|TAMS 0x000000008d200000, 0x000000008d200000| Complete 
| 211|0x000000008d300000, 0x000000008d400000, 0x000000008d400000|100%| E|CS|TAMS 0x000000008d300000, 0x000000008d300000| Complete 
| 212|0x000000008d400000, 0x000000008d500000, 0x000000008d500000|100%| E|CS|TAMS 0x000000008d400000, 0x000000008d400000| Complete 
| 213|0x000000008d500000, 0x000000008d600000, 0x000000008d600000|100%| E|CS|TAMS 0x000000008d500000, 0x000000008d500000| Complete 
| 214|0x000000008d600000, 0x000000008d700000, 0x000000008d700000|100%| E|CS|TAMS 0x000000008d600000, 0x000000008d600000| Complete 
| 215|0x000000008d700000, 0x000000008d800000, 0x000000008d800000|100%| E|CS|TAMS 0x000000008d700000, 0x000000008d700000| Complete 
| 216|0x000000008d800000, 0x000000008d900000, 0x000000008d900000|100%| E|CS|TAMS 0x000000008d800000, 0x000000008d800000| Complete 
| 217|0x000000008d900000, 0x000000008da00000, 0x000000008da00000|100%| E|CS|TAMS 0x000000008d900000, 0x000000008d900000| Complete 
| 218|0x000000008da00000, 0x000000008db00000, 0x000000008db00000|100%| E|CS|TAMS 0x000000008da00000, 0x000000008da00000| Complete 
| 219|0x000000008db00000, 0x000000008dc00000, 0x000000008dc00000|100%| E|CS|TAMS 0x000000008db00000, 0x000000008db00000| Complete 
| 220|0x000000008dc00000, 0x000000008dd00000, 0x000000008dd00000|100%| E|CS|TAMS 0x000000008dc00000, 0x000000008dc00000| Complete 
| 221|0x000000008dd00000, 0x000000008de00000, 0x000000008de00000|100%| E|CS|TAMS 0x000000008dd00000, 0x000000008dd00000| Complete 
| 222|0x000000008de00000, 0x000000008df00000, 0x000000008df00000|100%| E|CS|TAMS 0x000000008de00000, 0x000000008de00000| Complete 
| 223|0x000000008df00000, 0x000000008e000000, 0x000000008e000000|100%| E|CS|TAMS 0x000000008df00000, 0x000000008df00000| Complete 
| 224|0x000000008e000000, 0x000000008e100000, 0x000000008e100000|100%| E|CS|TAMS 0x000000008e000000, 0x000000008e000000| Complete 
| 225|0x000000008e100000, 0x000000008e200000, 0x000000008e200000|100%| E|CS|TAMS 0x000000008e100000, 0x000000008e100000| Complete 
| 226|0x000000008e200000, 0x000000008e300000, 0x000000008e300000|100%| E|CS|TAMS 0x000000008e200000, 0x000000008e200000| Complete 
| 227|0x000000008e300000, 0x000000008e400000, 0x000000008e400000|100%| E|CS|TAMS 0x000000008e300000, 0x000000008e300000| Complete 
| 228|0x000000008e400000, 0x000000008e500000, 0x000000008e500000|100%| E|CS|TAMS 0x000000008e400000, 0x000000008e400000| Complete 
| 229|0x000000008e500000, 0x000000008e600000, 0x000000008e600000|100%| E|CS|TAMS 0x000000008e500000, 0x000000008e500000| Complete 
| 230|0x000000008e600000, 0x000000008e700000, 0x000000008e700000|100%| E|CS|TAMS 0x000000008e600000, 0x000000008e600000| Complete 
| 231|0x000000008e700000, 0x000000008e800000, 0x000000008e800000|100%| E|CS|TAMS 0x000000008e700000, 0x000000008e700000| Complete 
| 232|0x000000008e800000, 0x000000008e900000, 0x000000008e900000|100%| E|CS|TAMS 0x000000008e800000, 0x000000008e800000| Complete 
| 233|0x000000008e900000, 0x000000008ea00000, 0x000000008ea00000|100%| E|CS|TAMS 0x000000008e900000, 0x000000008e900000| Complete 
| 234|0x000000008ea00000, 0x000000008eb00000, 0x000000008eb00000|100%| E|CS|TAMS 0x000000008ea00000, 0x000000008ea00000| Complete 
| 235|0x000000008eb00000, 0x000000008ec00000, 0x000000008ec00000|100%| E|CS|TAMS 0x000000008eb00000, 0x000000008eb00000| Complete 
| 236|0x000000008ec00000, 0x000000008ed00000, 0x000000008ed00000|100%| E|CS|TAMS 0x000000008ec00000, 0x000000008ec00000| Complete 
| 237|0x000000008ed00000, 0x000000008ee00000, 0x000000008ee00000|100%| E|CS|TAMS 0x000000008ed00000, 0x000000008ed00000| Complete 
| 238|0x000000008ee00000, 0x000000008ef00000, 0x000000008ef00000|100%| E|CS|TAMS 0x000000008ee00000, 0x000000008ee00000| Complete 
| 239|0x000000008ef00000, 0x000000008f000000, 0x000000008f000000|100%| E|CS|TAMS 0x000000008ef00000, 0x000000008ef00000| Complete 
| 240|0x000000008f000000, 0x000000008f100000, 0x000000008f100000|100%| E|CS|TAMS 0x000000008f000000, 0x000000008f000000| Complete 
| 241|0x000000008f100000, 0x000000008f200000, 0x000000008f200000|100%| E|CS|TAMS 0x000000008f100000, 0x000000008f100000| Complete 
| 242|0x000000008f200000, 0x000000008f300000, 0x000000008f300000|100%| E|CS|TAMS 0x000000008f200000, 0x000000008f200000| Complete 
| 243|0x000000008f300000, 0x000000008f400000, 0x000000008f400000|100%| E|CS|TAMS 0x000000008f300000, 0x000000008f300000| Complete 
| 244|0x000000008f400000, 0x000000008f500000, 0x000000008f500000|100%| E|CS|TAMS 0x000000008f400000, 0x000000008f400000| Complete 
| 245|0x000000008f500000, 0x000000008f600000, 0x000000008f600000|100%| E|CS|TAMS 0x000000008f500000, 0x000000008f500000| Complete 
| 246|0x000000008f600000, 0x000000008f700000, 0x000000008f700000|100%| E|CS|TAMS 0x000000008f600000, 0x000000008f600000| Complete 
| 247|0x000000008f700000, 0x000000008f800000, 0x000000008f800000|100%| E|CS|TAMS 0x000000008f700000, 0x000000008f700000| Complete 
| 248|0x000000008f800000, 0x000000008f900000, 0x000000008f900000|100%| E|CS|TAMS 0x000000008f800000, 0x000000008f800000| Complete 
| 249|0x000000008f900000, 0x000000008fa00000, 0x000000008fa00000|100%| E|CS|TAMS 0x000000008f900000, 0x000000008f900000| Complete 
| 250|0x000000008fa00000, 0x000000008fb00000, 0x000000008fb00000|100%| E|CS|TAMS 0x000000008fa00000, 0x000000008fa00000| Complete 
| 251|0x000000008fb00000, 0x000000008fc00000, 0x000000008fc00000|100%| E|CS|TAMS 0x000000008fb00000, 0x000000008fb00000| Complete 

Card table byte_map: [0x00000169ec740000,0x00000169ecb40000] _byte_map_base: 0x00000169ec340000

Marking Bits (Prev, Next): (CMBitMap*) 0x00000169d9581b80, (CMBitMap*) 0x00000169d9581b48
 Prev Bits: [0x00000169eef40000, 0x00000169f0f40000)
 Next Bits: [0x00000169ecf40000, 0x00000169eef40000)

Polling page: 0x00000169d8cf0000

Metaspace:

Usage:
  Non-class:     82.36 MB capacity,    80.96 MB ( 98%) used,     1.11 MB (  1%) free+waste,   295.38 KB ( <1%) overhead. 
      Class:     12.75 MB capacity,    11.86 MB ( 93%) used,   774.58 KB (  6%) free+waste,   130.06 KB ( <1%) overhead. 
       Both:     95.11 MB capacity,    92.82 MB ( 98%) used,     1.87 MB (  2%) free+waste,   425.44 KB ( <1%) overhead. 

Virtual space:
  Non-class space:       84.00 MB reserved,      82.37 MB ( 98%) committed 
      Class space:        1.00 GB reserved,      12.75 MB (  1%) committed 
             Both:        1.08 GB reserved,      95.12 MB (  9%) committed 

Chunk freelists:
   Non-Class:  0 bytes
       Class:  0 bytes
        Both:  0 bytes

MaxMetaspaceSize: 17179869184.00 GB
CompressedClassSpaceSize: 1.00 GB

CodeHeap 'non-profiled nmethods': size=120000Kb used=10114Kb max_used=10114Kb free=109885Kb
 bounds [0x00000169e4ae0000, 0x00000169e54d0000, 0x00000169ec010000]
CodeHeap 'profiled nmethods': size=120000Kb used=32107Kb max_used=32107Kb free=87892Kb
 bounds [0x00000169dd5b0000, 0x00000169df510000, 0x00000169e4ae0000]
CodeHeap 'non-nmethods': size=5760Kb used=2314Kb max_used=2384Kb free=3445Kb
 bounds [0x00000169dd010000, 0x00000169dd280000, 0x00000169dd5b0000]
 total_blobs=15594 nmethods=14691 adapters=813
 compilation: enabled
              stopped_count=0, restarted_count=0
 full_count=0

Compilation events (20 events):
Event: 249.058 Thread 0x00000169f42f7800 nmethod 14714 0x00000169df501110 code [0x00000169df501520, 0x00000169df503178]
Event: 249.058 Thread 0x00000169f42f7800 14715       3       org.jetbrains.kotlin.gradle.plugin.mpp.KotlinUsages$KotlinJavaRuntimeJarsCompatibility::<init> (5 bytes)
Event: 249.058 Thread 0x00000169f42f7800 nmethod 14715 0x00000169df503910 code [0x00000169df503ac0, 0x00000169df503c18]
Event: 249.058 Thread 0x00000169f42f7800 14716       3       org.jetbrains.kotlin.gradle.plugin.mpp.KotlinUsages$KotlinJavaRuntimeJarsCompatibility::execute (9 bytes)
Event: 249.058 Thread 0x00000169f42f7800 nmethod 14716 0x00000169df503d10 code [0x00000169df503ee0, 0x00000169df504108]
Event: 249.058 Thread 0x00000169f42f7800 14717       3       org.jetbrains.kotlin.gradle.plugin.mpp.KotlinUsages$KotlinJavaRuntimeJarsCompatibility::execute (220 bytes)
Event: 249.058 Thread 0x00000169f7170800 nmethod 14719 0x00000169e54bf190 code [0x00000169e54bf340, 0x00000169e54bf5d8]
Event: 249.059 Thread 0x00000169f42f7800 nmethod 14717 0x00000169df504210 code [0x00000169df5045e0, 0x00000169df506198]
Event: 249.059 Thread 0x00000169f42f7800 14718       3       org.jetbrains.kotlin.gradle.plugin.mpp.KotlinUsages::getValues (4 bytes)
Event: 249.059 Thread 0x00000169f42f7800 nmethod 14718 0x00000169df506910 code [0x00000169df506ac0, 0x00000169df506bd8]
Event: 249.068 Thread 0x0000016980b7f800 14720       4       org.gradle.api.internal.artifacts.transform.DefaultTransformerInvocationFactory$ImmutableTransformerExecution::lambda$visitIdentityInputs$0 (53 bytes)
Event: 249.068 Thread 0x00000169f7170800 14721       4       org.gradle.api.internal.artifacts.transform.TransformationStep::createInvocation (92 bytes)
Event: 249.076 Thread 0x0000016980b7f800 nmethod 14720 0x00000169e54bf790 code [0x00000169e54bf960, 0x00000169e54bff78]
Event: 249.076 Thread 0x0000016980b7f800 14722       4       org.gradle.api.internal.artifacts.transform.TransformationStep::lambda$createInvocation$1 (98 bytes)
Event: 249.078 Thread 0x00000169f42f7800 14727   !   3       java.util.concurrent.ConcurrentHashMap::putVal (432 bytes)
Event: 249.080 Thread 0x00000169f42f7800 nmethod 14727 0x00000169df506c90 code [0x00000169df507020, 0x00000169df509158]
Event: 249.086 Thread 0x00000169f42f7800 14729       3       org.gradle.api.internal.artifacts.ivyservice.resolveengine.artifact.ArtifactVisitor::prepareForVisit (4 bytes)
Event: 249.086 Thread 0x00000169f42f7800 nmethod 14729 0x00000169df509c10 code [0x00000169df509dc0, 0x00000169df509ed8]
Event: 249.087 Thread 0x00000169f42f7800 14732       1       com.android.build.gradle.internal.SdkDirectLoadingStrategy$DirectLoadComponents::getPlatform$gradle_core (5 bytes)
Event: 249.087 Thread 0x00000169f42f7800 nmethod 14732 0x00000169e54c0310 code [0x00000169e54c04c0, 0x00000169e54c0578]

GC Heap History (20 events):
Event: 6.786 GC heap before
{Heap before GC invocations=6 (full 0):
 garbage-first heap   total 258048K, used 138194K [0x0000000080000000, 0x0000000100000000)
  region size 1024K, 116 young (118784K), 6 survivors (6144K)
 Metaspace       used 44358K, capacity 45393K, committed 45692K, reserved 1089536K
  class space    used 5692K, capacity 6090K, committed 6144K, reserved 1048576K
}
Event: 6.796 GC heap after
{Heap after GC invocations=7 (full 0):
 garbage-first heap   total 258048K, used 29356K [0x0000000080000000, 0x0000000100000000)
  region size 1024K, 13 young (13312K), 13 survivors (13312K)
 Metaspace       used 44358K, capacity 45393K, committed 45692K, reserved 1089536K
  class space    used 5692K, capacity 6090K, committed 6144K, reserved 1048576K
}
Event: 8.480 GC heap before
{Heap before GC invocations=7 (full 0):
 garbage-first heap   total 258048K, used 164524K [0x0000000080000000, 0x0000000100000000)
  region size 1024K, 136 young (139264K), 13 survivors (13312K)
 Metaspace       used 51610K, capacity 52904K, committed 52988K, reserved 1095680K
  class space    used 6580K, capacity 7040K, committed 7040K, reserved 1048576K
}
Event: 8.492 GC heap after
{Heap after GC invocations=8 (full 0):
 garbage-first heap   total 258048K, used 49461K [0x0000000080000000, 0x0000000100000000)
  region size 1024K, 17 young (17408K), 17 survivors (17408K)
 Metaspace       used 51610K, capacity 52904K, committed 52988K, reserved 1095680K
  class space    used 6580K, capacity 7040K, committed 7040K, reserved 1048576K
}
Event: 9.212 GC heap before
{Heap before GC invocations=8 (full 0):
 garbage-first heap   total 258048K, used 93493K [0x0000000080000000, 0x0000000100000000)
  region size 1024K, 61 young (62464K), 17 survivors (17408K)
 Metaspace       used 58324K, capacity 59782K, committed 59900K, reserved 1101824K
  class space    used 7423K, capacity 7965K, committed 8064K, reserved 1048576K
}
Event: 9.233 GC heap after
{Heap after GC invocations=9 (full 0):
 garbage-first heap   total 258048K, used 53361K [0x0000000080000000, 0x0000000100000000)
  region size 1024K, 4 young (4096K), 4 survivors (4096K)
 Metaspace       used 58324K, capacity 59782K, committed 59900K, reserved 1101824K
  class space    used 7423K, capacity 7965K, committed 8064K, reserved 1048576K
}
Event: 10.530 GC heap before
{Heap before GC invocations=10 (full 0):
 garbage-first heap   total 258048K, used 151665K [0x0000000080000000, 0x0000000100000000)
  region size 1024K, 100 young (102400K), 4 survivors (4096K)
 Metaspace       used 67133K, capacity 68614K, committed 68732K, reserved 1110016K
  class space    used 8535K, capacity 9099K, committed 9216K, reserved 1048576K
}
Event: 10.537 GC heap after
{Heap after GC invocations=11 (full 0):
 garbage-first heap   total 258048K, used 58728K [0x0000000080000000, 0x0000000100000000)
  region size 1024K, 9 young (9216K), 9 survivors (9216K)
 Metaspace       used 67133K, capacity 68614K, committed 68732K, reserved 1110016K
  class space    used 8535K, capacity 9099K, committed 9216K, reserved 1048576K
}
Event: 12.068 GC heap before
{Heap before GC invocations=11 (full 0):
 garbage-first heap   total 258048K, used 161128K [0x0000000080000000, 0x0000000100000000)
  region size 1024K, 109 young (111616K), 9 survivors (9216K)
 Metaspace       used 74734K, capacity 76460K, committed 76540K, reserved 1116160K
  class space    used 9690K, capacity 10341K, committed 10368K, reserved 1048576K
}
Event: 12.080 GC heap after
{Heap after GC invocations=12 (full 0):
 garbage-first heap   total 258048K, used 66149K [0x0000000080000000, 0x0000000100000000)
  region size 1024K, 14 young (14336K), 14 survivors (14336K)
 Metaspace       used 74734K, capacity 76460K, committed 76540K, reserved 1116160K
  class space    used 9690K, capacity 10341K, committed 10368K, reserved 1048576K
}
Event: 14.016 GC heap before
{Heap before GC invocations=12 (full 0):
 garbage-first heap   total 258048K, used 170597K [0x0000000080000000, 0x0000000100000000)
  region size 1024K, 116 young (118784K), 14 survivors (14336K)
 Metaspace       used 84392K, capacity 86366K, committed 86524K, reserved 1124352K
  class space    used 11047K, capacity 11801K, committed 11904K, reserved 1048576K
}
Event: 14.035 GC heap after
{Heap after GC invocations=13 (full 0):
 garbage-first heap   total 258048K, used 73589K [0x0000000080000000, 0x0000000100000000)
  region size 1024K, 15 young (15360K), 15 survivors (15360K)
 Metaspace       used 84392K, capacity 86366K, committed 86524K, reserved 1124352K
  class space    used 11047K, capacity 11801K, committed 11904K, reserved 1048576K
}
Event: 15.252 GC heap before
{Heap before GC invocations=13 (full 0):
 garbage-first heap   total 258048K, used 178037K [0x0000000080000000, 0x0000000100000000)
  region size 1024K, 118 young (120832K), 15 survivors (15360K)
 Metaspace       used 86117K, capacity 88220K, committed 88572K, reserved 1126400K
  class space    used 11231K, capacity 12039K, committed 12160K, reserved 1048576K
}
Event: 15.268 GC heap after
{Heap after GC invocations=14 (full 0):
 garbage-first heap   total 258048K, used 81528K [0x0000000080000000, 0x0000000100000000)
  region size 1024K, 15 young (15360K), 15 survivors (15360K)
 Metaspace       used 86117K, capacity 88220K, committed 88572K, reserved 1126400K
  class space    used 11231K, capacity 12039K, committed 12160K, reserved 1048576K
}
Event: 16.525 GC heap before
{Heap before GC invocations=14 (full 0):
 garbage-first heap   total 258048K, used 185976K [0x0000000080000000, 0x0000000100000000)
  region size 1024K, 118 young (120832K), 15 survivors (15360K)
 Metaspace       used 91917K, capacity 94032K, committed 94076K, reserved 1130496K
  class space    used 11938K, capacity 12768K, committed 12800K, reserved 1048576K
}
Event: 16.542 GC heap after
{Heap after GC invocations=15 (full 0):
 garbage-first heap   total 258048K, used 87531K [0x0000000080000000, 0x0000000100000000)
  region size 1024K, 14 young (14336K), 14 survivors (14336K)
 Metaspace       used 91917K, capacity 94032K, committed 94076K, reserved 1130496K
  class space    used 11938K, capacity 12768K, committed 12800K, reserved 1048576K
}
Event: 55.713 GC heap before
{Heap before GC invocations=15 (full 0):
 garbage-first heap   total 258048K, used 191979K [0x0000000080000000, 0x0000000100000000)
  region size 1024K, 117 young (119808K), 14 survivors (14336K)
 Metaspace       used 93521K, capacity 95720K, committed 95868K, reserved 1132544K
  class space    used 12080K, capacity 12934K, committed 13056K, reserved 1048576K
}
Event: 55.732 GC heap after
{Heap after GC invocations=16 (full 0):
 garbage-first heap   total 258048K, used 96045K [0x0000000080000000, 0x0000000100000000)
  region size 1024K, 15 young (15360K), 15 survivors (15360K)
 Metaspace       used 93521K, capacity 95720K, committed 95868K, reserved 1132544K
  class space    used 12080K, capacity 12934K, committed 13056K, reserved 1048576K
}
Event: 91.479 GC heap before
{Heap before GC invocations=16 (full 0):
 garbage-first heap   total 258048K, used 195373K [0x0000000080000000, 0x0000000100000000)
  region size 1024K, 113 young (115712K), 15 survivors (15360K)
 Metaspace       used 94410K, capacity 96681K, committed 96892K, reserved 1132544K
  class space    used 12112K, capacity 12988K, committed 13056K, reserved 1048576K
}
Event: 91.492 GC heap after
{Heap after GC invocations=17 (full 0):
 garbage-first heap   total 258048K, used 99507K [0x0000000080000000, 0x0000000100000000)
  region size 1024K, 9 young (9216K), 9 survivors (9216K)
 Metaspace       used 94410K, capacity 96681K, committed 96892K, reserved 1132544K
  class space    used 12112K, capacity 12988K, committed 13056K, reserved 1048576K
}

Deoptimization events (20 events):
Event: 248.406 Thread 0x00000169f821a000 DEOPT PACKING pc=0x00000169df0575b0 sp=0x00000008e9ff9a20
Event: 248.407 Thread 0x00000169f821a000 DEOPT UNPACKING pc=0x00000169dd037c0e sp=0x00000008e9ff8f60 mode 0
Event: 248.407 Thread 0x00000169f821a000 DEOPT PACKING pc=0x00000169df054129 sp=0x00000008e9ff9aa0
Event: 248.407 Thread 0x00000169f821a000 DEOPT UNPACKING pc=0x00000169dd037c0e sp=0x00000008e9ff8f68 mode 0
Event: 248.408 Thread 0x00000169f821a000 DEOPT PACKING pc=0x00000169df0575b0 sp=0x00000008e9ff9950
Event: 248.408 Thread 0x00000169f821a000 DEOPT UNPACKING pc=0x00000169dd037c0e sp=0x00000008e9ff8e90 mode 0
Event: 248.409 Thread 0x00000169f821a000 DEOPT PACKING pc=0x00000169df054129 sp=0x00000008e9ff9aa0
Event: 248.409 Thread 0x00000169f821a000 DEOPT UNPACKING pc=0x00000169dd037c0e sp=0x00000008e9ff8f68 mode 0
Event: 248.496 Thread 0x00000169f821a000 Uncommon trap: trap_request=0xffffffde fr.pc=0x00000169e50b8a78 relative=0x00000000000000b8
Event: 248.496 Thread 0x00000169f821a000 Uncommon trap: reason=class_check action=maybe_recompile pc=0x00000169e50b8a78 method=java.util.stream.ReferencePipeline$4$1.accept(Ljava/lang/Object;)V @ 12 c2
Event: 248.497 Thread 0x00000169f821a000 DEOPT PACKING pc=0x00000169e50b8a78 sp=0x00000008e9ffbb60
Event: 248.497 Thread 0x00000169f821a000 DEOPT UNPACKING pc=0x00000169dd0183af sp=0x00000008e9ffbae0 mode 2
Event: 248.642 Thread 0x00000169f7266000 Uncommon trap: trap_request=0xffffffc6 fr.pc=0x00000169e4cd2950 relative=0x00000000000008f0
Event: 248.642 Thread 0x00000169f7266000 Uncommon trap: reason=bimorphic_or_optimized_type_check action=maybe_recompile pc=0x00000169e4cd2950 method=java.lang.Throwable.<init>(Ljava/lang/String;Ljava/lang/Throwable;)V @ 24 c2
Event: 248.642 Thread 0x00000169f7266000 DEOPT PACKING pc=0x00000169e4cd2950 sp=0x00000008f10fb270
Event: 248.642 Thread 0x00000169f7266000 DEOPT UNPACKING pc=0x00000169dd0183af sp=0x00000008f10fb238 mode 2
Event: 249.078 Thread 0x00000169f5ee6800 Uncommon trap: trap_request=0xffffff4d fr.pc=0x00000169e5385b70 relative=0x0000000000001bf0
Event: 249.078 Thread 0x00000169f5ee6800 Uncommon trap: reason=unstable_if action=reinterpret pc=0x00000169e5385b70 method=java.util.concurrent.ConcurrentHashMap.sumCount()J @ 41 c2
Event: 249.078 Thread 0x00000169f5ee6800 DEOPT PACKING pc=0x00000169e5385b70 sp=0x00000008f16f9ac0
Event: 249.078 Thread 0x00000169f5ee6800 DEOPT UNPACKING pc=0x00000169dd0183af sp=0x00000008f16f98f8 mode 2

Classes redefined (0 events):
No events

Internal exceptions (20 events):
Event: 56.333 Thread 0x00000169f6071800 Exception <a 'sun/nio/fs/WindowsException'{0x000000008f6ab0e0}> (0x000000008f6ab0e0) thrown at [./src/hotspot/share/prims/jni.cpp, line 615]
Event: 56.333 Thread 0x00000169f6071800 Exception <a 'sun/nio/fs/WindowsException'{0x000000008f6ab160}> (0x000000008f6ab160) thrown at [./src/hotspot/share/prims/jni.cpp, line 615]
Event: 56.333 Thread 0x00000169f6071800 Exception <a 'sun/nio/fs/WindowsException'{0x000000008f6acb00}> (0x000000008f6acb00) thrown at [./src/hotspot/share/prims/jni.cpp, line 615]
Event: 91.005 Thread 0x00000169f6071800 Exception <a 'sun/nio/fs/WindowsException'{0x000000008b87a440}> (0x000000008b87a440) thrown at [./src/hotspot/share/prims/jni.cpp, line 615]
Event: 91.110 Thread 0x00000169f6071800 Exception <a 'sun/nio/fs/WindowsException'{0x000000008ae864c0}> (0x000000008ae864c0) thrown at [./src/hotspot/share/prims/jni.cpp, line 615]
Event: 91.117 Thread 0x00000169f6071800 Exception <a 'sun/nio/fs/WindowsException'{0x000000008ad23018}> (0x000000008ad23018) thrown at [./src/hotspot/share/prims/jni.cpp, line 615]
Event: 91.117 Thread 0x00000169f6071800 Exception <a 'sun/nio/fs/WindowsException'{0x000000008ad243d0}> (0x000000008ad243d0) thrown at [./src/hotspot/share/prims/jni.cpp, line 615]
Event: 91.118 Thread 0x00000169f6071800 Exception <a 'sun/nio/fs/WindowsException'{0x000000008ad257d8}> (0x000000008ad257d8) thrown at [./src/hotspot/share/prims/jni.cpp, line 615]
Event: 91.118 Thread 0x00000169f6071800 Exception <a 'sun/nio/fs/WindowsException'{0x000000008ad26be0}> (0x000000008ad26be0) thrown at [./src/hotspot/share/prims/jni.cpp, line 615]
Event: 91.819 Thread 0x00000169f6071800 Exception <a 'sun/nio/fs/WindowsException'{0x000000008fbe2728}> (0x000000008fbe2728) thrown at [./src/hotspot/share/prims/jni.cpp, line 615]
Event: 91.819 Thread 0x00000169f6071800 Exception <a 'sun/nio/fs/WindowsException'{0x000000008fbe27a8}> (0x000000008fbe27a8) thrown at [./src/hotspot/share/prims/jni.cpp, line 615]
Event: 91.819 Thread 0x00000169f6071800 Exception <a 'sun/nio/fs/WindowsException'{0x000000008fbe4148}> (0x000000008fbe4148) thrown at [./src/hotspot/share/prims/jni.cpp, line 615]
Event: 248.107 Thread 0x00000169f821a000 Exception <a 'sun/nio/fs/WindowsException'{0x000000008c8b65b0}> (0x000000008c8b65b0) thrown at [./src/hotspot/share/prims/jni.cpp, line 615]
Event: 248.136 Thread 0x00000169f821a000 Implicit null exception at 0x00000169e5396161 to 0x00000169e5396268
Event: 248.381 Thread 0x00000169f821a000 Exception <a 'sun/nio/fs/WindowsException'{0x000000008bb48750}> (0x000000008bb48750) thrown at [./src/hotspot/share/prims/jni.cpp, line 615]
Event: 248.399 Thread 0x00000169f821a000 Exception <a 'sun/nio/fs/WindowsException'{0x000000008bbeedd0}> (0x000000008bbeedd0) thrown at [./src/hotspot/share/prims/jni.cpp, line 615]
Event: 248.400 Thread 0x00000169f821a000 Exception <a 'sun/nio/fs/WindowsException'{0x000000008bbf0188}> (0x000000008bbf0188) thrown at [./src/hotspot/share/prims/jni.cpp, line 615]
Event: 248.400 Thread 0x00000169f821a000 Exception <a 'sun/nio/fs/WindowsException'{0x000000008bbf17d8}> (0x000000008bbf17d8) thrown at [./src/hotspot/share/prims/jni.cpp, line 615]
Event: 248.400 Thread 0x00000169f821a000 Exception <a 'sun/nio/fs/WindowsException'{0x000000008bbf2be0}> (0x000000008bbf2be0) thrown at [./src/hotspot/share/prims/jni.cpp, line 615]
Event: 249.078 Thread 0x00000169f5ee6800 Implicit null exception at 0x00000169e5384d4a to 0x00000169e5385b48

Events (20 events):
Event: 248.973 Executing VM operation: RevokeBias
Event: 248.974 Executing VM operation: RevokeBias done
Event: 248.974 Executing VM operation: RevokeBias
Event: 248.975 Executing VM operation: RevokeBias done
Event: 248.975 Executing VM operation: RevokeBias
Event: 248.975 Executing VM operation: RevokeBias done
Event: 249.008 Executing VM operation: RevokeBias
Event: 249.009 Executing VM operation: RevokeBias done
Event: 249.011 Executing VM operation: RevokeBias
Event: 249.011 Executing VM operation: RevokeBias done
Event: 249.011 Executing VM operation: RevokeBias
Event: 249.012 Executing VM operation: RevokeBias done
Event: 249.013 Executing VM operation: RevokeBias
Event: 249.014 Executing VM operation: RevokeBias done
Event: 249.085 Executing VM operation: RevokeBias
Event: 249.085 Executing VM operation: RevokeBias done
Event: 249.115 Executing VM operation: RevokeBias
Event: 249.115 Executing VM operation: RevokeBias done
Event: 249.116 Executing VM operation: RevokeBias
Event: 249.116 Executing VM operation: RevokeBias done


Dynamic libraries:
0x00007ff7fc5b0000 - 0x00007ff7fc5ba000 	C:\Program Files\Android\Android Studio\jre\bin\java.exe
0x00007ffb42c10000 - 0x00007ffb42e05000 	C:\windows\SYSTEM32\ntdll.dll
0x00007ffb40dc0000 - 0x00007ffb40e7e000 	C:\windows\System32\KERNEL32.DLL
0x00007ffb40770000 - 0x00007ffb40a38000 	C:\windows\System32\KERNELBASE.dll
0x00007ffb404e0000 - 0x00007ffb405e0000 	C:\windows\System32\ucrtbase.dll
0x00007ffb117c0000 - 0x00007ffb117d7000 	C:\Program Files\Android\Android Studio\jre\bin\VCRUNTIME140.dll
0x00007ffb35250000 - 0x00007ffb35269000 	C:\Program Files\Android\Android Studio\jre\bin\jli.dll
0x00007ffb42a30000 - 0x00007ffb42bd0000 	C:\windows\System32\USER32.dll
0x00007ffb264c0000 - 0x00007ffb2675a000 	C:\windows\WinSxS\amd64_microsoft.windows.common-controls_6595b64144ccf1df_6.0.19041.1110_none_60b5254171f9507e\COMCTL32.dll
0x00007ffb405e0000 - 0x00007ffb40602000 	C:\windows\System32\win32u.dll
0x00007ffb41580000 - 0x00007ffb4161e000 	C:\windows\System32\msvcrt.dll
0x00007ffb412f0000 - 0x00007ffb4131a000 	C:\windows\System32\GDI32.dll
0x00007ffb40b10000 - 0x00007ffb40c1b000 	C:\windows\System32\gdi32full.dll
0x00007ffb40a40000 - 0x00007ffb40add000 	C:\windows\System32\msvcp_win.dll
0x00007ffb40c70000 - 0x00007ffb40ca0000 	C:\windows\System32\IMM32.DLL
0x00007ffb3f090000 - 0x00007ffb3f192000 	C:\Program Files\Avecto\Privilege Guard Client\PGHook.dll
0x00007ffb42400000 - 0x00007ffb424ae000 	C:\windows\System32\ADVAPI32.dll
0x00007ffb41140000 - 0x00007ffb411dc000 	C:\windows\System32\sechost.dll
0x00007ffb42520000 - 0x00007ffb42645000 	C:\windows\System32\RPCRT4.dll
0x0000000068000000 - 0x0000000068072000 	C:\windows\System32\QIPCAP64.dll
0x00007ffb41690000 - 0x00007ffb41dd4000 	C:\windows\System32\SHELL32.dll
0x00007ffb3f7f0000 - 0x00007ffb3f8bb000 	C:\windows\SYSTEM32\DNSAPI.dll
0x00007ffb3f7a0000 - 0x00007ffb3f7db000 	C:\windows\SYSTEM32\IPHLPAPI.DLL
0x00007ffb41620000 - 0x00007ffb41628000 	C:\windows\System32\NSI.dll
0x00007ffb01640000 - 0x00007ffb016dd000 	C:\Program Files\Android\Android Studio\jre\bin\msvcp140.dll
0x00007ffae9a80000 - 0x00007ffaea555000 	C:\Program Files\Android\Android Studio\jre\bin\server\jvm.dll
0x00007ffb42510000 - 0x00007ffb42518000 	C:\windows\System32\PSAPI.DLL
0x00007ffb1eb90000 - 0x00007ffb1eb99000 	C:\windows\SYSTEM32\WSOCK32.dll
0x00007ffb413b0000 - 0x00007ffb4141b000 	C:\windows\System32\WS2_32.dll
0x00007ffb31a30000 - 0x00007ffb31a57000 	C:\windows\SYSTEM32\WINMM.dll
0x00007ffb33800000 - 0x00007ffb3380a000 	C:\windows\SYSTEM32\VERSION.dll
0x00007ffb3ee70000 - 0x00007ffb3ee82000 	C:\windows\SYSTEM32\kernel.appcore.dll
0x00007ffb34180000 - 0x00007ffb34191000 	C:\Program Files\Android\Android Studio\jre\bin\verify.dll
0x00007ffb3ea40000 - 0x00007ffb3ec24000 	C:\windows\SYSTEM32\DBGHELP.DLL
0x00007ffb1a540000 - 0x00007ffb1a56c000 	C:\windows\SYSTEM32\dbgcore.DLL
0x00007ffb40330000 - 0x00007ffb403b2000 	C:\windows\System32\bcryptPrimitives.dll
0x00007ffb24680000 - 0x00007ffb246a9000 	C:\Program Files\Android\Android Studio\jre\bin\java.dll
0x00007ffb353f0000 - 0x00007ffb353fb000 	C:\Program Files\Android\Android Studio\jre\bin\jimage.dll
0x00007ffb26fb0000 - 0x00007ffb26fc8000 	C:\Program Files\Android\Android Studio\jre\bin\zip.dll
0x00007ffb3a2d0000 - 0x00007ffb3aa64000 	C:\windows\SYSTEM32\windows.storage.dll
0x00000169f46f0000 - 0x00000169f4a44000 	C:\windows\System32\combase.dll
0x00007ffb3fda0000 - 0x00007ffb3fdcc000 	C:\windows\SYSTEM32\Wldp.dll
0x00007ffb40e80000 - 0x00007ffb40f2d000 	C:\windows\System32\SHCORE.dll
0x00007ffb410e0000 - 0x00007ffb41135000 	C:\windows\System32\shlwapi.dll
0x00007ffb40270000 - 0x00007ffb4028f000 	C:\windows\SYSTEM32\profapi.dll
0x00007ffb26a00000 - 0x00007ffb26a1a000 	C:\Program Files\Android\Android Studio\jre\bin\net.dll
0x00007ffb3f390000 - 0x00007ffb3f49a000 	C:\windows\SYSTEM32\WINHTTP.dll
0x00007ffb3fb00000 - 0x00007ffb3fb6a000 	C:\windows\system32\mswsock.dll
0x00007ffb262a0000 - 0x00007ffb262b4000 	C:\Program Files\Android\Android Studio\jre\bin\nio.dll
0x00007ffb34ff0000 - 0x00007ffb35017000 	C:\Users\alvaro.albarracin\.gradle\native\e1d6ef7f7dcc3fd88c89a11ec53ec762bb8ba0a96d01ffa2cd45eb1d1d8dd5c5\windows-amd64\native-platform.dll
0x00007ffaeb560000 - 0x00007ffaeb6a4000 	C:\Users\alvaro.albarracin\.gradle\native\5664cfc778a61ccfe75a443a1ab52a65af34e5dc3c78e0209fed803814484fcb\windows-amd64\native-platform-file-events.dll
0x00007ffb26250000 - 0x00007ffb2625a000 	C:\Program Files\Android\Android Studio\jre\bin\management.dll
0x00007ffb25e00000 - 0x00007ffb25e0d000 	C:\Program Files\Android\Android Studio\jre\bin\management_ext.dll
0x00007ffb3fcf0000 - 0x00007ffb3fd08000 	C:\windows\SYSTEM32\CRYPTSP.dll
0x00007ffb3f300000 - 0x00007ffb3f334000 	C:\windows\system32\rsaenh.dll
0x00007ffb40ae0000 - 0x00007ffb40b07000 	C:\windows\System32\bcrypt.dll
0x00007ffb401f0000 - 0x00007ffb4021e000 	C:\windows\SYSTEM32\USERENV.dll
0x00007ffb3fd10000 - 0x00007ffb3fd1c000 	C:\windows\SYSTEM32\CRYPTBASE.dll
0x00007ffb35490000 - 0x00007ffb354a7000 	C:\windows\SYSTEM32\dhcpcsvc6.DLL
0x00007ffb35470000 - 0x00007ffb3548d000 	C:\windows\SYSTEM32\dhcpcsvc.DLL

dbghelp: loaded successfully - version: 4.0.5 - missing functions: none
symbol engine: initialized successfully - sym options: 0x614 - pdb path: .;C:\Program Files\Android\Android Studio\jre\bin;C:\windows\SYSTEM32;C:\windows\WinSxS\amd64_microsoft.windows.common-controls_6595b64144ccf1df_6.0.19041.1110_none_60b5254171f9507e;C:\Program Files\Avecto\Privilege Guard Client;C:\Program Files\Android\Android Studio\jre\bin\server;C:\Users\alvaro.albarracin\.gradle\native\e1d6ef7f7dcc3fd88c89a11ec53ec762bb8ba0a96d01ffa2cd45eb1d1d8dd5c5\windows-amd64;C:\Users\alvaro.albarracin\.gradle\native\5664cfc778a61ccfe75a443a1ab52a65af34e5dc3c78e0209fed803814484fcb\windows-amd64

VM Arguments:
jvm_args: --add-opens=java.base/java.util=ALL-UNNAMED --add-opens=java.base/java.lang=ALL-UNNAMED --add-opens=java.base/java.lang.invoke=ALL-UNNAMED --add-opens=java.base/java.util=ALL-UNNAMED --add-opens=java.prefs/java.util.prefs=ALL-UNNAMED --add-opens=java.prefs/java.util.prefs=ALL-UNNAMED --add-opens=java.base/java.nio.charset=ALL-UNNAMED --add-opens=java.base/java.net=ALL-UNNAMED --add-opens=java.base/java.util.concurrent.atomic=ALL-UNNAMED -Xmx2048m -Dfile.encoding=UTF-8 -Duser.country=ES -Duser.language=es -Duser.variant 
java_command: org.gradle.launcher.daemon.bootstrap.GradleDaemon 7.2
java_class_path (initial): C:\Users\alvaro.albarracin\.gradle\wrapper\dists\gradle-7.2-bin\2dnblmf4td7x66yl1d74lt32g\gradle-7.2\lib\gradle-launcher-7.2.jar
Launcher Type: SUN_STANDARD

[Global flags]
     intx CICompilerCount                          = 4                                         {product} {ergonomic}
     uint ConcGCThreads                            = 2                                         {product} {ergonomic}
     uint G1ConcRefinementThreads                  = 8                                         {product} {ergonomic}
   size_t G1HeapRegionSize                         = 1048576                                   {product} {ergonomic}
    uintx GCDrainStackTargetSize                   = 64                                        {product} {ergonomic}
   size_t InitialHeapSize                          = 264241152                                 {product} {ergonomic}
   size_t MarkStackSize                            = 4194304                                   {product} {ergonomic}
   size_t MaxHeapSize                              = 2147483648                                {product} {command line}
   size_t MaxNewSize                               = 1287651328                                {product} {ergonomic}
   size_t MinHeapDeltaBytes                        = 1048576                                   {product} {ergonomic}
    uintx NonNMethodCodeHeapSize                   = 5836300                                {pd product} {ergonomic}
    uintx NonProfiledCodeHeapSize                  = 122910970                              {pd product} {ergonomic}
    uintx ProfiledCodeHeapSize                     = 122910970                              {pd product} {ergonomic}
    uintx ReservedCodeCacheSize                    = 251658240                              {pd product} {ergonomic}
     bool SegmentedCodeCache                       = true                                      {product} {ergonomic}
     bool UseCompressedClassPointers               = true                                 {lp64_product} {ergonomic}
     bool UseCompressedOops                        = true                                 {lp64_product} {ergonomic}
     bool UseG1GC                                  = true                                      {product} {ergonomic}
     bool UseLargePagesIndividualAllocation        = false                                  {pd product} {ergonomic}

Logging:
Log output configuration:
 #0: stdout all=warning uptime,level,tags
 #1: stderr all=off uptime,level,tags

Environment Variables:
JAVA_HOME=C:\Program Files\Java\jdk-11.0.13
PATH=C:\Program Files\Common Files\Oracle\Java\javapath;C:\windows\system32;C:\windows;C:\windows\System32\Wbem;C:\windows\System32\WindowsPowerShell\v1.0\;C:\windows\System32\OpenSSH\;C:\Program Files (x86)\Pulse Secure\VC142.CRT\X64\;C:\Program Files (x86)\Pulse Secure\VC142.CRT\X86\;C:\Program Files (x86)\Common Files\Pulse Secure\VC142.CRT\X64\;C:\Program Files (x86)\Common Files\Pulse Secure\VC142.CRT\X86\;C:\Program Files\nodejs\;C:\Program Files\Java\jdk-11.0.13;C:\Users\alvaro.albarracin\OneDrive - Accenture\Documentos\gradle-6.8.2\bin;C:\Users\alvaro.albarracin\AppData\Local\Microsoft\WindowsApps;C:\Users\alvaro.albarracin\AppData\Local\Programs\Microsoft VS Code\bin;C:\Users\alvaro.albarracin\AppData\Local\Programs\Git\cmd;C:\Users\alvaro.albarracin\AppData\Roaming\npm;C:\Users\alvaro.albarracin\AppData\Local\GitHubDesktop\bin;C:\Users\alvaro.albarracin\AppData\Local\Android\Sdk;
USERNAME=alvaro.albarracin
OS=Windows_NT
PROCESSOR_IDENTIFIER=Intel64 Family 6 Model 140 Stepping 1, GenuineIntel



---------------  S Y S T E M  ---------------

OS: Windows 10 , 64 bit Build 19041 (10.0.19041.1645)
OS uptime: 0 days 7:24 hours

CPU:total 8 (initial active 8) (4 cores per cpu, 2 threads per core) family 6 model 140 stepping 1 microcode 0x9a, cmov, cx8, fxsr, mmx, sse, sse2, sse3, ssse3, sse4.1, sse4.2, popcnt, avx, avx2, aes, clmul, erms, 3dnowpref, lzcnt, ht, tsc, tscinvbit, bmi1, bmi2, adx, evex, sha, fma

Memory: 4k page, system-wide physical 16064M (603M free)
TotalPageFile size 46205M (AvailPageFile size 6M)
current process WorkingSet (physical memory assigned to process): 543M, peak: 563M
current process commit charge ("private bytes"): 596M, peak: 615M

vm_info: OpenJDK 64-Bit Server VM (11.0.11+9-b60-7590822) for windows-amd64 JRE (11.0.11+9-b60-7590822), built on Jul 29 2021 21:43:44 by "builder" with MS VC++ 14.0 (VS2015)

END.
